#
# There is insufficient memory for the Java Runtime Environment to continue.
# Native memory allocation (malloc) failed to allocate 32744 bytes for ChunkPool::allocate
# Possible reasons:
#   The system is out of physical RAM or swap space
#   The process is running with CompressedOops enabled, and the Java Heap may be blocking the growth of the native heap
# Possible solutions:
#   Reduce memory load on the system
#   Increase physical memory or swap space
#   Check if swap backing store is full
#   Decrease Java heap size (-Xmx/-Xms)
#   Decrease number of Java threads
#   Decrease Java thread stack sizes (-Xss)
#   Set larger code cache with -XX:ReservedCodeCacheSize=
#   JVM is running with Zero Based Compressed Oops mode in which the Java heap is
#     placed in the first 32GB address space. The Java Heap base address is the
#     maximum limit for the native heap growth. Please use -XX:HeapBaseMinAddress
#     to set the Java Heap base and to place the Java Heap above 32GB virtual address.
# This output file may be truncated or incomplete.
#
#  Out of Memory Error (arena.cpp:78), pid=9072, tid=30028
#
# JRE version: Java(TM) SE Runtime Environment (17.0.12+8) (build 17.0.12+8-LTS-286)
# Java VM: Java HotSpot(TM) 64-Bit Server VM (17.0.12+8-LTS-286, mixed mode, sharing, tiered, compressed oops, compressed class ptrs, g1 gc, windows-amd64)
# No core dump will be written. Minidumps are not enabled by default on client versions of Windows
#

---------------  S U M M A R Y ------------

Command Line: -XX:+ShowCodeDetailsInExceptionMessages CBL.gitProject.MainMenu

Host: 13th Gen Intel(R) Core(TM) i5-13500H, 16 cores, 31G,  Windows 11 , 64 bit Build 22621 (10.0.22621.3958)
Time: Wed Oct 16 05:03:21 2024  Windows 11 , 64 bit Build 22621 (10.0.22621.3958) elapsed time: 103908.342989 seconds (1d 4h 51m 48s)

---------------  T H R E A D  ---------------

Current thread (0x000002947c177100):  JavaThread "C2 CompilerThread0" daemon [_thread_in_native, id=30028, stack(0x000000a4a1400000,0x000000a4a1500000)]


Current CompileTask:
C2:103908343 2146       4       java.util.HashMap$HashIterator::nextNode (100 bytes)

Stack: [0x000000a4a1400000,0x000000a4a1500000]
Native frames: (J=compiled Java code, j=interpreted, Vv=VM code, C=native code)
V  [jvm.dll+0x67a04a]
V  [jvm.dll+0x7da4ed]
V  [jvm.dll+0x7dbe33]
V  [jvm.dll+0x7dc4a3]
V  [jvm.dll+0x24508f]
V  [jvm.dll+0xab9a4]
V  [jvm.dll+0xabd3c]
V  [jvm.dll+0x11e324]
V  [jvm.dll+0x60e1a3]
V  [jvm.dll+0x60c84a]
V  [jvm.dll+0x2166be]
V  [jvm.dll+0x215c6f]
V  [jvm.dll+0x1a2960]
V  [jvm.dll+0x22610b]
V  [jvm.dll+0x2242ab]
V  [jvm.dll+0x79075c]
V  [jvm.dll+0x78abea]
V  [jvm.dll+0x678f35]
C  [ucrtbase.dll+0x29333]
C  [KERNEL32.DLL+0x1257d]
C  [ntdll.dll+0x5af08]


---------------  P R O C E S S  ---------------

Threads class SMR info:
_java_thread_list=0x00000294653bdfd0, length=16, elements={
0x000002947c159390, 0x000002947c15a210, 0x000002947c1712c0, 0x000002947c172da0,
0x000002947c175b80, 0x000002947c176450, 0x000002947c177100, 0x000002947c17afc0,
0x000002947c17e8f0, 0x00000294601a5640, 0x00000294601b7d10, 0x00000294603bec70,
0x0000029460391fb0, 0x00000294603cba10, 0x000002946508c080, 0x000002946eacecd0
}

Java Threads: ( => current thread )
  0x000002947c159390 JavaThread "Reference Handler" daemon [_thread_blocked, id=10596, stack(0x000000a4a0e00000,0x000000a4a0f00000)]
  0x000002947c15a210 JavaThread "Finalizer" daemon [_thread_blocked, id=36696, stack(0x000000a4a0f00000,0x000000a4a1000000)]
  0x000002947c1712c0 JavaThread "Signal Dispatcher" daemon [_thread_blocked, id=13248, stack(0x000000a4a1000000,0x000000a4a1100000)]
  0x000002947c172da0 JavaThread "Attach Listener" daemon [_thread_blocked, id=33720, stack(0x000000a4a1100000,0x000000a4a1200000)]
  0x000002947c175b80 JavaThread "Service Thread" daemon [_thread_blocked, id=30456, stack(0x000000a4a1200000,0x000000a4a1300000)]
  0x000002947c176450 JavaThread "Monitor Deflation Thread" daemon [_thread_blocked, id=21164, stack(0x000000a4a1300000,0x000000a4a1400000)]
=>0x000002947c177100 JavaThread "C2 CompilerThread0" daemon [_thread_in_native, id=30028, stack(0x000000a4a1400000,0x000000a4a1500000)]
  0x000002947c17afc0 JavaThread "C1 CompilerThread0" daemon [_thread_blocked, id=1176, stack(0x000000a4a1500000,0x000000a4a1600000)]
  0x000002947c17e8f0 JavaThread "Sweeper thread" daemon [_thread_blocked, id=23860, stack(0x000000a4a1600000,0x000000a4a1700000)]
  0x00000294601a5640 JavaThread "Notification Thread" daemon [_thread_blocked, id=20048, stack(0x000000a4a1900000,0x000000a4a1a00000)]
  0x00000294601b7d10 JavaThread "Common-Cleaner" daemon [_thread_blocked, id=11384, stack(0x000000a4a1b00000,0x000000a4a1c00000)]
  0x00000294603bec70 JavaThread "Java2D Disposer" daemon [_thread_blocked, id=14916, stack(0x000000a4a1c00000,0x000000a4a1d00000)]
  0x0000029460391fb0 JavaThread "AWT-Shutdown" [_thread_blocked, id=29920, stack(0x000000a4a1d00000,0x000000a4a1e00000)]
  0x00000294603cba10 JavaThread "AWT-Windows" daemon [_thread_in_native, id=19340, stack(0x000000a4a1e00000,0x000000a4a1f00000)]
  0x000002946508c080 JavaThread "AWT-EventQueue-0" [_thread_in_vm, id=36184, stack(0x000000a4a1f00000,0x000000a4a2000000)]
  0x000002946eacecd0 JavaThread "DestroyJavaVM" [_thread_blocked, id=21880, stack(0x000000a4a0700000,0x000000a4a0800000)]

Other Threads:
  0x000002947c154380 VMThread "VM Thread" [stack: 0x000000a4a0d00000,0x000000a4a0e00000] [id=27784]
  0x00000294601aa850 WatcherThread [stack: 0x000000a4a1a00000,0x000000a4a1b00000] [id=9328]
  0x000002946eb7f940 GCTaskThread "GC Thread#0" [stack: 0x000000a4a0800000,0x000000a4a0900000] [id=32624]
  0x0000029465bab900 GCTaskThread "GC Thread#1" [stack: 0x000000a4a2300000,0x000000a4a2400000] [id=10308]
  0x0000029465babbc0 GCTaskThread "GC Thread#2" [stack: 0x000000a4a2400000,0x000000a4a2500000] [id=37136]
  0x00000294652c3210 GCTaskThread "GC Thread#3" [stack: 0x000000a4a2500000,0x000000a4a2600000] [id=22000]
  0x00000294652c34d0 GCTaskThread "GC Thread#4" [stack: 0x000000a4a2600000,0x000000a4a2700000] [id=6660]
  0x00000294652c3790 GCTaskThread "GC Thread#5" [stack: 0x000000a4a2700000,0x000000a4a2800000] [id=12920]
  0x00000294652c3a50 GCTaskThread "GC Thread#6" [stack: 0x000000a4a2800000,0x000000a4a2900000] [id=35276]
  0x00000294652c3d10 GCTaskThread "GC Thread#7" [stack: 0x000000a4a2900000,0x000000a4a2a00000] [id=23828]
  0x00000294652c3fd0 GCTaskThread "GC Thread#8" [stack: 0x000000a4a2a00000,0x000000a4a2b00000] [id=16088]
  0x00000294652c4290 GCTaskThread "GC Thread#9" [stack: 0x000000a4a2b00000,0x000000a4a2c00000] [id=23028]
  0x00000294652c4550 GCTaskThread "GC Thread#10" [stack: 0x000000a4a2c00000,0x000000a4a2d00000] [id=32824]
  0x00000294652c4810 GCTaskThread "GC Thread#11" [stack: 0x000000a4a2d00000,0x000000a4a2e00000] [id=27880]
  0x000002946eb90660 ConcurrentGCThread "G1 Main Marker" [stack: 0x000000a4a0900000,0x000000a4a0a00000] [id=6500]
  0x000002946eb91070 ConcurrentGCThread "G1 Conc#0" [stack: 0x000000a4a0a00000,0x000000a4a0b00000] [id=21948]
  0x000002947c0928c0 ConcurrentGCThread "G1 Refine#0" [stack: 0x000000a4a0b00000,0x000000a4a0c00000] [id=31752]
  0x000002947c093100 ConcurrentGCThread "G1 Service" [stack: 0x000000a4a0c00000,0x000000a4a0d00000] [id=27436]

Threads with active compile tasks:
C2 CompilerThread0  103908373 2146       4       java.util.HashMap$HashIterator::nextNode (100 bytes)

VM state: not at safepoint (normal execution)

VM Mutex/Monitor currently owned by a thread: None

Heap address: 0x0000000604400000, size: 8124 MB, Compressed Oops mode: Zero based, Oop shift amount: 3

CDS archive(s) mapped at: [0x000002941f000000-0x000002941fbd0000-0x000002941fbd0000), size 12386304, SharedBaseAddress: 0x000002941f000000, ArchiveRelocationMode: 1.
Compressed class space mapped at: 0x0000029420000000-0x0000029460000000, reserved size: 1073741824
Narrow klass base: 0x000002941f000000, Narrow klass shift: 0, Narrow klass range: 0x100000000

GC Precious Log:
 CPUs: 16 total, 16 available
 Memory: 32491M
 Large Page Support: Disabled
 NUMA Support: Disabled
 Compressed Oops: Enabled (Zero based)
 Heap Region Size: 4M
 Heap Min Capacity: 8M
 Heap Initial Capacity: 508M
 Heap Max Capacity: 8124M
 Pre-touch: Disabled
 Parallel Workers: 13
 Concurrent Workers: 3
 Concurrent Refinement Workers: 13
 Periodic GC: Disabled

Heap:
 garbage-first heap   total 520192K, used 194969K [0x0000000604400000, 0x0000000800000000)
  region size 4096K, 45 young (184320K), 1 survivors (4096K)
 Metaspace       used 8638K, committed 8896K, reserved 1114112K
  class space    used 848K, committed 960K, reserved 1048576K

Heap Regions: E=young(eden), S=young(survivor), O=old, HS=humongous(starts), HC=humongous(continues), CS=collection set, F=free, OA=open archive, CA=closed archive, TAMS=top-at-mark-start (previous, next)
|   0|0x0000000604400000, 0x0000000604800000, 0x0000000604800000|100%|HS|  |TAMS 0x0000000604400000, 0x0000000604400000| Complete 
|   1|0x0000000604800000, 0x0000000604800000, 0x0000000604c00000|  0%| F|  |TAMS 0x0000000604800000, 0x0000000604800000| Untracked 
|   2|0x0000000604c00000, 0x0000000604c00000, 0x0000000605000000|  0%| F|  |TAMS 0x0000000604c00000, 0x0000000604c00000| Untracked 
|   3|0x0000000605000000, 0x0000000605000000, 0x0000000605400000|  0%| F|  |TAMS 0x0000000605000000, 0x0000000605000000| Untracked 
|   4|0x0000000605400000, 0x0000000605400000, 0x0000000605800000|  0%| F|  |TAMS 0x0000000605400000, 0x0000000605400000| Untracked 
|   5|0x0000000605800000, 0x0000000605c00000, 0x0000000605c00000|100%|HS|  |TAMS 0x0000000605800000, 0x0000000605800000| Complete 
|   6|0x0000000605c00000, 0x0000000606000000, 0x0000000606000000|100%|HC|  |TAMS 0x0000000605c00000, 0x0000000605c00000| Complete 
|   7|0x0000000606000000, 0x0000000606400000, 0x0000000606400000|100%|HC|  |TAMS 0x0000000606000000, 0x0000000606000000| Complete 
|   8|0x0000000606400000, 0x0000000606800000, 0x0000000606800000|100%|HC|  |TAMS 0x0000000606400000, 0x0000000606400000| Complete 
|   9|0x0000000606800000, 0x0000000606800000, 0x0000000606c00000|  0%| F|  |TAMS 0x0000000606800000, 0x0000000606800000| Untracked 
|  10|0x0000000606c00000, 0x0000000606c00000, 0x0000000607000000|  0%| F|  |TAMS 0x0000000606c00000, 0x0000000606c00000| Untracked 
|  11|0x0000000607000000, 0x0000000607000000, 0x0000000607400000|  0%| F|  |TAMS 0x0000000607000000, 0x0000000607000000| Untracked 
|  12|0x0000000607400000, 0x0000000607400000, 0x0000000607800000|  0%| F|  |TAMS 0x0000000607400000, 0x0000000607400000| Untracked 
|  13|0x0000000607800000, 0x0000000607800000, 0x0000000607c00000|  0%| F|  |TAMS 0x0000000607800000, 0x0000000607800000| Untracked 
|  14|0x0000000607c00000, 0x0000000607c00000, 0x0000000608000000|  0%| F|  |TAMS 0x0000000607c00000, 0x0000000607c00000| Untracked 
|  15|0x0000000608000000, 0x0000000608000000, 0x0000000608400000|  0%| F|  |TAMS 0x0000000608000000, 0x0000000608000000| Untracked 
|  16|0x0000000608400000, 0x0000000608400000, 0x0000000608800000|  0%| F|  |TAMS 0x0000000608400000, 0x0000000608400000| Untracked 
|  17|0x0000000608800000, 0x0000000608800000, 0x0000000608c00000|  0%| F|  |TAMS 0x0000000608800000, 0x0000000608800000| Untracked 
|  18|0x0000000608c00000, 0x0000000608c00000, 0x0000000609000000|  0%| F|  |TAMS 0x0000000608c00000, 0x0000000608c00000| Untracked 
|  19|0x0000000609000000, 0x0000000609000000, 0x0000000609400000|  0%| F|  |TAMS 0x0000000609000000, 0x0000000609000000| Untracked 
|  20|0x0000000609400000, 0x0000000609400000, 0x0000000609800000|  0%| F|  |TAMS 0x0000000609400000, 0x0000000609400000| Untracked 
|  21|0x0000000609800000, 0x0000000609800000, 0x0000000609c00000|  0%| F|  |TAMS 0x0000000609800000, 0x0000000609800000| Untracked 
|  22|0x0000000609c00000, 0x0000000609c00000, 0x000000060a000000|  0%| F|  |TAMS 0x0000000609c00000, 0x0000000609c00000| Untracked 
|  23|0x000000060a000000, 0x000000060a000000, 0x000000060a400000|  0%| F|  |TAMS 0x000000060a000000, 0x000000060a000000| Untracked 
|  24|0x000000060a400000, 0x000000060a400000, 0x000000060a800000|  0%| F|  |TAMS 0x000000060a400000, 0x000000060a400000| Untracked 
|  25|0x000000060a800000, 0x000000060a800000, 0x000000060ac00000|  0%| F|  |TAMS 0x000000060a800000, 0x000000060a800000| Untracked 
|  26|0x000000060ac00000, 0x000000060ac00000, 0x000000060b000000|  0%| F|  |TAMS 0x000000060ac00000, 0x000000060ac00000| Untracked 
|  27|0x000000060b000000, 0x000000060b000000, 0x000000060b400000|  0%| F|  |TAMS 0x000000060b000000, 0x000000060b000000| Untracked 
|  28|0x000000060b400000, 0x000000060b400000, 0x000000060b800000|  0%| F|  |TAMS 0x000000060b400000, 0x000000060b400000| Untracked 
|  29|0x000000060b800000, 0x000000060b800000, 0x000000060bc00000|  0%| F|  |TAMS 0x000000060b800000, 0x000000060b800000| Untracked 
|  30|0x000000060bc00000, 0x000000060bc00000, 0x000000060c000000|  0%| F|  |TAMS 0x000000060bc00000, 0x000000060bc00000| Untracked 
|  31|0x000000060c000000, 0x000000060c000000, 0x000000060c400000|  0%| F|  |TAMS 0x000000060c000000, 0x000000060c000000| Untracked 
|  32|0x000000060c400000, 0x000000060c400000, 0x000000060c800000|  0%| F|  |TAMS 0x000000060c400000, 0x000000060c400000| Untracked 
|  33|0x000000060c800000, 0x000000060c800000, 0x000000060cc00000|  0%| F|  |TAMS 0x000000060c800000, 0x000000060c800000| Untracked 
|  34|0x000000060cc00000, 0x000000060cc00000, 0x000000060d000000|  0%| F|  |TAMS 0x000000060cc00000, 0x000000060cc00000| Untracked 
|  35|0x000000060d000000, 0x000000060d000000, 0x000000060d400000|  0%| F|  |TAMS 0x000000060d000000, 0x000000060d000000| Untracked 
|  36|0x000000060d400000, 0x000000060d400000, 0x000000060d800000|  0%| F|  |TAMS 0x000000060d400000, 0x000000060d400000| Untracked 
|  37|0x000000060d800000, 0x000000060d800000, 0x000000060dc00000|  0%| F|  |TAMS 0x000000060d800000, 0x000000060d800000| Untracked 
|  38|0x000000060dc00000, 0x000000060dc00000, 0x000000060e000000|  0%| F|  |TAMS 0x000000060dc00000, 0x000000060dc00000| Untracked 
|  39|0x000000060e000000, 0x000000060e000000, 0x000000060e400000|  0%| F|  |TAMS 0x000000060e000000, 0x000000060e000000| Untracked 
|  40|0x000000060e400000, 0x000000060e400000, 0x000000060e800000|  0%| F|  |TAMS 0x000000060e400000, 0x000000060e400000| Untracked 
|  41|0x000000060e800000, 0x000000060e800000, 0x000000060ec00000|  0%| F|  |TAMS 0x000000060e800000, 0x000000060e800000| Untracked 
|  42|0x000000060ec00000, 0x000000060ec00000, 0x000000060f000000|  0%| F|  |TAMS 0x000000060ec00000, 0x000000060ec00000| Untracked 
|  43|0x000000060f000000, 0x000000060f000000, 0x000000060f400000|  0%| F|  |TAMS 0x000000060f000000, 0x000000060f000000| Untracked 
|  44|0x000000060f400000, 0x000000060f400000, 0x000000060f800000|  0%| F|  |TAMS 0x000000060f400000, 0x000000060f400000| Untracked 
|  45|0x000000060f800000, 0x000000060f800000, 0x000000060fc00000|  0%| F|  |TAMS 0x000000060f800000, 0x000000060f800000| Untracked 
|  46|0x000000060fc00000, 0x000000060fc00000, 0x0000000610000000|  0%| F|  |TAMS 0x000000060fc00000, 0x000000060fc00000| Untracked 
|  47|0x0000000610000000, 0x0000000610000000, 0x0000000610400000|  0%| F|  |TAMS 0x0000000610000000, 0x0000000610000000| Untracked 
|  48|0x0000000610400000, 0x0000000610400000, 0x0000000610800000|  0%| F|  |TAMS 0x0000000610400000, 0x0000000610400000| Untracked 
|  49|0x0000000610800000, 0x0000000610800000, 0x0000000610c00000|  0%| F|  |TAMS 0x0000000610800000, 0x0000000610800000| Untracked 
|  50|0x0000000610c00000, 0x0000000610c00000, 0x0000000611000000|  0%| F|  |TAMS 0x0000000610c00000, 0x0000000610c00000| Untracked 
|  51|0x0000000611000000, 0x0000000611000000, 0x0000000611400000|  0%| F|  |TAMS 0x0000000611000000, 0x0000000611000000| Untracked 
|  52|0x0000000611400000, 0x0000000611400000, 0x0000000611800000|  0%| F|  |TAMS 0x0000000611400000, 0x0000000611400000| Untracked 
|  53|0x0000000611800000, 0x0000000611800000, 0x0000000611c00000|  0%| F|  |TAMS 0x0000000611800000, 0x0000000611800000| Untracked 
|  54|0x0000000611c00000, 0x0000000611c00000, 0x0000000612000000|  0%| F|  |TAMS 0x0000000611c00000, 0x0000000611c00000| Untracked 
|  55|0x0000000612000000, 0x0000000612000000, 0x0000000612400000|  0%| F|  |TAMS 0x0000000612000000, 0x0000000612000000| Untracked 
|  56|0x0000000612400000, 0x0000000612400000, 0x0000000612800000|  0%| F|  |TAMS 0x0000000612400000, 0x0000000612400000| Untracked 
|  57|0x0000000612800000, 0x0000000612800000, 0x0000000612c00000|  0%| F|  |TAMS 0x0000000612800000, 0x0000000612800000| Untracked 
|  58|0x0000000612c00000, 0x0000000612c00000, 0x0000000613000000|  0%| F|  |TAMS 0x0000000612c00000, 0x0000000612c00000| Untracked 
|  59|0x0000000613000000, 0x0000000613000000, 0x0000000613400000|  0%| F|  |TAMS 0x0000000613000000, 0x0000000613000000| Untracked 
|  60|0x0000000613400000, 0x0000000613400000, 0x0000000613800000|  0%| F|  |TAMS 0x0000000613400000, 0x0000000613400000| Untracked 
|  61|0x0000000613800000, 0x0000000613800000, 0x0000000613c00000|  0%| F|  |TAMS 0x0000000613800000, 0x0000000613800000| Untracked 
|  62|0x0000000613c00000, 0x0000000613c00000, 0x0000000614000000|  0%| F|  |TAMS 0x0000000613c00000, 0x0000000613c00000| Untracked 
|  63|0x0000000614000000, 0x0000000614000000, 0x0000000614400000|  0%| F|  |TAMS 0x0000000614000000, 0x0000000614000000| Untracked 
|  64|0x0000000614400000, 0x0000000614400000, 0x0000000614800000|  0%| F|  |TAMS 0x0000000614400000, 0x0000000614400000| Untracked 
|  65|0x0000000614800000, 0x0000000614800000, 0x0000000614c00000|  0%| F|  |TAMS 0x0000000614800000, 0x0000000614800000| Untracked 
|  66|0x0000000614c00000, 0x0000000614c00000, 0x0000000615000000|  0%| F|  |TAMS 0x0000000614c00000, 0x0000000614c00000| Untracked 
|  67|0x0000000615000000, 0x0000000615000000, 0x0000000615400000|  0%| F|  |TAMS 0x0000000615000000, 0x0000000615000000| Untracked 
|  68|0x0000000615400000, 0x0000000615400000, 0x0000000615800000|  0%| F|  |TAMS 0x0000000615400000, 0x0000000615400000| Untracked 
|  69|0x0000000615800000, 0x0000000615800000, 0x0000000615c00000|  0%| F|  |TAMS 0x0000000615800000, 0x0000000615800000| Untracked 
|  70|0x0000000615c00000, 0x0000000615c00000, 0x0000000616000000|  0%| F|  |TAMS 0x0000000615c00000, 0x0000000615c00000| Untracked 
|  71|0x0000000616000000, 0x0000000616000000, 0x0000000616400000|  0%| F|  |TAMS 0x0000000616000000, 0x0000000616000000| Untracked 
|  72|0x0000000616400000, 0x0000000616400000, 0x0000000616800000|  0%| F|  |TAMS 0x0000000616400000, 0x0000000616400000| Untracked 
|  73|0x0000000616800000, 0x0000000616800000, 0x0000000616c00000|  0%| F|  |TAMS 0x0000000616800000, 0x0000000616800000| Untracked 
|  74|0x0000000616c00000, 0x0000000616c00000, 0x0000000617000000|  0%| F|  |TAMS 0x0000000616c00000, 0x0000000616c00000| Untracked 
|  75|0x0000000617000000, 0x0000000617000000, 0x0000000617400000|  0%| F|  |TAMS 0x0000000617000000, 0x0000000617000000| Untracked 
|  76|0x0000000617400000, 0x0000000617400000, 0x0000000617800000|  0%| F|  |TAMS 0x0000000617400000, 0x0000000617400000| Untracked 
|  77|0x0000000617800000, 0x0000000617800000, 0x0000000617c00000|  0%| F|  |TAMS 0x0000000617800000, 0x0000000617800000| Untracked 
|  78|0x0000000617c00000, 0x0000000617c00000, 0x0000000618000000|  0%| F|  |TAMS 0x0000000617c00000, 0x0000000617c00000| Untracked 
|  79|0x0000000618000000, 0x0000000618000000, 0x0000000618400000|  0%| F|  |TAMS 0x0000000618000000, 0x0000000618000000| Untracked 
|  80|0x0000000618400000, 0x0000000618400000, 0x0000000618800000|  0%| F|  |TAMS 0x0000000618400000, 0x0000000618400000| Untracked 
|  81|0x0000000618800000, 0x0000000618800000, 0x0000000618c00000|  0%| F|  |TAMS 0x0000000618800000, 0x0000000618800000| Untracked 
|  82|0x0000000618c00000, 0x0000000618e1b410, 0x0000000619000000| 52%| E|  |TAMS 0x0000000618c00000, 0x0000000618c00000| Complete 
|  83|0x0000000619000000, 0x0000000619400000, 0x0000000619400000|100%| E|CS|TAMS 0x0000000619000000, 0x0000000619000000| Complete 
|  84|0x0000000619400000, 0x0000000619800000, 0x0000000619800000|100%| E|CS|TAMS 0x0000000619400000, 0x0000000619400000| Complete 
|  85|0x0000000619800000, 0x0000000619c00000, 0x0000000619c00000|100%| E|CS|TAMS 0x0000000619800000, 0x0000000619800000| Complete 
|  86|0x0000000619c00000, 0x000000061a000000, 0x000000061a000000|100%| E|CS|TAMS 0x0000000619c00000, 0x0000000619c00000| Complete 
|  87|0x000000061a000000, 0x000000061a400000, 0x000000061a400000|100%| E|CS|TAMS 0x000000061a000000, 0x000000061a000000| Complete 
|  88|0x000000061a400000, 0x000000061a800000, 0x000000061a800000|100%| E|CS|TAMS 0x000000061a400000, 0x000000061a400000| Complete 
|  89|0x000000061a800000, 0x000000061ac00000, 0x000000061ac00000|100%| E|CS|TAMS 0x000000061a800000, 0x000000061a800000| Complete 
|  90|0x000000061ac00000, 0x000000061b000000, 0x000000061b000000|100%| E|CS|TAMS 0x000000061ac00000, 0x000000061ac00000| Complete 
|  91|0x000000061b000000, 0x000000061b400000, 0x000000061b400000|100%| E|CS|TAMS 0x000000061b000000, 0x000000061b000000| Complete 
|  92|0x000000061b400000, 0x000000061b800000, 0x000000061b800000|100%| E|CS|TAMS 0x000000061b400000, 0x000000061b400000| Complete 
|  93|0x000000061b800000, 0x000000061bc00000, 0x000000061bc00000|100%| E|CS|TAMS 0x000000061b800000, 0x000000061b800000| Complete 
|  94|0x000000061bc00000, 0x000000061c000000, 0x000000061c000000|100%| E|CS|TAMS 0x000000061bc00000, 0x000000061bc00000| Complete 
|  95|0x000000061c000000, 0x000000061c400000, 0x000000061c400000|100%| E|CS|TAMS 0x000000061c000000, 0x000000061c000000| Complete 
|  96|0x000000061c400000, 0x000000061c800000, 0x000000061c800000|100%| E|CS|TAMS 0x000000061c400000, 0x000000061c400000| Complete 
|  97|0x000000061c800000, 0x000000061cc00000, 0x000000061cc00000|100%| E|CS|TAMS 0x000000061c800000, 0x000000061c800000| Complete 
|  98|0x000000061cc00000, 0x000000061d000000, 0x000000061d000000|100%| E|CS|TAMS 0x000000061cc00000, 0x000000061cc00000| Complete 
|  99|0x000000061d000000, 0x000000061d400000, 0x000000061d400000|100%| E|CS|TAMS 0x000000061d000000, 0x000000061d000000| Complete 
| 100|0x000000061d400000, 0x000000061d800000, 0x000000061d800000|100%| E|CS|TAMS 0x000000061d400000, 0x000000061d400000| Complete 
| 101|0x000000061d800000, 0x000000061dc00000, 0x000000061dc00000|100%| E|CS|TAMS 0x000000061d800000, 0x000000061d800000| Complete 
| 102|0x000000061dc00000, 0x000000061e000000, 0x000000061e000000|100%| E|CS|TAMS 0x000000061dc00000, 0x000000061dc00000| Complete 
| 103|0x000000061e000000, 0x000000061e400000, 0x000000061e400000|100%| E|CS|TAMS 0x000000061e000000, 0x000000061e000000| Complete 
| 104|0x000000061e400000, 0x000000061e800000, 0x000000061e800000|100%| E|CS|TAMS 0x000000061e400000, 0x000000061e400000| Complete 
| 105|0x000000061e800000, 0x000000061ec00000, 0x000000061ec00000|100%| E|CS|TAMS 0x000000061e800000, 0x000000061e800000| Complete 
| 106|0x000000061ec00000, 0x000000061f000000, 0x000000061f000000|100%| E|CS|TAMS 0x000000061ec00000, 0x000000061ec00000| Complete 
| 107|0x000000061f000000, 0x000000061f400000, 0x000000061f400000|100%| E|CS|TAMS 0x000000061f000000, 0x000000061f000000| Complete 
| 108|0x000000061f400000, 0x000000061f800000, 0x000000061f800000|100%| E|CS|TAMS 0x000000061f400000, 0x000000061f400000| Complete 
| 109|0x000000061f800000, 0x000000061fc00000, 0x000000061fc00000|100%| E|CS|TAMS 0x000000061f800000, 0x000000061f800000| Complete 
| 110|0x000000061fc00000, 0x000000061ffffee8, 0x0000000620000000| 99%| E|  |TAMS 0x000000061fc00000, 0x000000061fc00000| Complete 
| 111|0x0000000620000000, 0x0000000620400000, 0x0000000620400000|100%| E|CS|TAMS 0x0000000620000000, 0x0000000620000000| Complete 
| 112|0x0000000620400000, 0x0000000620800000, 0x0000000620800000|100%| E|CS|TAMS 0x0000000620400000, 0x0000000620400000| Complete 
| 113|0x0000000620800000, 0x0000000620c00000, 0x0000000620c00000|100%| E|CS|TAMS 0x0000000620800000, 0x0000000620800000| Complete 
| 114|0x0000000620c00000, 0x0000000621000000, 0x0000000621000000|100%| E|CS|TAMS 0x0000000620c00000, 0x0000000620c00000| Complete 
| 115|0x0000000621000000, 0x0000000621400000, 0x0000000621400000|100%| E|CS|TAMS 0x0000000621000000, 0x0000000621000000| Complete 
| 116|0x0000000621400000, 0x0000000621666610, 0x0000000621800000| 59%| S|CS|TAMS 0x0000000621400000, 0x0000000621400000| Complete 
| 117|0x0000000621800000, 0x0000000621c00000, 0x0000000621c00000|100%| E|CS|TAMS 0x0000000621800000, 0x0000000621800000| Complete 
| 118|0x0000000621c00000, 0x0000000622000000, 0x0000000622000000|100%| E|CS|TAMS 0x0000000621c00000, 0x0000000621c00000| Complete 
| 119|0x0000000622000000, 0x0000000622400000, 0x0000000622400000|100%| E|CS|TAMS 0x0000000622000000, 0x0000000622000000| Complete 
| 120|0x0000000622400000, 0x0000000622800000, 0x0000000622800000|100%| E|CS|TAMS 0x0000000622400000, 0x0000000622400000| Complete 
| 121|0x0000000622800000, 0x0000000622c00000, 0x0000000622c00000|100%| E|CS|TAMS 0x0000000622800000, 0x0000000622800000| Complete 
| 122|0x0000000622c00000, 0x0000000623000000, 0x0000000623000000|100%| E|CS|TAMS 0x0000000622c00000, 0x0000000622c00000| Complete 
| 123|0x0000000623000000, 0x0000000623400000, 0x0000000623400000|100%| E|CS|TAMS 0x0000000623000000, 0x0000000623000000| Complete 
| 124|0x0000000623400000, 0x0000000623800000, 0x0000000623800000|100%| E|CS|TAMS 0x0000000623400000, 0x0000000623400000| Complete 
| 125|0x0000000623800000, 0x0000000623c00000, 0x0000000623c00000|100%| E|CS|TAMS 0x0000000623800000, 0x0000000623800000| Complete 
| 126|0x0000000623c00000, 0x0000000624000000, 0x0000000624000000|100%| E|CS|TAMS 0x0000000623c00000, 0x0000000623c00000| Complete 

Card table byte_map: [0x0000029477bf0000,0x0000029478bd0000] _byte_map_base: 0x0000029474bce000

Marking Bits (Prev, Next): (CMBitMap*) 0x000002946eb7ff60, (CMBitMap*) 0x000002946eb7ffa0
 Prev Bits: [0x000002940f000000, 0x0000029416ef0000)
 Next Bits: [0x0000029416ef0000, 0x000002941ede0000)

Polling page: 0x000002946c8a0000

Metaspace:

Usage:
  Non-class:      7.61 MB used.
      Class:    848.02 KB used.
       Both:      8.44 MB used.

Virtual space:
  Non-class space:       64.00 MB reserved,       7.75 MB ( 12%) committed,  1 nodes.
      Class space:        1.00 GB reserved,     960.00 KB ( <1%) committed,  1 nodes.
             Both:        1.06 GB reserved,       8.69 MB ( <1%) committed. 

Chunk freelists:
   Non-Class:  8.11 MB
       Class:  15.09 MB
        Both:  23.20 MB

MaxMetaspaceSize: unlimited
CompressedClassSpaceSize: 1.00 GB
Initial GC threshold: 21.00 MB
Current GC threshold: 21.00 MB
CDS: on
MetaspaceReclaimPolicy: balanced
 - commit_granule_bytes: 65536.
 - commit_granule_words: 8192.
 - virtual_space_node_default_size: 8388608.
 - enlarge_chunks_in_place: 1.
 - new_chunks_are_fully_committed: 0.
 - uncommit_free_chunks: 1.
 - use_allocation_guard: 0.
 - handle_deallocations: 1.


Internal statistics:

num_allocs_failed_limit: 0.
num_arena_births: 118.
num_arena_deaths: 0.
num_vsnodes_births: 2.
num_vsnodes_deaths: 0.
num_space_committed: 139.
num_space_uncommitted: 0.
num_chunks_returned_to_freelist: 0.
num_chunks_taken_from_freelist: 182.
num_chunk_merges: 0.
num_chunk_splits: 97.
num_chunks_enlarged: 27.
num_inconsistent_stats: 0.

CodeHeap 'non-profiled nmethods': size=119168Kb used=1020Kb max_used=1020Kb free=118147Kb
 bounds [0x0000029407ba0000, 0x0000029407e10000, 0x000002940f000000]
CodeHeap 'profiled nmethods': size=119104Kb used=4162Kb max_used=4162Kb free=114941Kb
 bounds [0x0000029400000000, 0x0000029400420000, 0x0000029407450000]
CodeHeap 'non-nmethods': size=7488Kb used=1264Kb max_used=2427Kb free=6223Kb
 bounds [0x0000029407450000, 0x00000294076c0000, 0x0000029407ba0000]
 total_blobs=2725 nmethods=2145 adapters=492
 compilation: enabled
              stopped_count=0, restarted_count=0
 full_count=0

Compilation events (20 events):
Event: 99820.221 Thread 0x000002947c17afc0 2135       3       java.util.IdentityHashMap$ValueIterator::next (12 bytes)
Event: 99820.222 Thread 0x000002947c17afc0 nmethod 2135 0x000002940040bd90 code [0x000002940040bf40, 0x000002940040c148]
Event: 101815.541 Thread 0x000002947c17afc0 2136  s    3       sun.awt.windows.WDesktopProperties::setSoundProperty (68 bytes)
Event: 101815.543 Thread 0x000002947c17afc0 nmethod 2136 0x000002940040c290 code [0x000002940040c4c0, 0x000002940040ccd8]
Event: 101815.543 Thread 0x000002947c17afc0 2137       3       sun.awt.windows.WDesktopProperties$WinPlaySound::<init> (15 bytes)
Event: 101815.544 Thread 0x000002947c17afc0 nmethod 2137 0x000002940040cf90 code [0x000002940040d140, 0x000002940040d378]
Event: 103908.239 Thread 0x000002947c17afc0 2138       3       java.util.WeakHashMap$HashIterator::hasNext (95 bytes)
Event: 103908.241 Thread 0x000002947c17afc0 nmethod 2138 0x000002940040d410 code [0x000002940040d5e0, 0x000002940040dbb8]
Event: 103908.241 Thread 0x000002947c17afc0 2139       3       java.util.WeakHashMap$KeyIterator::next (8 bytes)
Event: 103908.241 Thread 0x000002947c17afc0 nmethod 2139 0x000002940040dd90 code [0x000002940040df40, 0x000002940040e2e8]
Event: 103908.241 Thread 0x000002947c17afc0 2140       3       java.util.WeakHashMap$HashIterator::nextEntry (81 bytes)
Event: 103908.242 Thread 0x000002947c17afc0 nmethod 2140 0x000002940040e410 code [0x000002940040e600, 0x000002940040eae8]
Event: 103908.242 Thread 0x000002947c17afc0 2141       3       java.util.WeakHashMap$Entry::getKey (8 bytes)
Event: 103908.242 Thread 0x000002947c17afc0 nmethod 2141 0x000002940040ec90 code [0x000002940040ee40, 0x000002940040f0d8]
Event: 103908.242 Thread 0x000002947c17afc0 2142       3       java.util.WeakHashMap::unmaskNull (13 bytes)
Event: 103908.242 Thread 0x000002947c17afc0 nmethod 2142 0x000002940040f190 code [0x000002940040f320, 0x000002940040f478]
Event: 103908.330 Thread 0x000002947c177100 2143       4       java.util.HashMap$HashIterator::hasNext (13 bytes)
Event: 103908.330 Thread 0x000002947c17afc0 2144       3       sun.awt.image.VolatileSurfaceManager::displayChanged (102 bytes)
Event: 103908.331 Thread 0x000002947c177100 nmethod 2143 0x0000029407c9ed90 code [0x0000029407c9ef00, 0x0000029407c9ef98]
Event: 103908.331 Thread 0x000002947c177100 2146       4       java.util.HashMap$HashIterator::nextNode (100 bytes)

GC Heap History (4 events):
Event: 2.281 GC heap before
{Heap before GC invocations=0 (full 0):
 garbage-first heap   total 520192K, used 57344K [0x0000000604400000, 0x0000000800000000)
  region size 4096K, 6 young (24576K), 0 survivors (0K)
 Metaspace       used 7787K, committed 7936K, reserved 1114112K
  class space    used 833K, committed 896K, reserved 1048576K
}
Event: 2.299 GC heap after
{Heap after GC invocations=1 (full 0):
 garbage-first heap   total 520192K, used 38920K [0x0000000604400000, 0x0000000800000000)
  region size 4096K, 1 young (4096K), 1 survivors (4096K)
 Metaspace       used 7787K, committed 7936K, reserved 1114112K
  class space    used 833K, committed 896K, reserved 1048576K
}
Event: 4.941 GC heap before
{Heap before GC invocations=1 (full 0):
 garbage-first heap   total 520192K, used 71688K [0x0000000604400000, 0x0000000800000000)
  region size 4096K, 10 young (40960K), 1 survivors (4096K)
 Metaspace       used 8264K, committed 8512K, reserved 1114112K
  class space    used 840K, committed 960K, reserved 1048576K
}
Event: 4.946 GC heap after
{Heap after GC invocations=2 (full 0):
 garbage-first heap   total 520192K, used 22937K [0x0000000604400000, 0x0000000800000000)
  region size 4096K, 1 young (4096K), 1 survivors (4096K)
 Metaspace       used 8264K, committed 8512K, reserved 1114112K
  class space    used 840K, committed 960K, reserved 1048576K
}

Deoptimization events (20 events):
Event: 14.254 Thread 0x0000029465158580 DEOPT PACKING pc=0x00000294003a8670 sp=0x000000a4a22ff120
Event: 14.254 Thread 0x0000029465158580 DEOPT UNPACKING pc=0x00000294074a2b43 sp=0x000000a4a22fe658 mode 0
Event: 14.254 Thread 0x0000029465158580 DEOPT PACKING pc=0x00000294003a8670 sp=0x000000a4a22ff120
Event: 14.254 Thread 0x0000029465158580 DEOPT UNPACKING pc=0x00000294074a2b43 sp=0x000000a4a22fe658 mode 0
Event: 26.622 Thread 0x000002946508c080 Uncommon trap: trap_request=0xffffff45 fr.pc=0x0000029407c6f5fc relative=0x000000000000505c
Event: 26.622 Thread 0x000002946508c080 Uncommon trap: reason=unstable_if action=reinterpret pc=0x0000029407c6f5fc method=java.awt.EventQueue.getPriority(Ljava/awt/AWTEvent;)I @ 71 c2
Event: 26.622 Thread 0x000002946508c080 DEOPT PACKING pc=0x0000029407c6f5fc sp=0x000000a4a1fff220
Event: 26.622 Thread 0x000002946508c080 DEOPT UNPACKING pc=0x00000294074a23a3 sp=0x000000a4a1fff0f0 mode 2
Event: 26.652 Thread 0x000002946508c080 Uncommon trap: trap_request=0xffffff45 fr.pc=0x0000029407c8b8c8 relative=0x0000000000000308
Event: 26.652 Thread 0x000002946508c080 Uncommon trap: reason=unstable_if action=reinterpret pc=0x0000029407c8b8c8 method=sun.java2d.SunGraphics2D.setColor(Ljava/awt/Color;)V @ 35 c2
Event: 26.652 Thread 0x000002946508c080 DEOPT PACKING pc=0x0000029407c8b8c8 sp=0x000000a4a1ffdb00
Event: 26.652 Thread 0x000002946508c080 DEOPT UNPACKING pc=0x00000294074a23a3 sp=0x000000a4a1ffdab8 mode 2
Event: 26.652 Thread 0x000002946508c080 Uncommon trap: trap_request=0xffffff45 fr.pc=0x0000029407c77f58 relative=0x00000000000026d8
Event: 26.652 Thread 0x000002946508c080 Uncommon trap: reason=unstable_if action=reinterpret pc=0x0000029407c77f58 method=sun.java2d.SurfaceData.validatePipe(Lsun/java2d/SunGraphics2D;)V @ 528 c2
Event: 26.652 Thread 0x000002946508c080 DEOPT PACKING pc=0x0000029407c77f58 sp=0x000000a4a1ffd9e0
Event: 26.652 Thread 0x000002946508c080 DEOPT UNPACKING pc=0x00000294074a23a3 sp=0x000000a4a1ffd9f8 mode 2
Event: 26.652 Thread 0x000002946508c080 Uncommon trap: trap_request=0xffffff45 fr.pc=0x0000029407c9a9cc relative=0x000000000000152c
Event: 26.652 Thread 0x000002946508c080 Uncommon trap: reason=unstable_if action=reinterpret pc=0x0000029407c9a9cc method=sun.java2d.pipe.AlphaPaintPipe.renderPathTile(Ljava/lang/Object;[BIIIIII)V @ 38 c2
Event: 26.652 Thread 0x000002946508c080 DEOPT PACKING pc=0x0000029407c9a9cc sp=0x000000a4a1ffd830
Event: 26.652 Thread 0x000002946508c080 DEOPT UNPACKING pc=0x00000294074a23a3 sp=0x000000a4a1ffd7f0 mode 2

Classes unloaded (0 events):
No events

Classes redefined (0 events):
No events

Internal exceptions (13 events):
Event: 0.084 Thread 0x000002946eacecd0 Exception <a 'java/lang/ClassNotFoundException'{0x0000000623d990e0}: sun/awt/resources/spi/awtProvider> (0x0000000623d990e0) 
thrown [s\open\src\hotspot\share\classfile\systemDictionary.cpp, line 256]
Event: 0.119 Thread 0x000002946eacecd0 Exception <a 'java/io/FileNotFoundException'{0x0000000623eecf58}> (0x0000000623eecf58) 
thrown [s\open\src\hotspot\share\prims\jni.cpp, line 516]
Event: 0.129 Thread 0x000002946eacecd0 Exception <a 'java/io/FileNotFoundException'{0x0000000623f1a020}> (0x0000000623f1a020) 
thrown [s\open\src\hotspot\share\prims\jni.cpp, line 516]
Event: 0.179 Thread 0x000002946eacecd0 Exception <a 'java/lang/NoSuchMethodError'{0x0000000623f66370}: 'java.lang.Object java.lang.invoke.DirectMethodHandle$Holder.invokeStaticInit(java.lang.Object)'> (0x0000000623f66370) 
thrown [s\open\src\hotspot\share\interpreter\linkResolver.cpp, line 759]
Event: 0.233 Thread 0x000002946eacecd0 Exception <a 'java/lang/NoSuchMethodError'{0x0000000623fb2a40}: 'void java.lang.invoke.DirectMethodHandle$Holder.invokeSpecial(java.lang.Object, java.lang.Object, java.lang.Object)'> (0x0000000623fb2a40) 
thrown [s\open\src\hotspot\share\interpreter\linkResolver.cpp, line 759]
Event: 0.244 Thread 0x000002946eacecd0 Exception <a 'java/lang/NoSuchMethodError'{0x0000000623805e68}: 'java.lang.Object java.lang.invoke.DirectMethodHandle$Holder.newInvokeSpecial(java.lang.Object, java.lang.Object, java.lang.Object, java.lang.Object, java.lang.Object)'> (0x0000000623805e68) 
thrown [s\open\src\hotspot\share\interpreter\linkResolver.cpp, line 759]
Event: 0.247 Thread 0x000002946eacecd0 Exception <a 'java/lang/NoSuchMethodError'{0x0000000623811830}: 'java.lang.Object java.lang.invoke.DirectMethodHandle$Holder.invokeStatic(java.lang.Object, int, java.lang.Object, java.lang.Object, java.lang.Object, java.lang.Object)'> (0x0000000623811830) 
thrown [s\open\src\hotspot\share\interpreter\linkResolver.cpp, line 759]
Event: 0.254 Thread 0x000002946eacecd0 Exception <a 'java/lang/NoSuchMethodError'{0x00000006238370e0}: 'java.lang.Object java.lang.invoke.DirectMethodHandle$Holder.invokeStatic(java.lang.Object, int, java.lang.Object)'> (0x00000006238370e0) 
thrown [s\open\src\hotspot\share\interpreter\linkResolver.cpp, line 759]
Event: 0.290 Thread 0x000002946eacecd0 Exception <a 'java/lang/ClassNotFoundException'{0x00000006238ee9b8}: com/sun/swing/internal/plaf/metal/resources/spi/metalProvider> (0x00000006238ee9b8) 
thrown [s\open\src\hotspot\share\classfile\systemDictionary.cpp, line 256]
Event: 0.293 Thread 0x000002946eacecd0 Exception <a 'java/lang/ClassNotFoundException'{0x00000006238f45f0}: com/sun/swing/internal/plaf/basic/resources/spi/basicProvider> (0x00000006238f45f0) 
thrown [s\open\src\hotspot\share\classfile\systemDictionary.cpp, line 256]
Event: 0.440 Thread 0x00000294603cba10 Exception <a 'java/lang/NoSuchMethodError'{0x0000000623fe71a8}: 'void java.lang.invoke.DirectMethodHandle$Holder.invokeVirtual(java.lang.Object, java.lang.Object)'> (0x0000000623fe71a8) 
thrown [s\open\src\hotspot\share\interpreter\linkResolver.cpp, line 759]
Event: 0.457 Thread 0x000002946eacecd0 Exception <a 'java/lang/NoSuchMethodError'{0x0000000623561038}: 'void java.lang.invoke.DirectMethodHandle$Holder.invokeStaticInit(java.lang.Object)'> (0x0000000623561038) 
thrown [s\open\src\hotspot\share\interpreter\linkResolver.cpp, line 759]
Event: 2.093 Thread 0x0000029465158a90 Exception <a 'java/lang/NoSuchMethodError'{0x00000006232163c8}: 'java.lang.Object java.lang.invoke.DirectMethodHandle$Holder.newInvokeSpecial(java.lang.Object, java.lang.Object, java.lang.Object, int, int, int, int, int)'> (0x00000006232163c8) 
thrown [s\open\src\hotspot\share\interpreter\linkResolver.cpp, line 759]

VM Operations (20 events):
Event: 17.023 Executing VM operation: Cleanup
Event: 17.023 Executing VM operation: Cleanup done
Event: 18.032 Executing VM operation: Cleanup
Event: 18.032 Executing VM operation: Cleanup done
Event: 19.036 Executing VM operation: Cleanup
Event: 19.036 Executing VM operation: Cleanup done
Event: 20.044 Executing VM operation: Cleanup
Event: 20.044 Executing VM operation: Cleanup done
Event: 21.050 Executing VM operation: Cleanup
Event: 21.051 Executing VM operation: Cleanup done
Event: 22.057 Executing VM operation: Cleanup
Event: 22.057 Executing VM operation: Cleanup done
Event: 25.085 Executing VM operation: Cleanup
Event: 25.085 Executing VM operation: Cleanup done
Event: 27.104 Executing VM operation: Cleanup
Event: 27.104 Executing VM operation: Cleanup done
Event: 60.061 Executing VM operation: HandshakeAllThreads
Event: 60.061 Executing VM operation: HandshakeAllThreads done
Event: 11067.717 Executing VM operation: Cleanup
Event: 11067.717 Executing VM operation: Cleanup done

Events (20 events):
Event: 11.998 loading class java/awt/image/RGBImageFilter
Event: 11.998 loading class java/awt/image/ImageFilter
Event: 11.998 loading class java/awt/image/ImageFilter done
Event: 11.999 loading class java/awt/image/RGBImageFilter done
Event: 11.999 loading class javax/swing/plaf/metal/MetalUtils$OceanDisabledButtonImageFilter done
Event: 11.999 loading class sun/swing/ImageIconUIResource
Event: 11.999 loading class sun/swing/ImageIconUIResource done
Event: 14.098 Thread 0x0000029465261f30 Thread exited: 0x0000029465261f30
Event: 22.620 Thread 0x0000029465158580 Thread exited: 0x0000029465158580
Event: 25.172 Thread 0x0000029465158a90 Thread exited: 0x0000029465158a90
Event: 99819.227 loading class java/awt/desktop/SystemSleepListener
Event: 99819.228 loading class java/awt/desktop/SystemEventListener
Event: 99819.228 loading class java/awt/desktop/SystemEventListener done
Event: 99819.228 loading class java/awt/desktop/SystemSleepListener done
Event: 103908.132 loading class java/util/WeakHashMap$KeyIterator
Event: 103908.135 loading class java/util/WeakHashMap$HashIterator
Event: 103908.139 loading class java/util/WeakHashMap$HashIterator done
Event: 103908.139 loading class java/util/WeakHashMap$KeyIterator done
Event: 103908.332 loading class javax/swing/RepaintManager$DisplayChangedRunnable
Event: 103908.333 loading class javax/swing/RepaintManager$DisplayChangedRunnable done


Dynamic libraries:
0x00007ff67ba50000 - 0x00007ff67ba60000 	D:\programming\bin\java.exe
0x00007ffc64c50000 - 0x00007ffc64e67000 	C:\Windows\SYSTEM32\ntdll.dll
0x00007ffc63d30000 - 0x00007ffc63df4000 	C:\Windows\System32\KERNEL32.DLL
0x00007ffc621a0000 - 0x00007ffc62557000 	C:\Windows\System32\KERNELBASE.dll
0x00007ffc61fe0000 - 0x00007ffc620f1000 	C:\Windows\System32\ucrtbase.dll
0x00007ffc34700000 - 0x00007ffc34719000 	D:\programming\bin\jli.dll
0x00007ffc642e0000 - 0x00007ffc64392000 	C:\Windows\System32\ADVAPI32.dll
0x00007ffc62e60000 - 0x00007ffc62f07000 	C:\Windows\System32\msvcrt.dll
0x00007ffc62db0000 - 0x00007ffc62e58000 	C:\Windows\System32\sechost.dll
0x00007ffc34720000 - 0x00007ffc3473b000 	D:\programming\bin\VCRUNTIME140.dll
0x00007ffc628e0000 - 0x00007ffc62908000 	C:\Windows\System32\bcrypt.dll
0x00007ffc64130000 - 0x00007ffc64244000 	C:\Windows\System32\RPCRT4.dll
0x00007ffc63e00000 - 0x00007ffc63faf000 	C:\Windows\System32\USER32.dll
0x00007ffc626d0000 - 0x00007ffc626f6000 	C:\Windows\System32\win32u.dll
0x00007ffc460c0000 - 0x00007ffc46353000 	C:\Windows\WinSxS\amd64_microsoft.windows.common-controls_6595b64144ccf1df_6.0.22621.3672_none_2713b9d173822955\COMCTL32.dll
0x00007ffc62a00000 - 0x00007ffc62a29000 	C:\Windows\System32\GDI32.dll
0x00007ffc62700000 - 0x00007ffc62818000 	C:\Windows\System32\gdi32full.dll
0x00007ffc62100000 - 0x00007ffc6219a000 	C:\Windows\System32\msvcp_win.dll
0x00007ffc57360000 - 0x00007ffc5736a000 	C:\Windows\SYSTEM32\VERSION.dll
0x00007ffc63c80000 - 0x00007ffc63cb1000 	C:\Windows\System32\IMM32.DLL
0x00007ffc4e8e0000 - 0x00007ffc4e8ec000 	D:\programming\bin\vcruntime140_1.dll
0x00007ffc1b3e0000 - 0x00007ffc1b46e000 	D:\programming\bin\msvcp140.dll
0x00007ffbcda20000 - 0x00007ffbce600000 	D:\programming\bin\server\jvm.dll
0x00007ffc64500000 - 0x00007ffc64508000 	C:\Windows\System32\PSAPI.DLL
0x00007ffc40800000 - 0x00007ffc40809000 	C:\Windows\SYSTEM32\WSOCK32.dll
0x00007ffc640b0000 - 0x00007ffc64121000 	C:\Windows\System32\WS2_32.dll
0x00007ffc56f40000 - 0x00007ffc56f74000 	C:\Windows\SYSTEM32\WINMM.dll
0x00007ffc61060000 - 0x00007ffc61078000 	C:\Windows\SYSTEM32\kernel.appcore.dll
0x00007ffc4e8c0000 - 0x00007ffc4e8ca000 	D:\programming\bin\jimage.dll
0x00007ffc5f300000 - 0x00007ffc5f532000 	C:\Windows\SYSTEM32\DBGHELP.DLL
0x00007ffc64510000 - 0x00007ffc6489e000 	C:\Windows\System32\combase.dll
0x00007ffc64420000 - 0x00007ffc644f7000 	C:\Windows\System32\OLEAUT32.dll
0x00007ffc56f00000 - 0x00007ffc56f32000 	C:\Windows\SYSTEM32\dbgcore.DLL
0x00007ffc61f60000 - 0x00007ffc61fdb000 	C:\Windows\System32\bcryptPrimitives.dll
0x00007ffc30e50000 - 0x00007ffc30e75000 	D:\programming\bin\java.dll
0x00007ffc1b100000 - 0x00007ffc1b1d7000 	D:\programming\bin\jsvml.dll
0x00007ffc63410000 - 0x00007ffc63c79000 	C:\Windows\System32\SHELL32.dll
0x00007ffc5fe90000 - 0x00007ffc6078f000 	C:\Windows\SYSTEM32\windows.storage.dll
0x00007ffc5fd50000 - 0x00007ffc5fe8f000 	C:\Windows\SYSTEM32\wintypes.dll
0x00007ffc63fb0000 - 0x00007ffc640a9000 	C:\Windows\System32\SHCORE.dll
0x00007ffc62f30000 - 0x00007ffc62f8e000 	C:\Windows\System32\shlwapi.dll
0x00007ffc61e90000 - 0x00007ffc61eb7000 	C:\Windows\SYSTEM32\profapi.dll
0x00007ffbf3ed0000 - 0x00007ffbf4061000 	D:\programming\bin\awt.dll
0x00007ffc5abb0000 - 0x00007ffc5ac47000 	C:\Windows\SYSTEM32\apphelp.dll
0x00007ffc5c510000 - 0x00007ffc5c53b000 	C:\Windows\system32\DWMAPI.DLL
0x00007ffc5c230000 - 0x00007ffc5c2e1000 	C:\Windows\system32\uxtheme.dll
0x00007ffc1d070000 - 0x00007ffc1d170000 	C:\Windows\system32\opengl32.dll
0x00007ffc2e2b0000 - 0x00007ffc2e2dd000 	C:\Windows\SYSTEM32\GLU32.dll
0x00007ffc5f1d0000 - 0x00007ffc5f207000 	C:\Windows\SYSTEM32\dxcore.dll
0x00007ffc64ab0000 - 0x00007ffc64c10000 	C:\Windows\System32\MSCTF.dll
0x00007ffc648a0000 - 0x00007ffc64a45000 	C:\Windows\System32\ole32.dll
0x00007ffc34220000 - 0x00007ffc34238000 	D:\programming\bin\zip.dll
0x00007ffc18210000 - 0x00007ffc18297000 	D:\programming\bin\freetype.dll
0x00007ffc15550000 - 0x00007ffc15631000 	D:\programming\bin\fontmanager.dll
0x00007ffc56520000 - 0x00007ffc56663000 	C:\Windows\SYSTEM32\textinputframework.dll
0x00007ffc62d00000 - 0x00007ffc62db0000 	C:\Windows\System32\clbcatq.dll
0x00007ffc43320000 - 0x00007ffc4336b000 	C:\Windows\system32\ApplicationTargetedFeatureDatabase.dll
0x00007ffc54a60000 - 0x00007ffc54d02000 	C:\Windows\System32\twinapi.appcore.dll
0x00007ffc2c450000 - 0x00007ffc2c469000 	D:\programming\bin\net.dll
0x00007ffc5b470000 - 0x00007ffc5b5a6000 	C:\Windows\SYSTEM32\WINHTTP.dll
0x00007ffc614c0000 - 0x00007ffc61529000 	C:\Windows\system32\mswsock.dll
0x00007ffc2a480000 - 0x00007ffc2a496000 	D:\programming\bin\nio.dll
0x00007ffc5a6a0000 - 0x00007ffc5a7d3000 	C:\Windows\SYSTEM32\CoreMessaging.dll
0x00007ffc57d40000 - 0x00007ffc580ad000 	C:\Windows\SYSTEM32\CoreUIComponents.dll
0x00007ffc616c0000 - 0x00007ffc616cc000 	C:\Windows\SYSTEM32\CRYPTBASE.DLL

dbghelp: loaded successfully - version: 4.0.5 - missing functions: none
symbol engine: initialized successfully - sym options: 0x614 - pdb path: .;D:\programming\bin;C:\Windows\SYSTEM32;C:\Windows\WinSxS\amd64_microsoft.windows.common-controls_6595b64144ccf1df_6.0.22621.3672_none_2713b9d173822955;D:\programming\bin\server

VM Arguments:
jvm_args: -XX:+ShowCodeDetailsInExceptionMessages 
java_command: CBL.gitProject.MainMenu
java_class_path (initial): C:\Users\吴珅美\AppData\Roaming\Code\User\workspaceStorage\5e22b27d16c104cde7463f0815171bc1\redhat.java\jdt_ws\CBL-project_946773c8\bin
Launcher Type: SUN_STANDARD

[Global flags]
     intx CICompilerCount                          = 12                                        {product} {ergonomic}
     uint ConcGCThreads                            = 3                                         {product} {ergonomic}
     uint G1ConcRefinementThreads                  = 13                                        {product} {ergonomic}
   size_t G1HeapRegionSize                         = 4194304                                   {product} {ergonomic}
    uintx GCDrainStackTargetSize                   = 64                                        {product} {ergonomic}
   size_t InitialHeapSize                          = 532676608                                 {product} {ergonomic}
   size_t MarkStackSize                            = 4194304                                   {product} {ergonomic}
   size_t MaxHeapSize                              = 8518631424                                {product} {ergonomic}
   size_t MaxNewSize                               = 5108662272                                {product} {ergonomic}
   size_t MinHeapDeltaBytes                        = 4194304                                   {product} {ergonomic}
   size_t MinHeapSize                              = 8388608                                   {product} {ergonomic}
    uintx NonNMethodCodeHeapSize                   = 7602480                                {pd product} {ergonomic}
    uintx NonProfiledCodeHeapSize                  = 122027880                              {pd product} {ergonomic}
    uintx ProfiledCodeHeapSize                     = 122027880                              {pd product} {ergonomic}
    uintx ReservedCodeCacheSize                    = 251658240                              {pd product} {ergonomic}
     bool SegmentedCodeCache                       = true                                      {product} {ergonomic}
     bool ShowCodeDetailsInExceptionMessages       = true                                   {manageable} {command line}
   size_t SoftMaxHeapSize                          = 8518631424                             {manageable} {ergonomic}
     bool UseCompressedClassPointers               = true                           {product lp64_product} {ergonomic}
     bool UseCompressedOops                        = true                           {product lp64_product} {ergonomic}
     bool UseG1GC                                  = true                                      {product} {ergonomic}
     bool UseLargePagesIndividualAllocation        = false                                  {pd product} {ergonomic}

Logging:
Log output configuration:
 #0: stdout all=warning uptime,level,tags
 #1: stderr all=off uptime,level,tags

Environment Variables:
JAVA_HOME=D:\programming
CLASSPATH=.;D:\programming\lib\dt.jar;D:\programming\lib\tools.jar
PATH=C:\Program Files\PowerShell\7;C:\Program Files\Common Files\Oracle\Java\javapath;C:\Windows\system32;C:\Windows;C:\Windows\System32\Wbem;C:\Windows\System32\WindowsPowerShell\v1.0\;C:\Windows\System32\OpenSSH\;C:\Program Files (x86)\NVIDIA Corporation\PhysX\Common;C:\Program Files\NVIDIA Corporation\NVIDIA NvDLISR;D:\programming\bin;D:\programming\jre\bin;C:\Program Files\PowerShell\7\;D:\programming\Git\cmd;C:\Users\吴珅美\AppData\Local\Microsoft\WindowsApps;C:\Users\吴珅美\AppData\Local\Programs\Microsoft VS Code\bin;C:\Users\吴珅美\AppData\Local\GitHubDesktop\bin
USERNAME=吴珅美
LANG=en_US.UTF-8
OS=Windows_NT
PROCESSOR_IDENTIFIER=Intel64 Family 6 Model 186 Stepping 2, GenuineIntel



---------------  S Y S T E M  ---------------

OS:
 Windows 11 , 64 bit Build 22621 (10.0.22621.3958)
OS uptime: 5 days 2:36 hours
Hyper-V role detected

CPU: total 16 (initial active 16) (8 cores per cpu, 2 threads per core) family 6 model 186 stepping 2 microcode 0x410e, cx8, cmov, fxsr, ht, mmx, 3dnowpref, sse, sse2, sse3, ssse3, sse4.1, sse4.2, popcnt, lzcnt, tsc, tscinvbit, avx, avx2, aes, erms, clmul, bmi1, bmi2, adx, sha, fma, vzeroupper, clflush, clflushopt, clwb, hv

Memory: 4k page, system-wide physical 32491M (8224M free)
TotalPageFile size 58091M (AvailPageFile size 41M)
current process WorkingSet (physical memory assigned to process): 39M, peak: 274M
current process commit charge ("private bytes"): 632M, peak: 650M

vm_info: Java HotSpot(TM) 64-Bit Server VM (17.0.12+8-LTS-286) for windows-amd64 JRE (17.0.12+8-LTS-286), built on Jun  5 2024 06:46:59 by "mach5one" with MS VC++ 17.6 (VS2022)

END.
