#
# There is insufficient memory for the Java Runtime Environment to continue.
# Native memory allocation (malloc) failed to allocate 32744 bytes for ChunkPool::allocate
# Possible reasons:
#   The system is out of physical RAM or swap space
#   The process is running with CompressedOops enabled, and the Java Heap may be blocking the growth of the native heap
# Possible solutions:
#   Reduce memory load on the system
#   Increase physical memory or swap space
#   Check if swap backing store is full
#   Decrease Java heap size (-Xmx/-Xms)
#   Decrease number of Java threads
#   Decrease Java thread stack sizes (-Xss)
#   Set larger code cache with -XX:ReservedCodeCacheSize=
#   JVM is running with Zero Based Compressed Oops mode in which the Java heap is
#     placed in the first 32GB address space. The Java Heap base address is the
#     maximum limit for the native heap growth. Please use -XX:HeapBaseMinAddress
#     to set the Java Heap base and to place the Java Heap above 32GB virtual address.
# This output file may be truncated or incomplete.
#
#  Out of Memory Error (arena.cpp:78), pid=29100, tid=13400
#
# JRE version: Java(TM) SE Runtime Environment (17.0.12+8) (build 17.0.12+8-LTS-286)
# Java VM: Java HotSpot(TM) 64-Bit Server VM (17.0.12+8-LTS-286, mixed mode, sharing, tiered, compressed oops, compressed class ptrs, g1 gc, windows-amd64)
# No core dump will be written. Minidumps are not enabled by default on client versions of Windows
#

---------------  S U M M A R Y ------------

Command Line: -XX:+ShowCodeDetailsInExceptionMessages CBL.gitProject.MainMenu

Host: 13th Gen Intel(R) Core(TM) i5-13500H, 16 cores, 31G,  Windows 11 , 64 bit Build 22621 (10.0.22621.3958)
Time: Wed Oct 16 05:03:21 2024  Windows 11 , 64 bit Build 22621 (10.0.22621.3958) elapsed time: 103539.133712 seconds (1d 4h 45m 39s)

---------------  T H R E A D  ---------------

Current thread (0x000001f3496e2810):  JavaThread "C2 CompilerThread0" daemon [_thread_in_native, id=13400, stack(0x0000004bcc000000,0x0000004bcc100000)]


Current CompileTask:
C2:103539133 2343       4       java.beans.PropertyChangeSupport::fire (39 bytes)

Stack: [0x0000004bcc000000,0x0000004bcc100000]
Native frames: (J=compiled Java code, j=interpreted, Vv=VM code, C=native code)
V  [jvm.dll+0x67a04a]
V  [jvm.dll+0x7da4ed]
V  [jvm.dll+0x7dbe33]
V  [jvm.dll+0x7dc4a3]
V  [jvm.dll+0x24508f]
V  [jvm.dll+0xab9a4]
V  [jvm.dll+0xabd3c]
V  [jvm.dll+0x659f1a]
V  [jvm.dll+0x793d8]
V  [jvm.dll+0x61e0ee]
V  [jvm.dll+0x68a5d0]
V  [jvm.dll+0x68c375]
V  [jvm.dll+0x68c0fd]
V  [jvm.dll+0x68a4aa]
V  [jvm.dll+0x689a20]
V  [jvm.dll+0x687932]
V  [jvm.dll+0x1a5bac]
V  [jvm.dll+0x1a6708]
V  [jvm.dll+0x1a6708]
V  [jvm.dll+0x2a975c]
V  [jvm.dll+0x6923b6]
V  [jvm.dll+0x68a3d5]
V  [jvm.dll+0x689a20]
V  [jvm.dll+0x687932]
V  [jvm.dll+0x1a5bac]
V  [jvm.dll+0x215818]
V  [jvm.dll+0x1a2960]
V  [jvm.dll+0x22610b]
V  [jvm.dll+0x2242ab]
V  [jvm.dll+0x79075c]
V  [jvm.dll+0x78abea]
V  [jvm.dll+0x678f35]
C  [ucrtbase.dll+0x29333]
C  [KERNEL32.DLL+0x1257d]
C  [ntdll.dll+0x5af08]


---------------  P R O C E S S  ---------------

Threads class SMR info:
_java_thread_list=0x000001f390af0df0, length=16, elements={
0x000001f3496cb9b0, 0x000001f3496cc630, 0x000001f3496df0e0, 0x000001f3496e09c0,
0x000001f3496e1290, 0x000001f3496e1b60, 0x000001f3496e2810, 0x000001f3496e6ee0,
0x000001f3496f2e90, 0x000001f34a353710, 0x000001f34a358040, 0x000001f34a577ae0,
0x000001f34a57ae80, 0x000001f34a57de20, 0x000001f34a7ef030, 0x000001f31b3500e0
}

Java Threads: ( => current thread )
  0x000001f3496cb9b0 JavaThread "Reference Handler" daemon [_thread_blocked, id=5108, stack(0x0000004bcba00000,0x0000004bcbb00000)]
  0x000001f3496cc630 JavaThread "Finalizer" daemon [_thread_blocked, id=37832, stack(0x0000004bcbb00000,0x0000004bcbc00000)]
  0x000001f3496df0e0 JavaThread "Signal Dispatcher" daemon [_thread_blocked, id=31608, stack(0x0000004bcbc00000,0x0000004bcbd00000)]
  0x000001f3496e09c0 JavaThread "Attach Listener" daemon [_thread_blocked, id=17132, stack(0x0000004bcbd00000,0x0000004bcbe00000)]
  0x000001f3496e1290 JavaThread "Service Thread" daemon [_thread_blocked, id=23148, stack(0x0000004bcbe00000,0x0000004bcbf00000)]
  0x000001f3496e1b60 JavaThread "Monitor Deflation Thread" daemon [_thread_blocked, id=2548, stack(0x0000004bcbf00000,0x0000004bcc000000)]
=>0x000001f3496e2810 JavaThread "C2 CompilerThread0" daemon [_thread_in_native, id=13400, stack(0x0000004bcc000000,0x0000004bcc100000)]
  0x000001f3496e6ee0 JavaThread "C1 CompilerThread0" daemon [_thread_blocked, id=15716, stack(0x0000004bcc100000,0x0000004bcc200000)]
  0x000001f3496f2e90 JavaThread "Sweeper thread" daemon [_thread_blocked, id=20612, stack(0x0000004bcc200000,0x0000004bcc300000)]
  0x000001f34a353710 JavaThread "Notification Thread" daemon [_thread_blocked, id=36288, stack(0x0000004bcc500000,0x0000004bcc600000)]
  0x000001f34a358040 JavaThread "Common-Cleaner" daemon [_thread_blocked, id=22004, stack(0x0000004bcc700000,0x0000004bcc800000)]
  0x000001f34a577ae0 JavaThread "Java2D Disposer" daemon [_thread_blocked, id=27364, stack(0x0000004bcc800000,0x0000004bcc900000)]
  0x000001f34a57ae80 JavaThread "AWT-Shutdown" [_thread_blocked, id=5620, stack(0x0000004bcc900000,0x0000004bcca00000)]
  0x000001f34a57de20 JavaThread "AWT-Windows" daemon [_thread_in_native, id=37364, stack(0x0000004bcca00000,0x0000004bccb00000)]
  0x000001f34a7ef030 JavaThread "AWT-EventQueue-0" [_thread_blocked, id=21264, stack(0x0000004bccb00000,0x0000004bccc00000)]
  0x000001f31b3500e0 JavaThread "DestroyJavaVM" [_thread_blocked, id=20292, stack(0x0000004bcb300000,0x0000004bcb400000)]

Other Threads:
  0x000001f3496c7aa0 VMThread "VM Thread" [stack: 0x0000004bcb900000,0x0000004bcba00000] [id=31996]
  0x000001f34a353bf0 WatcherThread [stack: 0x0000004bcc600000,0x0000004bcc700000] [id=12580]
  0x000001f31b401ac0 GCTaskThread "GC Thread#0" [stack: 0x0000004bcb400000,0x0000004bcb500000] [id=22720]
  0x000001f34ad29a50 GCTaskThread "GC Thread#1" [stack: 0x0000004bcce00000,0x0000004bccf00000] [id=11176]
  0x000001f34ad29d10 GCTaskThread "GC Thread#2" [stack: 0x0000004bcd000000,0x0000004bcd100000] [id=31904]
  0x000001f34ad29fd0 GCTaskThread "GC Thread#3" [stack: 0x0000004bcd100000,0x0000004bcd200000] [id=24360]
  0x000001f34ad2a290 GCTaskThread "GC Thread#4" [stack: 0x0000004bcd200000,0x0000004bcd300000] [id=18040]
  0x000001f34ad2a550 GCTaskThread "GC Thread#5" [stack: 0x0000004bcd300000,0x0000004bcd400000] [id=9928]
  0x000001f34a9c1f50 GCTaskThread "GC Thread#6" [stack: 0x0000004bcd400000,0x0000004bcd500000] [id=27728]
  0x000001f34a9c2210 GCTaskThread "GC Thread#7" [stack: 0x0000004bcd500000,0x0000004bcd600000] [id=30212]
  0x000001f34aa6e370 GCTaskThread "GC Thread#8" [stack: 0x0000004bcd600000,0x0000004bcd700000] [id=30056]
  0x000001f34aa6e630 GCTaskThread "GC Thread#9" [stack: 0x0000004bcd700000,0x0000004bcd800000] [id=27444]
  0x000001f34aa6ebb0 GCTaskThread "GC Thread#10" [stack: 0x0000004bcd800000,0x0000004bcd900000] [id=28376]
  0x000001f34aa6f130 GCTaskThread "GC Thread#11" [stack: 0x0000004bcd900000,0x0000004bcda00000] [id=6004]
  0x000001f31b412cf0 ConcurrentGCThread "G1 Main Marker" [stack: 0x0000004bcb500000,0x0000004bcb600000] [id=13552]
  0x000001f31b413610 ConcurrentGCThread "G1 Conc#0" [stack: 0x0000004bcb600000,0x0000004bcb700000] [id=12076]
  0x000001f349604b20 ConcurrentGCThread "G1 Refine#0" [stack: 0x0000004bcb700000,0x0000004bcb800000] [id=26384]
  0x000001f349605450 ConcurrentGCThread "G1 Service" [stack: 0x0000004bcb800000,0x0000004bcb900000] [id=34464]

Threads with active compile tasks:
C2 CompilerThread0  103539157 2343       4       java.beans.PropertyChangeSupport::fire (39 bytes)

VM state: not at safepoint (normal execution)

VM Mutex/Monitor currently owned by a thread: None

Heap address: 0x0000000604400000, size: 8124 MB, Compressed Oops mode: Zero based, Oop shift amount: 3

CDS archive(s) mapped at: [0x000001f34b000000-0x000001f34bbd0000-0x000001f34bbd0000), size 12386304, SharedBaseAddress: 0x000001f34b000000, ArchiveRelocationMode: 1.
Compressed class space mapped at: 0x000001f34c000000-0x000001f38c000000, reserved size: 1073741824
Narrow klass base: 0x000001f34b000000, Narrow klass shift: 0, Narrow klass range: 0x100000000

GC Precious Log:
 CPUs: 16 total, 16 available
 Memory: 32491M
 Large Page Support: Disabled
 NUMA Support: Disabled
 Compressed Oops: Enabled (Zero based)
 Heap Region Size: 4M
 Heap Min Capacity: 8M
 Heap Initial Capacity: 508M
 Heap Max Capacity: 8124M
 Pre-touch: Disabled
 Parallel Workers: 13
 Concurrent Workers: 3
 Concurrent Refinement Workers: 13
 Periodic GC: Disabled

Heap:
 garbage-first heap   total 520192K, used 113123K [0x0000000604400000, 0x0000000800000000)
  region size 4096K, 24 young (98304K), 1 survivors (4096K)
 Metaspace       used 8902K, committed 9088K, reserved 1114112K
  class space    used 872K, committed 960K, reserved 1048576K

Heap Regions: E=young(eden), S=young(survivor), O=old, HS=humongous(starts), HC=humongous(continues), CS=collection set, F=free, OA=open archive, CA=closed archive, TAMS=top-at-mark-start (previous, next)
|   0|0x0000000604400000, 0x0000000604800000, 0x0000000604800000|100%|HS|  |TAMS 0x0000000604400000, 0x0000000604400000| Complete 
|   1|0x0000000604800000, 0x0000000604800000, 0x0000000604c00000|  0%| F|  |TAMS 0x0000000604800000, 0x0000000604800000| Untracked 
|   2|0x0000000604c00000, 0x0000000604c00000, 0x0000000605000000|  0%| F|  |TAMS 0x0000000604c00000, 0x0000000604c00000| Untracked 
|   3|0x0000000605000000, 0x0000000605000000, 0x0000000605400000|  0%| F|  |TAMS 0x0000000605000000, 0x0000000605000000| Untracked 
|   4|0x0000000605400000, 0x0000000605400000, 0x0000000605800000|  0%| F|  |TAMS 0x0000000605400000, 0x0000000605400000| Untracked 
|   5|0x0000000605800000, 0x0000000605c00000, 0x0000000605c00000|100%|HS|  |TAMS 0x0000000605800000, 0x0000000605800000| Complete 
|   6|0x0000000605c00000, 0x0000000606000000, 0x0000000606000000|100%|HC|  |TAMS 0x0000000605c00000, 0x0000000605c00000| Complete 
|   7|0x0000000606000000, 0x0000000606400000, 0x0000000606400000|100%|HC|  |TAMS 0x0000000606000000, 0x0000000606000000| Complete 
|   8|0x0000000606400000, 0x0000000606800000, 0x0000000606800000|100%|HC|  |TAMS 0x0000000606400000, 0x0000000606400000| Complete 
|   9|0x0000000606800000, 0x0000000606800000, 0x0000000606c00000|  0%| F|  |TAMS 0x0000000606800000, 0x0000000606800000| Untracked 
|  10|0x0000000606c00000, 0x0000000606c00000, 0x0000000607000000|  0%| F|  |TAMS 0x0000000606c00000, 0x0000000606c00000| Untracked 
|  11|0x0000000607000000, 0x0000000607000000, 0x0000000607400000|  0%| F|  |TAMS 0x0000000607000000, 0x0000000607000000| Untracked 
|  12|0x0000000607400000, 0x0000000607400000, 0x0000000607800000|  0%| F|  |TAMS 0x0000000607400000, 0x0000000607400000| Untracked 
|  13|0x0000000607800000, 0x0000000607800000, 0x0000000607c00000|  0%| F|  |TAMS 0x0000000607800000, 0x0000000607800000| Untracked 
|  14|0x0000000607c00000, 0x0000000607c00000, 0x0000000608000000|  0%| F|  |TAMS 0x0000000607c00000, 0x0000000607c00000| Untracked 
|  15|0x0000000608000000, 0x0000000608000000, 0x0000000608400000|  0%| F|  |TAMS 0x0000000608000000, 0x0000000608000000| Untracked 
|  16|0x0000000608400000, 0x0000000608400000, 0x0000000608800000|  0%| F|  |TAMS 0x0000000608400000, 0x0000000608400000| Untracked 
|  17|0x0000000608800000, 0x0000000608800000, 0x0000000608c00000|  0%| F|  |TAMS 0x0000000608800000, 0x0000000608800000| Untracked 
|  18|0x0000000608c00000, 0x0000000608c00000, 0x0000000609000000|  0%| F|  |TAMS 0x0000000608c00000, 0x0000000608c00000| Untracked 
|  19|0x0000000609000000, 0x0000000609000000, 0x0000000609400000|  0%| F|  |TAMS 0x0000000609000000, 0x0000000609000000| Untracked 
|  20|0x0000000609400000, 0x0000000609400000, 0x0000000609800000|  0%| F|  |TAMS 0x0000000609400000, 0x0000000609400000| Untracked 
|  21|0x0000000609800000, 0x0000000609800000, 0x0000000609c00000|  0%| F|  |TAMS 0x0000000609800000, 0x0000000609800000| Untracked 
|  22|0x0000000609c00000, 0x0000000609c00000, 0x000000060a000000|  0%| F|  |TAMS 0x0000000609c00000, 0x0000000609c00000| Untracked 
|  23|0x000000060a000000, 0x000000060a000000, 0x000000060a400000|  0%| F|  |TAMS 0x000000060a000000, 0x000000060a000000| Untracked 
|  24|0x000000060a400000, 0x000000060a400000, 0x000000060a800000|  0%| F|  |TAMS 0x000000060a400000, 0x000000060a400000| Untracked 
|  25|0x000000060a800000, 0x000000060a800000, 0x000000060ac00000|  0%| F|  |TAMS 0x000000060a800000, 0x000000060a800000| Untracked 
|  26|0x000000060ac00000, 0x000000060ac00000, 0x000000060b000000|  0%| F|  |TAMS 0x000000060ac00000, 0x000000060ac00000| Untracked 
|  27|0x000000060b000000, 0x000000060b000000, 0x000000060b400000|  0%| F|  |TAMS 0x000000060b000000, 0x000000060b000000| Untracked 
|  28|0x000000060b400000, 0x000000060b400000, 0x000000060b800000|  0%| F|  |TAMS 0x000000060b400000, 0x000000060b400000| Untracked 
|  29|0x000000060b800000, 0x000000060b800000, 0x000000060bc00000|  0%| F|  |TAMS 0x000000060b800000, 0x000000060b800000| Untracked 
|  30|0x000000060bc00000, 0x000000060bc00000, 0x000000060c000000|  0%| F|  |TAMS 0x000000060bc00000, 0x000000060bc00000| Untracked 
|  31|0x000000060c000000, 0x000000060c000000, 0x000000060c400000|  0%| F|  |TAMS 0x000000060c000000, 0x000000060c000000| Untracked 
|  32|0x000000060c400000, 0x000000060c400000, 0x000000060c800000|  0%| F|  |TAMS 0x000000060c400000, 0x000000060c400000| Untracked 
|  33|0x000000060c800000, 0x000000060c800000, 0x000000060cc00000|  0%| F|  |TAMS 0x000000060c800000, 0x000000060c800000| Untracked 
|  34|0x000000060cc00000, 0x000000060cc00000, 0x000000060d000000|  0%| F|  |TAMS 0x000000060cc00000, 0x000000060cc00000| Untracked 
|  35|0x000000060d000000, 0x000000060d000000, 0x000000060d400000|  0%| F|  |TAMS 0x000000060d000000, 0x000000060d000000| Untracked 
|  36|0x000000060d400000, 0x000000060d400000, 0x000000060d800000|  0%| F|  |TAMS 0x000000060d400000, 0x000000060d400000| Untracked 
|  37|0x000000060d800000, 0x000000060d800000, 0x000000060dc00000|  0%| F|  |TAMS 0x000000060d800000, 0x000000060d800000| Untracked 
|  38|0x000000060dc00000, 0x000000060dc00000, 0x000000060e000000|  0%| F|  |TAMS 0x000000060dc00000, 0x000000060dc00000| Untracked 
|  39|0x000000060e000000, 0x000000060e000000, 0x000000060e400000|  0%| F|  |TAMS 0x000000060e000000, 0x000000060e000000| Untracked 
|  40|0x000000060e400000, 0x000000060e400000, 0x000000060e800000|  0%| F|  |TAMS 0x000000060e400000, 0x000000060e400000| Untracked 
|  41|0x000000060e800000, 0x000000060e800000, 0x000000060ec00000|  0%| F|  |TAMS 0x000000060e800000, 0x000000060e800000| Untracked 
|  42|0x000000060ec00000, 0x000000060ec00000, 0x000000060f000000|  0%| F|  |TAMS 0x000000060ec00000, 0x000000060ec00000| Untracked 
|  43|0x000000060f000000, 0x000000060f000000, 0x000000060f400000|  0%| F|  |TAMS 0x000000060f000000, 0x000000060f000000| Untracked 
|  44|0x000000060f400000, 0x000000060f400000, 0x000000060f800000|  0%| F|  |TAMS 0x000000060f400000, 0x000000060f400000| Untracked 
|  45|0x000000060f800000, 0x000000060f800000, 0x000000060fc00000|  0%| F|  |TAMS 0x000000060f800000, 0x000000060f800000| Untracked 
|  46|0x000000060fc00000, 0x000000060fc00000, 0x0000000610000000|  0%| F|  |TAMS 0x000000060fc00000, 0x000000060fc00000| Untracked 
|  47|0x0000000610000000, 0x0000000610000000, 0x0000000610400000|  0%| F|  |TAMS 0x0000000610000000, 0x0000000610000000| Untracked 
|  48|0x0000000610400000, 0x0000000610400000, 0x0000000610800000|  0%| F|  |TAMS 0x0000000610400000, 0x0000000610400000| Untracked 
|  49|0x0000000610800000, 0x0000000610800000, 0x0000000610c00000|  0%| F|  |TAMS 0x0000000610800000, 0x0000000610800000| Untracked 
|  50|0x0000000610c00000, 0x0000000610c00000, 0x0000000611000000|  0%| F|  |TAMS 0x0000000610c00000, 0x0000000610c00000| Untracked 
|  51|0x0000000611000000, 0x0000000611000000, 0x0000000611400000|  0%| F|  |TAMS 0x0000000611000000, 0x0000000611000000| Untracked 
|  52|0x0000000611400000, 0x0000000611400000, 0x0000000611800000|  0%| F|  |TAMS 0x0000000611400000, 0x0000000611400000| Untracked 
|  53|0x0000000611800000, 0x0000000611800000, 0x0000000611c00000|  0%| F|  |TAMS 0x0000000611800000, 0x0000000611800000| Untracked 
|  54|0x0000000611c00000, 0x0000000611c00000, 0x0000000612000000|  0%| F|  |TAMS 0x0000000611c00000, 0x0000000611c00000| Untracked 
|  55|0x0000000612000000, 0x0000000612000000, 0x0000000612400000|  0%| F|  |TAMS 0x0000000612000000, 0x0000000612000000| Untracked 
|  56|0x0000000612400000, 0x0000000612400000, 0x0000000612800000|  0%| F|  |TAMS 0x0000000612400000, 0x0000000612400000| Untracked 
|  57|0x0000000612800000, 0x0000000612800000, 0x0000000612c00000|  0%| F|  |TAMS 0x0000000612800000, 0x0000000612800000| Untracked 
|  58|0x0000000612c00000, 0x0000000612c00000, 0x0000000613000000|  0%| F|  |TAMS 0x0000000612c00000, 0x0000000612c00000| Untracked 
|  59|0x0000000613000000, 0x0000000613000000, 0x0000000613400000|  0%| F|  |TAMS 0x0000000613000000, 0x0000000613000000| Untracked 
|  60|0x0000000613400000, 0x0000000613400000, 0x0000000613800000|  0%| F|  |TAMS 0x0000000613400000, 0x0000000613400000| Untracked 
|  61|0x0000000613800000, 0x0000000613800000, 0x0000000613c00000|  0%| F|  |TAMS 0x0000000613800000, 0x0000000613800000| Untracked 
|  62|0x0000000613c00000, 0x0000000613c00000, 0x0000000614000000|  0%| F|  |TAMS 0x0000000613c00000, 0x0000000613c00000| Untracked 
|  63|0x0000000614000000, 0x0000000614000000, 0x0000000614400000|  0%| F|  |TAMS 0x0000000614000000, 0x0000000614000000| Untracked 
|  64|0x0000000614400000, 0x0000000614400000, 0x0000000614800000|  0%| F|  |TAMS 0x0000000614400000, 0x0000000614400000| Untracked 
|  65|0x0000000614800000, 0x0000000614800000, 0x0000000614c00000|  0%| F|  |TAMS 0x0000000614800000, 0x0000000614800000| Untracked 
|  66|0x0000000614c00000, 0x0000000614c00000, 0x0000000615000000|  0%| F|  |TAMS 0x0000000614c00000, 0x0000000614c00000| Untracked 
|  67|0x0000000615000000, 0x0000000615000000, 0x0000000615400000|  0%| F|  |TAMS 0x0000000615000000, 0x0000000615000000| Untracked 
|  68|0x0000000615400000, 0x0000000615400000, 0x0000000615800000|  0%| F|  |TAMS 0x0000000615400000, 0x0000000615400000| Untracked 
|  69|0x0000000615800000, 0x0000000615800000, 0x0000000615c00000|  0%| F|  |TAMS 0x0000000615800000, 0x0000000615800000| Untracked 
|  70|0x0000000615c00000, 0x0000000615c00000, 0x0000000616000000|  0%| F|  |TAMS 0x0000000615c00000, 0x0000000615c00000| Untracked 
|  71|0x0000000616000000, 0x0000000616000000, 0x0000000616400000|  0%| F|  |TAMS 0x0000000616000000, 0x0000000616000000| Untracked 
|  72|0x0000000616400000, 0x0000000616400000, 0x0000000616800000|  0%| F|  |TAMS 0x0000000616400000, 0x0000000616400000| Untracked 
|  73|0x0000000616800000, 0x0000000616800000, 0x0000000616c00000|  0%| F|  |TAMS 0x0000000616800000, 0x0000000616800000| Untracked 
|  74|0x0000000616c00000, 0x0000000616c00000, 0x0000000617000000|  0%| F|  |TAMS 0x0000000616c00000, 0x0000000616c00000| Untracked 
|  75|0x0000000617000000, 0x0000000617000000, 0x0000000617400000|  0%| F|  |TAMS 0x0000000617000000, 0x0000000617000000| Untracked 
|  76|0x0000000617400000, 0x0000000617400000, 0x0000000617800000|  0%| F|  |TAMS 0x0000000617400000, 0x0000000617400000| Untracked 
|  77|0x0000000617800000, 0x0000000617800000, 0x0000000617c00000|  0%| F|  |TAMS 0x0000000617800000, 0x0000000617800000| Untracked 
|  78|0x0000000617c00000, 0x0000000617c00000, 0x0000000618000000|  0%| F|  |TAMS 0x0000000617c00000, 0x0000000617c00000| Untracked 
|  79|0x0000000618000000, 0x0000000618000000, 0x0000000618400000|  0%| F|  |TAMS 0x0000000618000000, 0x0000000618000000| Untracked 
|  80|0x0000000618400000, 0x0000000618400000, 0x0000000618800000|  0%| F|  |TAMS 0x0000000618400000, 0x0000000618400000| Untracked 
|  81|0x0000000618800000, 0x0000000618800000, 0x0000000618c00000|  0%| F|  |TAMS 0x0000000618800000, 0x0000000618800000| Untracked 
|  82|0x0000000618c00000, 0x0000000618c00000, 0x0000000619000000|  0%| F|  |TAMS 0x0000000618c00000, 0x0000000618c00000| Untracked 
|  83|0x0000000619000000, 0x0000000619000000, 0x0000000619400000|  0%| F|  |TAMS 0x0000000619000000, 0x0000000619000000| Untracked 
|  84|0x0000000619400000, 0x0000000619400000, 0x0000000619800000|  0%| F|  |TAMS 0x0000000619400000, 0x0000000619400000| Untracked 
|  85|0x0000000619800000, 0x0000000619800000, 0x0000000619c00000|  0%| F|  |TAMS 0x0000000619800000, 0x0000000619800000| Untracked 
|  86|0x0000000619c00000, 0x0000000619c00000, 0x000000061a000000|  0%| F|  |TAMS 0x0000000619c00000, 0x0000000619c00000| Untracked 
|  87|0x000000061a000000, 0x000000061a000000, 0x000000061a400000|  0%| F|  |TAMS 0x000000061a000000, 0x000000061a000000| Untracked 
|  88|0x000000061a400000, 0x000000061a400000, 0x000000061a800000|  0%| F|  |TAMS 0x000000061a400000, 0x000000061a400000| Untracked 
|  89|0x000000061a800000, 0x000000061a800000, 0x000000061ac00000|  0%| F|  |TAMS 0x000000061a800000, 0x000000061a800000| Untracked 
|  90|0x000000061ac00000, 0x000000061ac00000, 0x000000061b000000|  0%| F|  |TAMS 0x000000061ac00000, 0x000000061ac00000| Untracked 
|  91|0x000000061b000000, 0x000000061b000000, 0x000000061b400000|  0%| F|  |TAMS 0x000000061b000000, 0x000000061b000000| Untracked 
|  92|0x000000061b400000, 0x000000061b400000, 0x000000061b800000|  0%| F|  |TAMS 0x000000061b400000, 0x000000061b400000| Untracked 
|  93|0x000000061b800000, 0x000000061b800000, 0x000000061bc00000|  0%| F|  |TAMS 0x000000061b800000, 0x000000061b800000| Untracked 
|  94|0x000000061bc00000, 0x000000061bc00000, 0x000000061c000000|  0%| F|  |TAMS 0x000000061bc00000, 0x000000061bc00000| Untracked 
|  95|0x000000061c000000, 0x000000061c000000, 0x000000061c400000|  0%| F|  |TAMS 0x000000061c000000, 0x000000061c000000| Untracked 
|  96|0x000000061c400000, 0x000000061c400000, 0x000000061c800000|  0%| F|  |TAMS 0x000000061c400000, 0x000000061c400000| Untracked 
|  97|0x000000061c800000, 0x000000061c800000, 0x000000061cc00000|  0%| F|  |TAMS 0x000000061c800000, 0x000000061c800000| Untracked 
|  98|0x000000061cc00000, 0x000000061cc00000, 0x000000061d000000|  0%| F|  |TAMS 0x000000061cc00000, 0x000000061cc00000| Untracked 
|  99|0x000000061d000000, 0x000000061d000000, 0x000000061d400000|  0%| F|  |TAMS 0x000000061d000000, 0x000000061d000000| Untracked 
| 100|0x000000061d400000, 0x000000061d400000, 0x000000061d800000|  0%| F|  |TAMS 0x000000061d400000, 0x000000061d400000| Untracked 
| 101|0x000000061d800000, 0x000000061d800000, 0x000000061dc00000|  0%| F|  |TAMS 0x000000061d800000, 0x000000061d800000| Untracked 
| 102|0x000000061dc00000, 0x000000061dc00000, 0x000000061e000000|  0%| F|  |TAMS 0x000000061dc00000, 0x000000061dc00000| Untracked 
| 103|0x000000061e000000, 0x000000061e200800, 0x000000061e400000| 50%| E|  |TAMS 0x000000061e000000, 0x000000061e000000| Complete 
| 104|0x000000061e400000, 0x000000061e800000, 0x000000061e800000|100%| E|CS|TAMS 0x000000061e400000, 0x000000061e400000| Complete 
| 105|0x000000061e800000, 0x000000061ec00000, 0x000000061ec00000|100%| E|CS|TAMS 0x000000061e800000, 0x000000061e800000| Complete 
| 106|0x000000061ec00000, 0x000000061f000000, 0x000000061f000000|100%| E|CS|TAMS 0x000000061ec00000, 0x000000061ec00000| Complete 
| 107|0x000000061f000000, 0x000000061f400000, 0x000000061f400000|100%| E|CS|TAMS 0x000000061f000000, 0x000000061f000000| Complete 
| 108|0x000000061f400000, 0x000000061f800000, 0x000000061f800000|100%| E|CS|TAMS 0x000000061f400000, 0x000000061f400000| Complete 
| 109|0x000000061f800000, 0x000000061fc00000, 0x000000061fc00000|100%| E|CS|TAMS 0x000000061f800000, 0x000000061f800000| Complete 
| 110|0x000000061fc00000, 0x0000000620000000, 0x0000000620000000|100%| E|CS|TAMS 0x000000061fc00000, 0x000000061fc00000| Complete 
| 111|0x0000000620000000, 0x0000000620400000, 0x0000000620400000|100%| E|CS|TAMS 0x0000000620000000, 0x0000000620000000| Complete 
| 112|0x0000000620400000, 0x0000000620800000, 0x0000000620800000|100%| E|CS|TAMS 0x0000000620400000, 0x0000000620400000| Complete 
| 113|0x0000000620800000, 0x0000000620c00000, 0x0000000620c00000|100%| E|CS|TAMS 0x0000000620800000, 0x0000000620800000| Complete 
| 114|0x0000000620c00000, 0x0000000621000000, 0x0000000621000000|100%| E|CS|TAMS 0x0000000620c00000, 0x0000000620c00000| Complete 
| 115|0x0000000621000000, 0x0000000621400000, 0x0000000621400000|100%| E|CS|TAMS 0x0000000621000000, 0x0000000621000000| Complete 
| 116|0x0000000621400000, 0x0000000621678e08, 0x0000000621800000| 61%| S|CS|TAMS 0x0000000621400000, 0x0000000621400000| Complete 
| 117|0x0000000621800000, 0x0000000621c00000, 0x0000000621c00000|100%| E|CS|TAMS 0x0000000621800000, 0x0000000621800000| Complete 
| 118|0x0000000621c00000, 0x0000000622000000, 0x0000000622000000|100%| E|CS|TAMS 0x0000000621c00000, 0x0000000621c00000| Complete 
| 119|0x0000000622000000, 0x0000000622400000, 0x0000000622400000|100%| E|CS|TAMS 0x0000000622000000, 0x0000000622000000| Complete 
| 120|0x0000000622400000, 0x0000000622800000, 0x0000000622800000|100%| E|CS|TAMS 0x0000000622400000, 0x0000000622400000| Complete 
| 121|0x0000000622800000, 0x0000000622c00000, 0x0000000622c00000|100%| E|CS|TAMS 0x0000000622800000, 0x0000000622800000| Complete 
| 122|0x0000000622c00000, 0x0000000623000000, 0x0000000623000000|100%| E|CS|TAMS 0x0000000622c00000, 0x0000000622c00000| Complete 
| 123|0x0000000623000000, 0x0000000623400000, 0x0000000623400000|100%| E|CS|TAMS 0x0000000623000000, 0x0000000623000000| Complete 
| 124|0x0000000623400000, 0x0000000623800000, 0x0000000623800000|100%| E|CS|TAMS 0x0000000623400000, 0x0000000623400000| Complete 
| 125|0x0000000623800000, 0x0000000623c00000, 0x0000000623c00000|100%| E|CS|TAMS 0x0000000623800000, 0x0000000623800000| Complete 
| 126|0x0000000623c00000, 0x0000000624000000, 0x0000000624000000|100%| E|CS|TAMS 0x0000000623c00000, 0x0000000623c00000| Complete 

Card table byte_map: [0x000001f335380000,0x000001f336360000] _byte_map_base: 0x000001f33235e000

Marking Bits (Prev, Next): (CMBitMap*) 0x000001f31b401fe0, (CMBitMap*) 0x000001f31b402020
 Prev Bits: [0x000001f337340000, 0x000001f33f230000)
 Next Bits: [0x000001f33f230000, 0x000001f347120000)

Polling page: 0x000001f31b180000

Metaspace:

Usage:
  Non-class:      7.84 MB used.
      Class:    872.55 KB used.
       Both:      8.69 MB used.

Virtual space:
  Non-class space:       64.00 MB reserved,       7.94 MB ( 12%) committed,  1 nodes.
      Class space:        1.00 GB reserved,     960.00 KB ( <1%) committed,  1 nodes.
             Both:        1.06 GB reserved,       8.88 MB ( <1%) committed. 

Chunk freelists:
   Non-Class:  8.08 MB
       Class:  15.07 MB
        Both:  23.15 MB

MaxMetaspaceSize: unlimited
CompressedClassSpaceSize: 1.00 GB
Initial GC threshold: 21.00 MB
Current GC threshold: 21.00 MB
CDS: on
MetaspaceReclaimPolicy: balanced
 - commit_granule_bytes: 65536.
 - commit_granule_words: 8192.
 - virtual_space_node_default_size: 8388608.
 - enlarge_chunks_in_place: 1.
 - new_chunks_are_fully_committed: 0.
 - uncommit_free_chunks: 1.
 - use_allocation_guard: 0.
 - handle_deallocations: 1.


Internal statistics:

num_allocs_failed_limit: 0.
num_arena_births: 120.
num_arena_deaths: 0.
num_vsnodes_births: 2.
num_vsnodes_deaths: 0.
num_space_committed: 142.
num_space_uncommitted: 0.
num_chunks_returned_to_freelist: 0.
num_chunks_taken_from_freelist: 189.
num_chunk_merges: 0.
num_chunk_splits: 99.
num_chunks_enlarged: 27.
num_inconsistent_stats: 0.

CodeHeap 'non-profiled nmethods': size=119168Kb used=1032Kb max_used=1032Kb free=118135Kb
 bounds [0x000001f32bf80000, 0x000001f32c1f0000, 0x000001f3333e0000]
CodeHeap 'profiled nmethods': size=119104Kb used=4750Kb max_used=4750Kb free=114353Kb
 bounds [0x000001f3243e0000, 0x000001f324890000, 0x000001f32b830000]
CodeHeap 'non-nmethods': size=7488Kb used=1265Kb max_used=2989Kb free=6222Kb
 bounds [0x000001f32b830000, 0x000001f32bb20000, 0x000001f32bf80000]
 total_blobs=2923 nmethods=2341 adapters=494
 compilation: enabled
              stopped_count=0, restarted_count=0
 full_count=0

Compilation events (20 events):
Event: 103538.527 Thread 0x000001f3496e6ee0 nmethod 2333 0x000001f324880310 code [0x000001f3248804e0, 0x000001f324880ab8]
Event: 103538.527 Thread 0x000001f3496e6ee0 2334       3       java.util.WeakHashMap$KeyIterator::next (8 bytes)
Event: 103538.528 Thread 0x000001f3496e6ee0 nmethod 2334 0x000001f324880c90 code [0x000001f324880e40, 0x000001f3248811e8]
Event: 103538.528 Thread 0x000001f3496e6ee0 2335       3       java.util.WeakHashMap$HashIterator::nextEntry (81 bytes)
Event: 103538.529 Thread 0x000001f3496e6ee0 nmethod 2335 0x000001f324881310 code [0x000001f324881500, 0x000001f3248819e8]
Event: 103538.529 Thread 0x000001f3496e6ee0 2336       3       java.util.WeakHashMap$Entry::getKey (8 bytes)
Event: 103538.530 Thread 0x000001f3496e6ee0 nmethod 2336 0x000001f324881b90 code [0x000001f324881d40, 0x000001f324881fd8]
Event: 103538.530 Thread 0x000001f3496e6ee0 2337       3       java.util.WeakHashMap::unmaskNull (13 bytes)
Event: 103538.530 Thread 0x000001f3496e6ee0 nmethod 2337 0x000001f324882090 code [0x000001f324882220, 0x000001f324882378]
Event: 103538.608 Thread 0x000001f3496e2810 2338       4       java.util.HashMap$HashIterator::hasNext (13 bytes)
Event: 103538.609 Thread 0x000001f3496e6ee0 2339       3       sun.awt.image.VolatileSurfaceManager::displayChanged (102 bytes)
Event: 103538.609 Thread 0x000001f3496e2810 nmethod 2338 0x000001f32c081590 code [0x000001f32c081700, 0x000001f32c081798]
Event: 103538.610 Thread 0x000001f3496e2810 2341       4       java.util.HashMap$HashIterator::nextNode (100 bytes)
Event: 103538.617 Thread 0x000001f3496e6ee0 nmethod 2339 0x000001f324882410 code [0x000001f324882640, 0x000001f324883048]
Event: 103538.617 Thread 0x000001f3496e6ee0 2340       3       sun.awt.image.SunVolatileImage::updateGraphicsConfig (25 bytes)
Event: 103538.617 Thread 0x000001f3496e6ee0 nmethod 2340 0x000001f324883310 code [0x000001f3248834c0, 0x000001f3248837b8]
Event: 103538.617 Thread 0x000001f3496e2810 nmethod 2341 0x000001f32c081890 code [0x000001f32c081a20, 0x000001f32c081e38]
Event: 103539.094 Thread 0x000001f3496e6ee0 2342       1       sun.awt.NullComponentPeer::updateGraphicsData (2 bytes)
Event: 103539.094 Thread 0x000001f3496e6ee0 nmethod 2342 0x000001f32c081f90 code [0x000001f32c082120, 0x000001f32c0821f8]
Event: 103539.095 Thread 0x000001f3496e2810 2343       4       java.beans.PropertyChangeSupport::fire (39 bytes)

GC Heap History (4 events):
Event: 2.335 GC heap before
{Heap before GC invocations=0 (full 0):
 garbage-first heap   total 520192K, used 61440K [0x0000000604400000, 0x0000000800000000)
  region size 4096K, 6 young (24576K), 0 survivors (0K)
 Metaspace       used 7763K, committed 7936K, reserved 1114112K
  class space    used 833K, committed 896K, reserved 1048576K
}
Event: 2.344 GC heap after
{Heap after GC invocations=1 (full 0):
 garbage-first heap   total 520192K, used 39141K [0x0000000604400000, 0x0000000800000000)
  region size 4096K, 1 young (4096K), 1 survivors (4096K)
 Metaspace       used 7763K, committed 7936K, reserved 1114112K
  class space    used 833K, committed 896K, reserved 1048576K
}
Event: 5.089 GC heap before
{Heap before GC invocations=1 (full 0):
 garbage-first heap   total 520192K, used 76005K [0x0000000604400000, 0x0000000800000000)
  region size 4096K, 10 young (40960K), 1 survivors (4096K)
 Metaspace       used 8264K, committed 8512K, reserved 1114112K
  class space    used 843K, committed 960K, reserved 1048576K
}
Event: 5.094 GC heap after
{Heap after GC invocations=2 (full 0):
 garbage-first heap   total 520192K, used 23011K [0x0000000604400000, 0x0000000800000000)
  region size 4096K, 1 young (4096K), 1 survivors (4096K)
 Metaspace       used 8264K, committed 8512K, reserved 1114112K
  class space    used 843K, committed 960K, reserved 1048576K
}

Deoptimization events (20 events):
Event: 4.422 Thread 0x000001f34a89e060 DEOPT PACKING pc=0x000001f324627cf0 sp=0x0000004bcccfee80
Event: 4.422 Thread 0x000001f34a89e060 DEOPT UNPACKING pc=0x000001f32b882b43 sp=0x0000004bcccfe400 mode 0
Event: 4.424 Thread 0x000001f34a89e060 DEOPT PACKING pc=0x000001f324627cf0 sp=0x0000004bcccfee50
Event: 4.424 Thread 0x000001f34a89e060 DEOPT UNPACKING pc=0x000001f32b882b43 sp=0x0000004bcccfe3d0 mode 0
Event: 4.426 Thread 0x000001f34a89e060 DEOPT PACKING pc=0x000001f324627cf0 sp=0x0000004bcccfee50
Event: 4.426 Thread 0x000001f34a89e060 DEOPT UNPACKING pc=0x000001f32b882b43 sp=0x0000004bcccfe3d0 mode 0
Event: 6.162 Thread 0x000001f34a7ef030 Uncommon trap: trap_request=0xffffff45 fr.pc=0x000001f32c009084 relative=0x0000000000001564
Event: 6.162 Thread 0x000001f34a7ef030 Uncommon trap: reason=unstable_if action=reinterpret pc=0x000001f32c009084 method=sun.java2d.pipe.AlphaPaintPipe.renderPathTile(Ljava/lang/Object;[BIIIIII)V @ 38 c2
Event: 6.162 Thread 0x000001f34a7ef030 DEOPT PACKING pc=0x000001f32c009084 sp=0x0000004bccbfd5c0
Event: 6.162 Thread 0x000001f34a7ef030 DEOPT UNPACKING pc=0x000001f32b8823a3 sp=0x0000004bccbfd580 mode 2
Event: 14.587 Thread 0x000001f34a7ef030 Uncommon trap: trap_request=0xffffff6e fr.pc=0x000001f32c024e90 relative=0x0000000000000870
Event: 14.587 Thread 0x000001f34a7ef030 Uncommon trap: reason=loop_limit_check action=maybe_recompile pc=0x000001f32c024e90 method=java.awt.geom.AffineTransform.transform([DI[DII)V @ 516 c2
Event: 14.587 Thread 0x000001f34a7ef030 DEOPT PACKING pc=0x000001f32c024e90 sp=0x0000004bccbfd9c0
Event: 14.587 Thread 0x000001f34a7ef030 DEOPT UNPACKING pc=0x000001f32b8823a3 sp=0x0000004bccbfd910 mode 2
Event: 22.622 Thread 0x000001f34a7ef030 DEOPT PACKING pc=0x000001f3247869a4 sp=0x0000004bccbfea80
Event: 22.622 Thread 0x000001f34a7ef030 DEOPT UNPACKING pc=0x000001f32b882b43 sp=0x0000004bccbfdf18 mode 0
Event: 25.125 Thread 0x000001f34a7ef030 Uncommon trap: trap_request=0xffffff45 fr.pc=0x000001f32c035834 relative=0x00000000000000b4
Event: 25.125 Thread 0x000001f34a7ef030 Uncommon trap: reason=unstable_if action=reinterpret pc=0x000001f32c035834 method=sun.java2d.pipe.Region.isInsideQuickCheck(Lsun/java2d/pipe/Region;)Z @ 37 c2
Event: 25.125 Thread 0x000001f34a7ef030 DEOPT PACKING pc=0x000001f32c035834 sp=0x0000004bccbfe450
Event: 25.125 Thread 0x000001f34a7ef030 DEOPT UNPACKING pc=0x000001f32b8823a3 sp=0x0000004bccbfe3e8 mode 2

Classes unloaded (0 events):
No events

Classes redefined (0 events):
No events

Internal exceptions (13 events):
Event: 0.111 Thread 0x000001f31b3500e0 Exception <a 'java/lang/ClassNotFoundException'{0x0000000623da9de0}: sun/awt/resources/spi/awtProvider> (0x0000000623da9de0) 
thrown [s\open\src\hotspot\share\classfile\systemDictionary.cpp, line 256]
Event: 0.154 Thread 0x000001f31b3500e0 Exception <a 'java/io/FileNotFoundException'{0x0000000623ef8c90}> (0x0000000623ef8c90) 
thrown [s\open\src\hotspot\share\prims\jni.cpp, line 516]
Event: 0.166 Thread 0x000001f31b3500e0 Exception <a 'java/io/FileNotFoundException'{0x0000000623f25cf0}> (0x0000000623f25cf0) 
thrown [s\open\src\hotspot\share\prims\jni.cpp, line 516]
Event: 0.217 Thread 0x000001f31b3500e0 Exception <a 'java/lang/NoSuchMethodError'{0x0000000623f65e90}: 'java.lang.Object java.lang.invoke.DirectMethodHandle$Holder.invokeStaticInit(java.lang.Object)'> (0x0000000623f65e90) 
thrown [s\open\src\hotspot\share\interpreter\linkResolver.cpp, line 759]
Event: 0.279 Thread 0x000001f31b3500e0 Exception <a 'java/lang/NoSuchMethodError'{0x0000000623fb2ac8}: 'void java.lang.invoke.DirectMethodHandle$Holder.invokeSpecial(java.lang.Object, java.lang.Object, java.lang.Object)'> (0x0000000623fb2ac8) 
thrown [s\open\src\hotspot\share\interpreter\linkResolver.cpp, line 759]
Event: 0.291 Thread 0x000001f31b3500e0 Exception <a 'java/lang/NoSuchMethodError'{0x0000000623805ed0}: 'java.lang.Object java.lang.invoke.DirectMethodHandle$Holder.newInvokeSpecial(java.lang.Object, java.lang.Object, java.lang.Object, java.lang.Object, java.lang.Object)'> (0x0000000623805ed0) 
thrown [s\open\src\hotspot\share\interpreter\linkResolver.cpp, line 759]
Event: 0.295 Thread 0x000001f31b3500e0 Exception <a 'java/lang/NoSuchMethodError'{0x0000000623811898}: 'java.lang.Object java.lang.invoke.DirectMethodHandle$Holder.invokeStatic(java.lang.Object, int, java.lang.Object, java.lang.Object, java.lang.Object, java.lang.Object)'> (0x0000000623811898) 
thrown [s\open\src\hotspot\share\interpreter\linkResolver.cpp, line 759]
Event: 0.303 Thread 0x000001f31b3500e0 Exception <a 'java/lang/NoSuchMethodError'{0x0000000623837058}: 'java.lang.Object java.lang.invoke.DirectMethodHandle$Holder.invokeStatic(java.lang.Object, int, java.lang.Object)'> (0x0000000623837058) 
thrown [s\open\src\hotspot\share\interpreter\linkResolver.cpp, line 759]
Event: 0.345 Thread 0x000001f31b3500e0 Exception <a 'java/lang/ClassNotFoundException'{0x00000006238ee900}: com/sun/swing/internal/plaf/metal/resources/spi/metalProvider> (0x00000006238ee900) 
thrown [s\open\src\hotspot\share\classfile\systemDictionary.cpp, line 256]
Event: 0.348 Thread 0x000001f31b3500e0 Exception <a 'java/lang/ClassNotFoundException'{0x00000006238f4538}: com/sun/swing/internal/plaf/basic/resources/spi/basicProvider> (0x00000006238f4538) 
thrown [s\open\src\hotspot\share\classfile\systemDictionary.cpp, line 256]
Event: 0.516 Thread 0x000001f34a57de20 Exception <a 'java/lang/NoSuchMethodError'{0x0000000623fe71c8}: 'void java.lang.invoke.DirectMethodHandle$Holder.invokeVirtual(java.lang.Object, java.lang.Object)'> (0x0000000623fe71c8) 
thrown [s\open\src\hotspot\share\interpreter\linkResolver.cpp, line 759]
Event: 0.537 Thread 0x000001f31b3500e0 Exception <a 'java/lang/NoSuchMethodError'{0x0000000623561038}: 'void java.lang.invoke.DirectMethodHandle$Holder.invokeStaticInit(java.lang.Object)'> (0x0000000623561038) 
thrown [s\open\src\hotspot\share\interpreter\linkResolver.cpp, line 759]
Event: 2.042 Thread 0x000001f34a89e060 Exception <a 'java/lang/NoSuchMethodError'{0x00000006231ca780}: 'java.lang.Object java.lang.invoke.DirectMethodHandle$Holder.newInvokeSpecial(java.lang.Object, java.lang.Object, java.lang.Object, int, int, int, int, int)'> (0x00000006231ca780) 
thrown [s\open\src\hotspot\share\interpreter\linkResolver.cpp, line 759]

VM Operations (20 events):
Event: 29.325 Executing VM operation: Cleanup
Event: 29.325 Executing VM operation: Cleanup done
Event: 30.330 Executing VM operation: Cleanup
Event: 30.330 Executing VM operation: Cleanup done
Event: 31.343 Executing VM operation: Cleanup
Event: 31.343 Executing VM operation: Cleanup done
Event: 60.199 Executing VM operation: HandshakeAllThreads
Event: 60.199 Executing VM operation: HandshakeAllThreads done
Event: 290.944 Executing VM operation: Cleanup
Event: 290.944 Executing VM operation: Cleanup done
Event: 291.945 Executing VM operation: Cleanup
Event: 291.945 Executing VM operation: Cleanup done
Event: 292.947 Executing VM operation: Cleanup
Event: 292.947 Executing VM operation: Cleanup done
Event: 300.452 Executing VM operation: HandshakeAllThreads
Event: 300.452 Executing VM operation: HandshakeAllThreads done
Event: 10698.545 Executing VM operation: Cleanup
Event: 10698.545 Executing VM operation: Cleanup done
Event: 103538.639 Executing VM operation: Cleanup
Event: 103538.641 Executing VM operation: Cleanup done

Events (20 events):
Event: 25.034 Thread 0x000001f34ac37f60 Thread added: 0x000001f34ac37f60
Event: 25.669 Thread 0x000001f34ac37f60 Thread exited: 0x000001f34ac37f60
Event: 27.645 Thread 0x000001f34a89c710 Thread added: 0x000001f34a89c710
Event: 29.222 Thread 0x000001f34ab56a50 Thread added: 0x000001f34ab56a50
Event: 29.222 Thread 0x000001f34af34470 Thread added: 0x000001f34af34470
Event: 29.222 Thread 0x000001f34af34990 Thread added: 0x000001f34af34990
Event: 30.240 Thread 0x000001f34af34990 Thread exited: 0x000001f34af34990
Event: 30.240 Thread 0x000001f34af34470 Thread exited: 0x000001f34af34470
Event: 32.653 Thread 0x000001f34ab56a50 Thread exited: 0x000001f34ab56a50
Event: 32.653 Thread 0x000001f34a89c710 Thread exited: 0x000001f34a89c710
Event: 99449.544 loading class java/awt/desktop/SystemSleepListener
Event: 99449.545 loading class java/awt/desktop/SystemEventListener
Event: 99449.545 loading class java/awt/desktop/SystemEventListener done
Event: 99449.545 loading class java/awt/desktop/SystemSleepListener done
Event: 103538.427 loading class java/util/WeakHashMap$KeyIterator
Event: 103538.428 loading class java/util/WeakHashMap$HashIterator
Event: 103538.430 loading class java/util/WeakHashMap$HashIterator done
Event: 103538.430 loading class java/util/WeakHashMap$KeyIterator done
Event: 103538.606 loading class javax/swing/RepaintManager$DisplayChangedRunnable
Event: 103538.607 loading class javax/swing/RepaintManager$DisplayChangedRunnable done


Dynamic libraries:
0x00007ff67ba50000 - 0x00007ff67ba60000 	D:\programming\bin\java.exe
0x00007ffc64c50000 - 0x00007ffc64e67000 	C:\Windows\SYSTEM32\ntdll.dll
0x00007ffc63d30000 - 0x00007ffc63df4000 	C:\Windows\System32\KERNEL32.DLL
0x00007ffc621a0000 - 0x00007ffc62557000 	C:\Windows\System32\KERNELBASE.dll
0x00007ffc61fe0000 - 0x00007ffc620f1000 	C:\Windows\System32\ucrtbase.dll
0x00007ffc34700000 - 0x00007ffc34719000 	D:\programming\bin\jli.dll
0x00007ffc34720000 - 0x00007ffc3473b000 	D:\programming\bin\VCRUNTIME140.dll
0x00007ffc642e0000 - 0x00007ffc64392000 	C:\Windows\System32\ADVAPI32.dll
0x00007ffc62e60000 - 0x00007ffc62f07000 	C:\Windows\System32\msvcrt.dll
0x00007ffc62db0000 - 0x00007ffc62e58000 	C:\Windows\System32\sechost.dll
0x00007ffc628e0000 - 0x00007ffc62908000 	C:\Windows\System32\bcrypt.dll
0x00007ffc64130000 - 0x00007ffc64244000 	C:\Windows\System32\RPCRT4.dll
0x00007ffc63e00000 - 0x00007ffc63faf000 	C:\Windows\System32\USER32.dll
0x00007ffc626d0000 - 0x00007ffc626f6000 	C:\Windows\System32\win32u.dll
0x00007ffc62a00000 - 0x00007ffc62a29000 	C:\Windows\System32\GDI32.dll
0x00007ffc460c0000 - 0x00007ffc46353000 	C:\Windows\WinSxS\amd64_microsoft.windows.common-controls_6595b64144ccf1df_6.0.22621.3672_none_2713b9d173822955\COMCTL32.dll
0x00007ffc62700000 - 0x00007ffc62818000 	C:\Windows\System32\gdi32full.dll
0x00007ffc62100000 - 0x00007ffc6219a000 	C:\Windows\System32\msvcp_win.dll
0x00007ffc57360000 - 0x00007ffc5736a000 	C:\Windows\SYSTEM32\VERSION.dll
0x00007ffc63c80000 - 0x00007ffc63cb1000 	C:\Windows\System32\IMM32.DLL
0x00007ffc4e8e0000 - 0x00007ffc4e8ec000 	D:\programming\bin\vcruntime140_1.dll
0x00007ffc1b3e0000 - 0x00007ffc1b46e000 	D:\programming\bin\msvcp140.dll
0x00007ffbcda20000 - 0x00007ffbce600000 	D:\programming\bin\server\jvm.dll
0x00007ffc64500000 - 0x00007ffc64508000 	C:\Windows\System32\PSAPI.DLL
0x00007ffc56f40000 - 0x00007ffc56f74000 	C:\Windows\SYSTEM32\WINMM.dll
0x00007ffc40800000 - 0x00007ffc40809000 	C:\Windows\SYSTEM32\WSOCK32.dll
0x00007ffc640b0000 - 0x00007ffc64121000 	C:\Windows\System32\WS2_32.dll
0x00007ffc61060000 - 0x00007ffc61078000 	C:\Windows\SYSTEM32\kernel.appcore.dll
0x00007ffc4e8c0000 - 0x00007ffc4e8ca000 	D:\programming\bin\jimage.dll
0x00007ffc5f300000 - 0x00007ffc5f532000 	C:\Windows\SYSTEM32\DBGHELP.DLL
0x00007ffc64510000 - 0x00007ffc6489e000 	C:\Windows\System32\combase.dll
0x00007ffc64420000 - 0x00007ffc644f7000 	C:\Windows\System32\OLEAUT32.dll
0x00007ffc56f00000 - 0x00007ffc56f32000 	C:\Windows\SYSTEM32\dbgcore.DLL
0x00007ffc61f60000 - 0x00007ffc61fdb000 	C:\Windows\System32\bcryptPrimitives.dll
0x00007ffc30e50000 - 0x00007ffc30e75000 	D:\programming\bin\java.dll
0x00007ffc1b100000 - 0x00007ffc1b1d7000 	D:\programming\bin\jsvml.dll
0x00007ffc63410000 - 0x00007ffc63c79000 	C:\Windows\System32\SHELL32.dll
0x00007ffc5fe90000 - 0x00007ffc6078f000 	C:\Windows\SYSTEM32\windows.storage.dll
0x00007ffc5fd50000 - 0x00007ffc5fe8f000 	C:\Windows\SYSTEM32\wintypes.dll
0x00007ffc63fb0000 - 0x00007ffc640a9000 	C:\Windows\System32\SHCORE.dll
0x00007ffc62f30000 - 0x00007ffc62f8e000 	C:\Windows\System32\shlwapi.dll
0x00007ffc61e90000 - 0x00007ffc61eb7000 	C:\Windows\SYSTEM32\profapi.dll
0x00007ffbf3ed0000 - 0x00007ffbf4061000 	D:\programming\bin\awt.dll
0x00007ffc5abb0000 - 0x00007ffc5ac47000 	C:\Windows\SYSTEM32\apphelp.dll
0x00007ffc5c510000 - 0x00007ffc5c53b000 	C:\Windows\system32\DWMAPI.DLL
0x00007ffc5c230000 - 0x00007ffc5c2e1000 	C:\Windows\system32\uxtheme.dll
0x00007ffc1d070000 - 0x00007ffc1d170000 	C:\Windows\system32\opengl32.dll
0x00007ffc2e2b0000 - 0x00007ffc2e2dd000 	C:\Windows\SYSTEM32\GLU32.dll
0x00007ffc5f1d0000 - 0x00007ffc5f207000 	C:\Windows\SYSTEM32\dxcore.dll
0x00007ffc64ab0000 - 0x00007ffc64c10000 	C:\Windows\System32\MSCTF.dll
0x00007ffc648a0000 - 0x00007ffc64a45000 	C:\Windows\System32\ole32.dll
0x00007ffc34220000 - 0x00007ffc34238000 	D:\programming\bin\zip.dll
0x00007ffc18210000 - 0x00007ffc18297000 	D:\programming\bin\freetype.dll
0x00007ffc15550000 - 0x00007ffc15631000 	D:\programming\bin\fontmanager.dll
0x00007ffc56520000 - 0x00007ffc56663000 	C:\Windows\SYSTEM32\textinputframework.dll
0x00007ffc62d00000 - 0x00007ffc62db0000 	C:\Windows\System32\clbcatq.dll
0x00007ffc43320000 - 0x00007ffc4336b000 	C:\Windows\system32\ApplicationTargetedFeatureDatabase.dll
0x00007ffc54a60000 - 0x00007ffc54d02000 	C:\Windows\System32\twinapi.appcore.dll
0x00007ffc2c450000 - 0x00007ffc2c469000 	D:\programming\bin\net.dll
0x00007ffc5b470000 - 0x00007ffc5b5a6000 	C:\Windows\SYSTEM32\WINHTTP.dll
0x00007ffc614c0000 - 0x00007ffc61529000 	C:\Windows\system32\mswsock.dll
0x00007ffc2a480000 - 0x00007ffc2a496000 	D:\programming\bin\nio.dll
0x00007ffc5a6a0000 - 0x00007ffc5a7d3000 	C:\Windows\SYSTEM32\CoreMessaging.dll
0x00007ffc57d40000 - 0x00007ffc580ad000 	C:\Windows\SYSTEM32\CoreUIComponents.dll
0x00007ffc616c0000 - 0x00007ffc616cc000 	C:\Windows\SYSTEM32\CRYPTBASE.DLL

dbghelp: loaded successfully - version: 4.0.5 - missing functions: none
symbol engine: initialized successfully - sym options: 0x614 - pdb path: .;D:\programming\bin;C:\Windows\SYSTEM32;C:\Windows\WinSxS\amd64_microsoft.windows.common-controls_6595b64144ccf1df_6.0.22621.3672_none_2713b9d173822955;D:\programming\bin\server

VM Arguments:
jvm_args: -XX:+ShowCodeDetailsInExceptionMessages 
java_command: CBL.gitProject.MainMenu
java_class_path (initial): C:\Users\吴珅美\AppData\Roaming\Code\User\workspaceStorage\5e22b27d16c104cde7463f0815171bc1\redhat.java\jdt_ws\CBL-project_946773c8\bin
Launcher Type: SUN_STANDARD

[Global flags]
     intx CICompilerCount                          = 12                                        {product} {ergonomic}
     uint ConcGCThreads                            = 3                                         {product} {ergonomic}
     uint G1ConcRefinementThreads                  = 13                                        {product} {ergonomic}
   size_t G1HeapRegionSize                         = 4194304                                   {product} {ergonomic}
    uintx GCDrainStackTargetSize                   = 64                                        {product} {ergonomic}
   size_t InitialHeapSize                          = 532676608                                 {product} {ergonomic}
   size_t MarkStackSize                            = 4194304                                   {product} {ergonomic}
   size_t MaxHeapSize                              = 8518631424                                {product} {ergonomic}
   size_t MaxNewSize                               = 5108662272                                {product} {ergonomic}
   size_t MinHeapDeltaBytes                        = 4194304                                   {product} {ergonomic}
   size_t MinHeapSize                              = 8388608                                   {product} {ergonomic}
    uintx NonNMethodCodeHeapSize                   = 7602480                                {pd product} {ergonomic}
    uintx NonProfiledCodeHeapSize                  = 122027880                              {pd product} {ergonomic}
    uintx ProfiledCodeHeapSize                     = 122027880                              {pd product} {ergonomic}
    uintx ReservedCodeCacheSize                    = 251658240                              {pd product} {ergonomic}
     bool SegmentedCodeCache                       = true                                      {product} {ergonomic}
     bool ShowCodeDetailsInExceptionMessages       = true                                   {manageable} {command line}
   size_t SoftMaxHeapSize                          = 8518631424                             {manageable} {ergonomic}
     bool UseCompressedClassPointers               = true                           {product lp64_product} {ergonomic}
     bool UseCompressedOops                        = true                           {product lp64_product} {ergonomic}
     bool UseG1GC                                  = true                                      {product} {ergonomic}
     bool UseLargePagesIndividualAllocation        = false                                  {pd product} {ergonomic}

Logging:
Log output configuration:
 #0: stdout all=warning uptime,level,tags
 #1: stderr all=off uptime,level,tags

Environment Variables:
JAVA_HOME=D:\programming
CLASSPATH=.;D:\programming\lib\dt.jar;D:\programming\lib\tools.jar
PATH=C:\Program Files\PowerShell\7;C:\Program Files\Common Files\Oracle\Java\javapath;C:\Windows\system32;C:\Windows;C:\Windows\System32\Wbem;C:\Windows\System32\WindowsPowerShell\v1.0\;C:\Windows\System32\OpenSSH\;C:\Program Files (x86)\NVIDIA Corporation\PhysX\Common;C:\Program Files\NVIDIA Corporation\NVIDIA NvDLISR;D:\programming\bin;D:\programming\jre\bin;C:\Program Files\PowerShell\7\;D:\programming\Git\cmd;C:\Users\吴珅美\AppData\Local\Microsoft\WindowsApps;C:\Users\吴珅美\AppData\Local\Programs\Microsoft VS Code\bin;C:\Users\吴珅美\AppData\Local\GitHubDesktop\bin
USERNAME=吴珅美
LANG=en_US.UTF-8
OS=Windows_NT
PROCESSOR_IDENTIFIER=Intel64 Family 6 Model 186 Stepping 2, GenuineIntel



---------------  S Y S T E M  ---------------

OS:
 Windows 11 , 64 bit Build 22621 (10.0.22621.3958)
OS uptime: 5 days 2:36 hours
Hyper-V role detected

CPU: total 16 (initial active 16) (8 cores per cpu, 2 threads per core) family 6 model 186 stepping 2 microcode 0x410e, cx8, cmov, fxsr, ht, mmx, 3dnowpref, sse, sse2, sse3, ssse3, sse4.1, sse4.2, popcnt, lzcnt, tsc, tscinvbit, avx, avx2, aes, erms, clmul, bmi1, bmi2, adx, sha, fma, vzeroupper, clflush, clflushopt, clwb, hv

Memory: 4k page, system-wide physical 32491M (8188M free)
TotalPageFile size 58091M (AvailPageFile size 688M)
current process WorkingSet (physical memory assigned to process): 40M, peak: 209M
current process commit charge ("private bytes"): 635M, peak: 658M

vm_info: Java HotSpot(TM) 64-Bit Server VM (17.0.12+8-LTS-286) for windows-amd64 JRE (17.0.12+8-LTS-286), built on Jun  5 2024 06:46:59 by "mach5one" with MS VC++ 17.6 (VS2022)

END.
