#
# There is insufficient memory for the Java Runtime Environment to continue.
# Native memory allocation (malloc) failed to allocate 32744 bytes for ChunkPool::allocate
# Possible reasons:
#   The system is out of physical RAM or swap space
#   The process is running with CompressedOops enabled, and the Java Heap may be blocking the growth of the native heap
# Possible solutions:
#   Reduce memory load on the system
#   Increase physical memory or swap space
#   Check if swap backing store is full
#   Decrease Java heap size (-Xmx/-Xms)
#   Decrease number of Java threads
#   Decrease Java thread stack sizes (-Xss)
#   Set larger code cache with -XX:ReservedCodeCacheSize=
#   JVM is running with Zero Based Compressed Oops mode in which the Java heap is
#     placed in the first 32GB address space. The Java Heap base address is the
#     maximum limit for the native heap growth. Please use -XX:HeapBaseMinAddress
#     to set the Java Heap base and to place the Java Heap above 32GB virtual address.
# This output file may be truncated or incomplete.
#
#  Out of Memory Error (arena.cpp:78), pid=1504, tid=22152
#
# JRE version: Java(TM) SE Runtime Environment (17.0.12+8) (build 17.0.12+8-LTS-286)
# Java VM: Java HotSpot(TM) 64-Bit Server VM (17.0.12+8-LTS-286, mixed mode, sharing, tiered, compressed oops, compressed class ptrs, g1 gc, windows-amd64)
# No core dump will be written. Minidumps are not enabled by default on client versions of Windows
#

---------------  S U M M A R Y ------------

Command Line: -XX:+ShowCodeDetailsInExceptionMessages CBL.gitProject.MainMenu

Host: 13th Gen Intel(R) Core(TM) i5-13500H, 16 cores, 31G,  Windows 11 , 64 bit Build 22621 (10.0.22621.3958)
Time: Wed Oct 16 05:03:21 2024  Windows 11 , 64 bit Build 22621 (10.0.22621.3958) elapsed time: 102587.243349 seconds (1d 4h 29m 47s)

---------------  T H R E A D  ---------------

Current thread (0x00000165424e6790):  JavaThread "C2 CompilerThread0" daemon [_thread_in_native, id=22152, stack(0x0000002764200000,0x0000002764300000)]


Current CompileTask:
C2:102587243 2166       4       java.util.HashMap$HashIterator::nextNode (100 bytes)

Stack: [0x0000002764200000,0x0000002764300000]
Native frames: (J=compiled Java code, j=interpreted, Vv=VM code, C=native code)
V  [jvm.dll+0x67a04a]
V  [jvm.dll+0x7da4ed]
V  [jvm.dll+0x7dbe33]
V  [jvm.dll+0x7dc4a3]
V  [jvm.dll+0x24508f]
V  [jvm.dll+0xab9a4]
V  [jvm.dll+0xabd3c]
V  [jvm.dll+0xab884]
V  [jvm.dll+0x658e4c]
V  [jvm.dll+0x581add]
V  [jvm.dll+0x21f422]
V  [jvm.dll+0x21837b]
V  [jvm.dll+0x215b65]
V  [jvm.dll+0x1a2960]
V  [jvm.dll+0x22610b]
V  [jvm.dll+0x2242ab]
V  [jvm.dll+0x79075c]
V  [jvm.dll+0x78abea]
V  [jvm.dll+0x678f35]
C  [ucrtbase.dll+0x29333]
C  [KERNEL32.DLL+0x1257d]
C  [ntdll.dll+0x5af08]


---------------  P R O C E S S  ---------------

Threads class SMR info:
_java_thread_list=0x0000016584b4d8e0, length=16, elements={
0x00000165424ca240, 0x00000165424cb0c0, 0x00000165424dd690, 0x00000165424e1170,
0x00000165424e1b30, 0x00000165424e24f0, 0x00000165424e6790, 0x00000165424e9170,
0x00000165424f3aa0, 0x00000165841dd550, 0x00000165841e1e50, 0x00000165843e4ed0,
0x00000165843e53b0, 0x00000165843fcbb0, 0x00000165845df2e0, 0x00000165140eee20
}

Java Threads: ( => current thread )
  0x00000165424ca240 JavaThread "Reference Handler" daemon [_thread_blocked, id=13020, stack(0x0000002763c00000,0x0000002763d00000)]
  0x00000165424cb0c0 JavaThread "Finalizer" daemon [_thread_blocked, id=34952, stack(0x0000002763d00000,0x0000002763e00000)]
  0x00000165424dd690 JavaThread "Signal Dispatcher" daemon [_thread_blocked, id=8588, stack(0x0000002763e00000,0x0000002763f00000)]
  0x00000165424e1170 JavaThread "Attach Listener" daemon [_thread_blocked, id=30796, stack(0x0000002763f00000,0x0000002764000000)]
  0x00000165424e1b30 JavaThread "Service Thread" daemon [_thread_blocked, id=1848, stack(0x0000002764000000,0x0000002764100000)]
  0x00000165424e24f0 JavaThread "Monitor Deflation Thread" daemon [_thread_blocked, id=2656, stack(0x0000002764100000,0x0000002764200000)]
=>0x00000165424e6790 JavaThread "C2 CompilerThread0" daemon [_thread_in_native, id=22152, stack(0x0000002764200000,0x0000002764300000)]
  0x00000165424e9170 JavaThread "C1 CompilerThread0" daemon [_thread_blocked, id=31192, stack(0x0000002764300000,0x0000002764400000)]
  0x00000165424f3aa0 JavaThread "Sweeper thread" daemon [_thread_blocked, id=24440, stack(0x0000002764400000,0x0000002764500000)]
  0x00000165841dd550 JavaThread "Notification Thread" daemon [_thread_blocked, id=23384, stack(0x0000002764600000,0x0000002764700000)]
  0x00000165841e1e50 JavaThread "Common-Cleaner" daemon [_thread_blocked, id=30564, stack(0x0000002764800000,0x0000002764900000)]
  0x00000165843e4ed0 JavaThread "Java2D Disposer" daemon [_thread_blocked, id=19916, stack(0x0000002764900000,0x0000002764a00000)]
  0x00000165843e53b0 JavaThread "AWT-Shutdown" [_thread_blocked, id=12532, stack(0x0000002764a00000,0x0000002764b00000)]
  0x00000165843fcbb0 JavaThread "AWT-Windows" daemon [_thread_in_native, id=22716, stack(0x0000002764b00000,0x0000002764c00000)]
  0x00000165845df2e0 JavaThread "AWT-EventQueue-0" [_thread_in_vm, id=19904, stack(0x0000002764c00000,0x0000002764d00000)]
  0x00000165140eee20 JavaThread "DestroyJavaVM" [_thread_blocked, id=34348, stack(0x0000002763500000,0x0000002763600000)]

Other Threads:
  0x00000165424c6200 VMThread "VM Thread" [stack: 0x0000002763b00000,0x0000002763c00000] [id=30072] _threads_hazard_ptr=0x0000016584b4d8e0
  0x00000165141bc940 WatcherThread [stack: 0x0000002764700000,0x0000002764800000] [id=8716]
  0x000001651419fbe0 GCTaskThread "GC Thread#0" [stack: 0x0000002763600000,0x0000002763700000] [id=30048]
  0x0000016589abbc70 GCTaskThread "GC Thread#1" [stack: 0x0000002764f00000,0x0000002765000000] [id=28336]
  0x0000016584966a90 GCTaskThread "GC Thread#2" [stack: 0x0000002765000000,0x0000002765100000] [id=20068]
  0x0000016584966d50 GCTaskThread "GC Thread#3" [stack: 0x0000002765100000,0x0000002765200000] [id=11876]
  0x00000165849b2340 GCTaskThread "GC Thread#4" [stack: 0x0000002765200000,0x0000002765300000] [id=11648]
  0x0000016584700fd0 GCTaskThread "GC Thread#5" [stack: 0x0000002765300000,0x0000002765400000] [id=28712]
  0x0000016584701690 GCTaskThread "GC Thread#6" [stack: 0x0000002765400000,0x0000002765500000] [id=25080]
  0x00000165849b2600 GCTaskThread "GC Thread#7" [stack: 0x0000002765500000,0x0000002765600000] [id=36868]
  0x00000165849b28c0 GCTaskThread "GC Thread#8" [stack: 0x0000002765600000,0x0000002765700000] [id=16164]
  0x00000165849b3390 GCTaskThread "GC Thread#9" [stack: 0x0000002765700000,0x0000002765800000] [id=4368]
  0x00000165849b3650 GCTaskThread "GC Thread#10" [stack: 0x0000002765800000,0x0000002765900000] [id=14388]
  0x00000165849b3910 GCTaskThread "GC Thread#11" [stack: 0x0000002765900000,0x0000002765a00000] [id=32308]
  0x00000165141b0900 ConcurrentGCThread "G1 Main Marker" [stack: 0x0000002763700000,0x0000002763800000] [id=12376]
  0x00000165141b2330 ConcurrentGCThread "G1 Conc#0" [stack: 0x0000002763800000,0x0000002763900000] [id=37852]
  0x00000165423ff290 ConcurrentGCThread "G1 Refine#0" [stack: 0x0000002763900000,0x0000002763a00000] [id=16672]
  0x00000165423ffcc0 ConcurrentGCThread "G1 Service" [stack: 0x0000002763a00000,0x0000002763b00000] [id=9068]

Threads with active compile tasks:
C2 CompilerThread0  102587261 2166       4       java.util.HashMap$HashIterator::nextNode (100 bytes)

VM state: synchronizing (normal execution)

VM Mutex/Monitor currently owned by a thread:  ([mutex/lock_event])
[0x00000165140eac90] Threads_lock - owner thread: 0x00000165424c6200

Heap address: 0x0000000604400000, size: 8124 MB, Compressed Oops mode: Zero based, Oop shift amount: 3

CDS archive(s) mapped at: [0x0000016543000000-0x0000016543bd0000-0x0000016543bd0000), size 12386304, SharedBaseAddress: 0x0000016543000000, ArchiveRelocationMode: 1.
Compressed class space mapped at: 0x0000016544000000-0x0000016584000000, reserved size: 1073741824
Narrow klass base: 0x0000016543000000, Narrow klass shift: 0, Narrow klass range: 0x100000000

GC Precious Log:
 CPUs: 16 total, 16 available
 Memory: 32491M
 Large Page Support: Disabled
 NUMA Support: Disabled
 Compressed Oops: Enabled (Zero based)
 Heap Region Size: 4M
 Heap Min Capacity: 8M
 Heap Initial Capacity: 508M
 Heap Max Capacity: 8124M
 Pre-touch: Disabled
 Parallel Workers: 13
 Concurrent Workers: 3
 Concurrent Refinement Workers: 13
 Periodic GC: Disabled

Heap:
 garbage-first heap   total 520192K, used 72006K [0x0000000604400000, 0x0000000800000000)
  region size 4096K, 14 young (57344K), 1 survivors (4096K)
 Metaspace       used 8736K, committed 8896K, reserved 1114112K
  class space    used 871K, committed 960K, reserved 1048576K

Heap Regions: E=young(eden), S=young(survivor), O=old, HS=humongous(starts), HC=humongous(continues), CS=collection set, F=free, OA=open archive, CA=closed archive, TAMS=top-at-mark-start (previous, next)
|   0|0x0000000604400000, 0x0000000604800000, 0x0000000604800000|100%|HS|  |TAMS 0x0000000604400000, 0x0000000604400000| Complete 
|   1|0x0000000604800000, 0x0000000604800000, 0x0000000604c00000|  0%| F|  |TAMS 0x0000000604800000, 0x0000000604800000| Untracked 
|   2|0x0000000604c00000, 0x0000000604c00000, 0x0000000605000000|  0%| F|  |TAMS 0x0000000604c00000, 0x0000000604c00000| Untracked 
|   3|0x0000000605000000, 0x0000000605000000, 0x0000000605400000|  0%| F|  |TAMS 0x0000000605000000, 0x0000000605000000| Untracked 
|   4|0x0000000605400000, 0x0000000605400000, 0x0000000605800000|  0%| F|  |TAMS 0x0000000605400000, 0x0000000605400000| Untracked 
|   5|0x0000000605800000, 0x0000000605c00000, 0x0000000605c00000|100%|HS|  |TAMS 0x0000000605800000, 0x0000000605800000| Complete 
|   6|0x0000000605c00000, 0x0000000606000000, 0x0000000606000000|100%|HC|  |TAMS 0x0000000605c00000, 0x0000000605c00000| Complete 
|   7|0x0000000606000000, 0x0000000606400000, 0x0000000606400000|100%|HC|  |TAMS 0x0000000606000000, 0x0000000606000000| Complete 
|   8|0x0000000606400000, 0x0000000606800000, 0x0000000606800000|100%|HC|  |TAMS 0x0000000606400000, 0x0000000606400000| Complete 
|   9|0x0000000606800000, 0x0000000606800000, 0x0000000606c00000|  0%| F|  |TAMS 0x0000000606800000, 0x0000000606800000| Untracked 
|  10|0x0000000606c00000, 0x0000000606c00000, 0x0000000607000000|  0%| F|  |TAMS 0x0000000606c00000, 0x0000000606c00000| Untracked 
|  11|0x0000000607000000, 0x0000000607000000, 0x0000000607400000|  0%| F|  |TAMS 0x0000000607000000, 0x0000000607000000| Untracked 
|  12|0x0000000607400000, 0x0000000607400000, 0x0000000607800000|  0%| F|  |TAMS 0x0000000607400000, 0x0000000607400000| Untracked 
|  13|0x0000000607800000, 0x0000000607800000, 0x0000000607c00000|  0%| F|  |TAMS 0x0000000607800000, 0x0000000607800000| Untracked 
|  14|0x0000000607c00000, 0x0000000607c00000, 0x0000000608000000|  0%| F|  |TAMS 0x0000000607c00000, 0x0000000607c00000| Untracked 
|  15|0x0000000608000000, 0x0000000608000000, 0x0000000608400000|  0%| F|  |TAMS 0x0000000608000000, 0x0000000608000000| Untracked 
|  16|0x0000000608400000, 0x0000000608400000, 0x0000000608800000|  0%| F|  |TAMS 0x0000000608400000, 0x0000000608400000| Untracked 
|  17|0x0000000608800000, 0x0000000608800000, 0x0000000608c00000|  0%| F|  |TAMS 0x0000000608800000, 0x0000000608800000| Untracked 
|  18|0x0000000608c00000, 0x0000000608c00000, 0x0000000609000000|  0%| F|  |TAMS 0x0000000608c00000, 0x0000000608c00000| Untracked 
|  19|0x0000000609000000, 0x0000000609000000, 0x0000000609400000|  0%| F|  |TAMS 0x0000000609000000, 0x0000000609000000| Untracked 
|  20|0x0000000609400000, 0x0000000609400000, 0x0000000609800000|  0%| F|  |TAMS 0x0000000609400000, 0x0000000609400000| Untracked 
|  21|0x0000000609800000, 0x0000000609800000, 0x0000000609c00000|  0%| F|  |TAMS 0x0000000609800000, 0x0000000609800000| Untracked 
|  22|0x0000000609c00000, 0x0000000609c00000, 0x000000060a000000|  0%| F|  |TAMS 0x0000000609c00000, 0x0000000609c00000| Untracked 
|  23|0x000000060a000000, 0x000000060a000000, 0x000000060a400000|  0%| F|  |TAMS 0x000000060a000000, 0x000000060a000000| Untracked 
|  24|0x000000060a400000, 0x000000060a400000, 0x000000060a800000|  0%| F|  |TAMS 0x000000060a400000, 0x000000060a400000| Untracked 
|  25|0x000000060a800000, 0x000000060a800000, 0x000000060ac00000|  0%| F|  |TAMS 0x000000060a800000, 0x000000060a800000| Untracked 
|  26|0x000000060ac00000, 0x000000060ac00000, 0x000000060b000000|  0%| F|  |TAMS 0x000000060ac00000, 0x000000060ac00000| Untracked 
|  27|0x000000060b000000, 0x000000060b000000, 0x000000060b400000|  0%| F|  |TAMS 0x000000060b000000, 0x000000060b000000| Untracked 
|  28|0x000000060b400000, 0x000000060b400000, 0x000000060b800000|  0%| F|  |TAMS 0x000000060b400000, 0x000000060b400000| Untracked 
|  29|0x000000060b800000, 0x000000060b800000, 0x000000060bc00000|  0%| F|  |TAMS 0x000000060b800000, 0x000000060b800000| Untracked 
|  30|0x000000060bc00000, 0x000000060bc00000, 0x000000060c000000|  0%| F|  |TAMS 0x000000060bc00000, 0x000000060bc00000| Untracked 
|  31|0x000000060c000000, 0x000000060c000000, 0x000000060c400000|  0%| F|  |TAMS 0x000000060c000000, 0x000000060c000000| Untracked 
|  32|0x000000060c400000, 0x000000060c400000, 0x000000060c800000|  0%| F|  |TAMS 0x000000060c400000, 0x000000060c400000| Untracked 
|  33|0x000000060c800000, 0x000000060c800000, 0x000000060cc00000|  0%| F|  |TAMS 0x000000060c800000, 0x000000060c800000| Untracked 
|  34|0x000000060cc00000, 0x000000060cc00000, 0x000000060d000000|  0%| F|  |TAMS 0x000000060cc00000, 0x000000060cc00000| Untracked 
|  35|0x000000060d000000, 0x000000060d000000, 0x000000060d400000|  0%| F|  |TAMS 0x000000060d000000, 0x000000060d000000| Untracked 
|  36|0x000000060d400000, 0x000000060d400000, 0x000000060d800000|  0%| F|  |TAMS 0x000000060d400000, 0x000000060d400000| Untracked 
|  37|0x000000060d800000, 0x000000060d800000, 0x000000060dc00000|  0%| F|  |TAMS 0x000000060d800000, 0x000000060d800000| Untracked 
|  38|0x000000060dc00000, 0x000000060dc00000, 0x000000060e000000|  0%| F|  |TAMS 0x000000060dc00000, 0x000000060dc00000| Untracked 
|  39|0x000000060e000000, 0x000000060e000000, 0x000000060e400000|  0%| F|  |TAMS 0x000000060e000000, 0x000000060e000000| Untracked 
|  40|0x000000060e400000, 0x000000060e400000, 0x000000060e800000|  0%| F|  |TAMS 0x000000060e400000, 0x000000060e400000| Untracked 
|  41|0x000000060e800000, 0x000000060e800000, 0x000000060ec00000|  0%| F|  |TAMS 0x000000060e800000, 0x000000060e800000| Untracked 
|  42|0x000000060ec00000, 0x000000060ec00000, 0x000000060f000000|  0%| F|  |TAMS 0x000000060ec00000, 0x000000060ec00000| Untracked 
|  43|0x000000060f000000, 0x000000060f000000, 0x000000060f400000|  0%| F|  |TAMS 0x000000060f000000, 0x000000060f000000| Untracked 
|  44|0x000000060f400000, 0x000000060f400000, 0x000000060f800000|  0%| F|  |TAMS 0x000000060f400000, 0x000000060f400000| Untracked 
|  45|0x000000060f800000, 0x000000060f800000, 0x000000060fc00000|  0%| F|  |TAMS 0x000000060f800000, 0x000000060f800000| Untracked 
|  46|0x000000060fc00000, 0x000000060fc00000, 0x0000000610000000|  0%| F|  |TAMS 0x000000060fc00000, 0x000000060fc00000| Untracked 
|  47|0x0000000610000000, 0x0000000610000000, 0x0000000610400000|  0%| F|  |TAMS 0x0000000610000000, 0x0000000610000000| Untracked 
|  48|0x0000000610400000, 0x0000000610400000, 0x0000000610800000|  0%| F|  |TAMS 0x0000000610400000, 0x0000000610400000| Untracked 
|  49|0x0000000610800000, 0x0000000610800000, 0x0000000610c00000|  0%| F|  |TAMS 0x0000000610800000, 0x0000000610800000| Untracked 
|  50|0x0000000610c00000, 0x0000000610c00000, 0x0000000611000000|  0%| F|  |TAMS 0x0000000610c00000, 0x0000000610c00000| Untracked 
|  51|0x0000000611000000, 0x0000000611000000, 0x0000000611400000|  0%| F|  |TAMS 0x0000000611000000, 0x0000000611000000| Untracked 
|  52|0x0000000611400000, 0x0000000611400000, 0x0000000611800000|  0%| F|  |TAMS 0x0000000611400000, 0x0000000611400000| Untracked 
|  53|0x0000000611800000, 0x0000000611800000, 0x0000000611c00000|  0%| F|  |TAMS 0x0000000611800000, 0x0000000611800000| Untracked 
|  54|0x0000000611c00000, 0x0000000611c00000, 0x0000000612000000|  0%| F|  |TAMS 0x0000000611c00000, 0x0000000611c00000| Untracked 
|  55|0x0000000612000000, 0x0000000612000000, 0x0000000612400000|  0%| F|  |TAMS 0x0000000612000000, 0x0000000612000000| Untracked 
|  56|0x0000000612400000, 0x0000000612400000, 0x0000000612800000|  0%| F|  |TAMS 0x0000000612400000, 0x0000000612400000| Untracked 
|  57|0x0000000612800000, 0x0000000612800000, 0x0000000612c00000|  0%| F|  |TAMS 0x0000000612800000, 0x0000000612800000| Untracked 
|  58|0x0000000612c00000, 0x0000000612c00000, 0x0000000613000000|  0%| F|  |TAMS 0x0000000612c00000, 0x0000000612c00000| Untracked 
|  59|0x0000000613000000, 0x0000000613000000, 0x0000000613400000|  0%| F|  |TAMS 0x0000000613000000, 0x0000000613000000| Untracked 
|  60|0x0000000613400000, 0x0000000613400000, 0x0000000613800000|  0%| F|  |TAMS 0x0000000613400000, 0x0000000613400000| Untracked 
|  61|0x0000000613800000, 0x0000000613800000, 0x0000000613c00000|  0%| F|  |TAMS 0x0000000613800000, 0x0000000613800000| Untracked 
|  62|0x0000000613c00000, 0x0000000613c00000, 0x0000000614000000|  0%| F|  |TAMS 0x0000000613c00000, 0x0000000613c00000| Untracked 
|  63|0x0000000614000000, 0x0000000614000000, 0x0000000614400000|  0%| F|  |TAMS 0x0000000614000000, 0x0000000614000000| Untracked 
|  64|0x0000000614400000, 0x0000000614400000, 0x0000000614800000|  0%| F|  |TAMS 0x0000000614400000, 0x0000000614400000| Untracked 
|  65|0x0000000614800000, 0x0000000614800000, 0x0000000614c00000|  0%| F|  |TAMS 0x0000000614800000, 0x0000000614800000| Untracked 
|  66|0x0000000614c00000, 0x0000000614c00000, 0x0000000615000000|  0%| F|  |TAMS 0x0000000614c00000, 0x0000000614c00000| Untracked 
|  67|0x0000000615000000, 0x0000000615000000, 0x0000000615400000|  0%| F|  |TAMS 0x0000000615000000, 0x0000000615000000| Untracked 
|  68|0x0000000615400000, 0x0000000615400000, 0x0000000615800000|  0%| F|  |TAMS 0x0000000615400000, 0x0000000615400000| Untracked 
|  69|0x0000000615800000, 0x0000000615800000, 0x0000000615c00000|  0%| F|  |TAMS 0x0000000615800000, 0x0000000615800000| Untracked 
|  70|0x0000000615c00000, 0x0000000615c00000, 0x0000000616000000|  0%| F|  |TAMS 0x0000000615c00000, 0x0000000615c00000| Untracked 
|  71|0x0000000616000000, 0x0000000616000000, 0x0000000616400000|  0%| F|  |TAMS 0x0000000616000000, 0x0000000616000000| Untracked 
|  72|0x0000000616400000, 0x0000000616400000, 0x0000000616800000|  0%| F|  |TAMS 0x0000000616400000, 0x0000000616400000| Untracked 
|  73|0x0000000616800000, 0x0000000616800000, 0x0000000616c00000|  0%| F|  |TAMS 0x0000000616800000, 0x0000000616800000| Untracked 
|  74|0x0000000616c00000, 0x0000000616c00000, 0x0000000617000000|  0%| F|  |TAMS 0x0000000616c00000, 0x0000000616c00000| Untracked 
|  75|0x0000000617000000, 0x0000000617000000, 0x0000000617400000|  0%| F|  |TAMS 0x0000000617000000, 0x0000000617000000| Untracked 
|  76|0x0000000617400000, 0x0000000617400000, 0x0000000617800000|  0%| F|  |TAMS 0x0000000617400000, 0x0000000617400000| Untracked 
|  77|0x0000000617800000, 0x0000000617800000, 0x0000000617c00000|  0%| F|  |TAMS 0x0000000617800000, 0x0000000617800000| Untracked 
|  78|0x0000000617c00000, 0x0000000617c00000, 0x0000000618000000|  0%| F|  |TAMS 0x0000000617c00000, 0x0000000617c00000| Untracked 
|  79|0x0000000618000000, 0x0000000618000000, 0x0000000618400000|  0%| F|  |TAMS 0x0000000618000000, 0x0000000618000000| Untracked 
|  80|0x0000000618400000, 0x0000000618400000, 0x0000000618800000|  0%| F|  |TAMS 0x0000000618400000, 0x0000000618400000| Untracked 
|  81|0x0000000618800000, 0x0000000618800000, 0x0000000618c00000|  0%| F|  |TAMS 0x0000000618800000, 0x0000000618800000| Untracked 
|  82|0x0000000618c00000, 0x0000000618c00000, 0x0000000619000000|  0%| F|  |TAMS 0x0000000618c00000, 0x0000000618c00000| Untracked 
|  83|0x0000000619000000, 0x0000000619000000, 0x0000000619400000|  0%| F|  |TAMS 0x0000000619000000, 0x0000000619000000| Untracked 
|  84|0x0000000619400000, 0x0000000619400000, 0x0000000619800000|  0%| F|  |TAMS 0x0000000619400000, 0x0000000619400000| Untracked 
|  85|0x0000000619800000, 0x0000000619800000, 0x0000000619c00000|  0%| F|  |TAMS 0x0000000619800000, 0x0000000619800000| Untracked 
|  86|0x0000000619c00000, 0x0000000619c00000, 0x000000061a000000|  0%| F|  |TAMS 0x0000000619c00000, 0x0000000619c00000| Untracked 
|  87|0x000000061a000000, 0x000000061a000000, 0x000000061a400000|  0%| F|  |TAMS 0x000000061a000000, 0x000000061a000000| Untracked 
|  88|0x000000061a400000, 0x000000061a400000, 0x000000061a800000|  0%| F|  |TAMS 0x000000061a400000, 0x000000061a400000| Untracked 
|  89|0x000000061a800000, 0x000000061a800000, 0x000000061ac00000|  0%| F|  |TAMS 0x000000061a800000, 0x000000061a800000| Untracked 
|  90|0x000000061ac00000, 0x000000061ac00000, 0x000000061b000000|  0%| F|  |TAMS 0x000000061ac00000, 0x000000061ac00000| Untracked 
|  91|0x000000061b000000, 0x000000061b000000, 0x000000061b400000|  0%| F|  |TAMS 0x000000061b000000, 0x000000061b000000| Untracked 
|  92|0x000000061b400000, 0x000000061b400000, 0x000000061b800000|  0%| F|  |TAMS 0x000000061b400000, 0x000000061b400000| Untracked 
|  93|0x000000061b800000, 0x000000061b800000, 0x000000061bc00000|  0%| F|  |TAMS 0x000000061b800000, 0x000000061b800000| Untracked 
|  94|0x000000061bc00000, 0x000000061bc00000, 0x000000061c000000|  0%| F|  |TAMS 0x000000061bc00000, 0x000000061bc00000| Untracked 
|  95|0x000000061c000000, 0x000000061c000000, 0x000000061c400000|  0%| F|  |TAMS 0x000000061c000000, 0x000000061c000000| Untracked 
|  96|0x000000061c400000, 0x000000061c400000, 0x000000061c800000|  0%| F|  |TAMS 0x000000061c400000, 0x000000061c400000| Untracked 
|  97|0x000000061c800000, 0x000000061c800000, 0x000000061cc00000|  0%| F|  |TAMS 0x000000061c800000, 0x000000061c800000| Untracked 
|  98|0x000000061cc00000, 0x000000061cc00000, 0x000000061d000000|  0%| F|  |TAMS 0x000000061cc00000, 0x000000061cc00000| Untracked 
|  99|0x000000061d000000, 0x000000061d000000, 0x000000061d400000|  0%| F|  |TAMS 0x000000061d000000, 0x000000061d000000| Untracked 
| 100|0x000000061d400000, 0x000000061d400000, 0x000000061d800000|  0%| F|  |TAMS 0x000000061d400000, 0x000000061d400000| Untracked 
| 101|0x000000061d800000, 0x000000061d800000, 0x000000061dc00000|  0%| F|  |TAMS 0x000000061d800000, 0x000000061d800000| Untracked 
| 102|0x000000061dc00000, 0x000000061dc00000, 0x000000061e000000|  0%| F|  |TAMS 0x000000061dc00000, 0x000000061dc00000| Untracked 
| 103|0x000000061e000000, 0x000000061e000000, 0x000000061e400000|  0%| F|  |TAMS 0x000000061e000000, 0x000000061e000000| Untracked 
| 104|0x000000061e400000, 0x000000061e400000, 0x000000061e800000|  0%| F|  |TAMS 0x000000061e400000, 0x000000061e400000| Untracked 
| 105|0x000000061e800000, 0x000000061e800000, 0x000000061ec00000|  0%| F|  |TAMS 0x000000061e800000, 0x000000061e800000| Untracked 
| 106|0x000000061ec00000, 0x000000061ec00000, 0x000000061f000000|  0%| F|  |TAMS 0x000000061ec00000, 0x000000061ec00000| Untracked 
| 107|0x000000061f000000, 0x000000061f000000, 0x000000061f400000|  0%| F|  |TAMS 0x000000061f000000, 0x000000061f000000| Untracked 
| 108|0x000000061f400000, 0x000000061f400000, 0x000000061f800000|  0%| F|  |TAMS 0x000000061f400000, 0x000000061f400000| Untracked 
| 109|0x000000061f800000, 0x000000061f800000, 0x000000061fc00000|  0%| F|  |TAMS 0x000000061f800000, 0x000000061f800000| Untracked 
| 110|0x000000061fc00000, 0x000000061fc00000, 0x0000000620000000|  0%| F|  |TAMS 0x000000061fc00000, 0x000000061fc00000| Untracked 
| 111|0x0000000620000000, 0x0000000620000000, 0x0000000620400000|  0%| F|  |TAMS 0x0000000620000000, 0x0000000620000000| Untracked 
| 112|0x0000000620400000, 0x0000000620400000, 0x0000000620800000|  0%| F|  |TAMS 0x0000000620400000, 0x0000000620400000| Untracked 
| 113|0x0000000620800000, 0x0000000620a00818, 0x0000000620c00000| 50%| E|  |TAMS 0x0000000620800000, 0x0000000620800000| Complete 
| 114|0x0000000620c00000, 0x0000000621000000, 0x0000000621000000|100%| E|CS|TAMS 0x0000000620c00000, 0x0000000620c00000| Complete 
| 115|0x0000000621000000, 0x0000000621400000, 0x0000000621400000|100%| E|CS|TAMS 0x0000000621000000, 0x0000000621000000| Complete 
| 116|0x0000000621400000, 0x0000000621800000, 0x0000000621800000|100%| E|CS|TAMS 0x0000000621400000, 0x0000000621400000| Complete 
| 117|0x0000000621800000, 0x0000000621a51818, 0x0000000621c00000| 57%| S|CS|TAMS 0x0000000621800000, 0x0000000621800000| Complete 
| 118|0x0000000621c00000, 0x0000000622000000, 0x0000000622000000|100%| E|CS|TAMS 0x0000000621c00000, 0x0000000621c00000| Complete 
| 119|0x0000000622000000, 0x0000000622400000, 0x0000000622400000|100%| E|CS|TAMS 0x0000000622000000, 0x0000000622000000| Complete 
| 120|0x0000000622400000, 0x0000000622800000, 0x0000000622800000|100%| E|CS|TAMS 0x0000000622400000, 0x0000000622400000| Complete 
| 121|0x0000000622800000, 0x0000000622c00000, 0x0000000622c00000|100%| E|CS|TAMS 0x0000000622800000, 0x0000000622800000| Complete 
| 122|0x0000000622c00000, 0x0000000623000000, 0x0000000623000000|100%| E|CS|TAMS 0x0000000622c00000, 0x0000000622c00000| Complete 
| 123|0x0000000623000000, 0x0000000623400000, 0x0000000623400000|100%| E|CS|TAMS 0x0000000623000000, 0x0000000623000000| Complete 
| 124|0x0000000623400000, 0x0000000623800000, 0x0000000623800000|100%| E|CS|TAMS 0x0000000623400000, 0x0000000623400000| Complete 
| 125|0x0000000623800000, 0x0000000623c00000, 0x0000000623c00000|100%| E|CS|TAMS 0x0000000623800000, 0x0000000623800000| Complete 
| 126|0x0000000623c00000, 0x0000000624000000, 0x0000000624000000|100%| E|CS|TAMS 0x0000000623c00000, 0x0000000623c00000| Complete 

Card table byte_map: [0x000001652e180000,0x000001652f160000] _byte_map_base: 0x000001652b15e000

Marking Bits (Prev, Next): (CMBitMap*) 0x00000165141a0200, (CMBitMap*) 0x00000165141a0240
 Prev Bits: [0x0000016530140000, 0x0000016538030000)
 Next Bits: [0x0000016538030000, 0x000001653ff20000)

Polling page: 0x00000165141c0000

Metaspace:

Usage:
  Non-class:      7.68 MB used.
      Class:    871.02 KB used.
       Both:      8.53 MB used.

Virtual space:
  Non-class space:       64.00 MB reserved,       7.75 MB ( 12%) committed,  1 nodes.
      Class space:        1.00 GB reserved,     960.00 KB ( <1%) committed,  1 nodes.
             Both:        1.06 GB reserved,       8.69 MB ( <1%) committed. 

Chunk freelists:
   Non-Class:  8.08 MB
       Class:  15.07 MB
        Both:  23.15 MB

MaxMetaspaceSize: unlimited
CompressedClassSpaceSize: 1.00 GB
Initial GC threshold: 21.00 MB
Current GC threshold: 21.00 MB
CDS: on
MetaspaceReclaimPolicy: balanced
 - commit_granule_bytes: 65536.
 - commit_granule_words: 8192.
 - virtual_space_node_default_size: 8388608.
 - enlarge_chunks_in_place: 1.
 - new_chunks_are_fully_committed: 0.
 - uncommit_free_chunks: 1.
 - use_allocation_guard: 0.
 - handle_deallocations: 1.


Internal statistics:

num_allocs_failed_limit: 0.
num_arena_births: 118.
num_arena_deaths: 0.
num_vsnodes_births: 2.
num_vsnodes_deaths: 0.
num_space_committed: 139.
num_space_uncommitted: 0.
num_chunks_returned_to_freelist: 0.
num_chunks_taken_from_freelist: 187.
num_chunk_merges: 0.
num_chunk_splits: 98.
num_chunks_enlarged: 27.
num_inconsistent_stats: 0.

CodeHeap 'non-profiled nmethods': size=119168Kb used=935Kb max_used=935Kb free=118232Kb
 bounds [0x0000016524d80000, 0x0000016524ff0000, 0x000001652c1e0000]
CodeHeap 'profiled nmethods': size=119104Kb used=4248Kb max_used=4248Kb free=114855Kb
 bounds [0x000001651d1e0000, 0x000001651d610000, 0x0000016524630000]
CodeHeap 'non-nmethods': size=7488Kb used=1263Kb max_used=2990Kb free=6224Kb
 bounds [0x0000016524630000, 0x0000016524920000, 0x0000016524d80000]
 total_blobs=2743 nmethods=2161 adapters=494
 compilation: enabled
              stopped_count=0, restarted_count=0
 full_count=0

Compilation events (20 events):
Event: 102586.807 Thread 0x00000165424e9170 nmethod 2156 0x000001651d601390 code [0x000001651d601580, 0x000001651d601a68]
Event: 102586.807 Thread 0x00000165424e9170 2157       3       java.util.WeakHashMap$Entry::getKey (8 bytes)
Event: 102586.808 Thread 0x00000165424e9170 nmethod 2157 0x000001651d601c10 code [0x000001651d601dc0, 0x000001651d602058]
Event: 102586.808 Thread 0x00000165424e9170 2158       3       java.util.WeakHashMap::unmaskNull (13 bytes)
Event: 102586.808 Thread 0x00000165424e9170 nmethod 2158 0x000001651d602110 code [0x000001651d6022a0, 0x000001651d6023f8]
Event: 102586.824 Thread 0x00000165424e6790 2159       4       java.util.HashMap$HashIterator::hasNext (13 bytes)
Event: 102586.824 Thread 0x00000165424e9170 2160       3       sun.awt.image.VolatileSurfaceManager::displayChanged (102 bytes)
Event: 102586.825 Thread 0x00000165424e6790 nmethod 2159 0x0000016524e69b90 code [0x0000016524e69d00, 0x0000016524e69d98]
Event: 102586.831 Thread 0x00000165424e9170 nmethod 2160 0x000001651d602490 code [0x000001651d6026c0, 0x000001651d6030c8]
Event: 102586.831 Thread 0x00000165424e9170 2161       3       sun.awt.image.SunVolatileImage::updateGraphicsConfig (25 bytes)
Event: 102586.831 Thread 0x00000165424e9170 nmethod 2161 0x000001651d603390 code [0x000001651d603540, 0x000001651d603838]
Event: 102586.831 Thread 0x00000165424e9170 2162       3       java.awt.EventQueue$5::<init> (20 bytes)
Event: 102586.832 Thread 0x00000165424e9170 nmethod 2162 0x000001651d603910 code [0x000001651d603ac0, 0x000001651d603d58]
Event: 102586.832 Thread 0x00000165424e9170 2163       3       java.awt.EventQueue$5::run (5 bytes)
Event: 102586.833 Thread 0x00000165424e9170 nmethod 2163 0x000001651d603e10 code [0x000001651d604060, 0x000001651d604788]
Event: 102586.833 Thread 0x00000165424e9170 2164       3       java.awt.EventQueue$5::run (19 bytes)
Event: 102586.833 Thread 0x00000165424e9170 nmethod 2164 0x000001651d604a90 code [0x000001651d604cc0, 0x000001651d605388]
Event: 102586.833 Thread 0x00000165424e9170 2165       3       java.security.ProtectionDomain$JavaSecurityAccessImpl::doIntersectionPrivilege (10 bytes)
Event: 102586.834 Thread 0x00000165424e9170 nmethod 2165 0x000001651d605690 code [0x000001651d6058c0, 0x000001651d605f08]
Event: 102587.203 Thread 0x00000165424e6790 2166       4       java.util.HashMap$HashIterator::nextNode (100 bytes)

GC Heap History (4 events):
Event: 2.550 GC heap before
{Heap before GC invocations=0 (full 0):
 garbage-first heap   total 520192K, used 57344K [0x0000000604400000, 0x0000000800000000)
  region size 4096K, 6 young (24576K), 0 survivors (0K)
 Metaspace       used 7794K, committed 8000K, reserved 1114112K
  class space    used 833K, committed 896K, reserved 1048576K
}
Event: 2.566 GC heap after
{Heap after GC invocations=1 (full 0):
 garbage-first heap   total 520192K, used 39171K [0x0000000604400000, 0x0000000800000000)
  region size 4096K, 1 young (4096K), 1 survivors (4096K)
 Metaspace       used 7794K, committed 8000K, reserved 1114112K
  class space    used 833K, committed 896K, reserved 1048576K
}
Event: 7.091 GC heap before
{Heap before GC invocations=1 (full 0):
 garbage-first heap   total 520192K, used 67843K [0x0000000604400000, 0x0000000800000000)
  region size 4096K, 9 young (36864K), 1 survivors (4096K)
 Metaspace       used 8247K, committed 8512K, reserved 1114112K
  class space    used 839K, committed 960K, reserved 1048576K
}
Event: 7.095 GC heap after
{Heap after GC invocations=2 (full 0):
 garbage-first heap   total 520192K, used 22854K [0x0000000604400000, 0x0000000800000000)
  region size 4096K, 1 young (4096K), 1 survivors (4096K)
 Metaspace       used 8247K, committed 8512K, reserved 1114112K
  class space    used 839K, committed 960K, reserved 1048576K
}

Deoptimization events (20 events):
Event: 9.356 Thread 0x00000165846b72c0 DEOPT PACKING pc=0x000001651d4f0b70 sp=0x0000002764dfeee0
Event: 9.356 Thread 0x00000165846b72c0 DEOPT UNPACKING pc=0x0000016524682b43 sp=0x0000002764dfe418 mode 0
Event: 9.357 Thread 0x00000165846b72c0 DEOPT PACKING pc=0x000001651d4f0b70 sp=0x0000002764dfeee0
Event: 9.357 Thread 0x00000165846b72c0 DEOPT UNPACKING pc=0x0000016524682b43 sp=0x0000002764dfe418 mode 0
Event: 9.357 Thread 0x00000165846b72c0 DEOPT PACKING pc=0x000001651d4f0b70 sp=0x0000002764dfeee0
Event: 9.357 Thread 0x00000165846b72c0 DEOPT UNPACKING pc=0x0000016524682b43 sp=0x0000002764dfe418 mode 0
Event: 10.796 Thread 0x00000165845df2e0 Uncommon trap: trap_request=0xffffff45 fr.pc=0x0000016524e0c0a8 relative=0x00000000000015a8
Event: 10.796 Thread 0x00000165845df2e0 Uncommon trap: reason=unstable_if action=reinterpret pc=0x0000016524e0c0a8 method=sun.java2d.pipe.AlphaPaintPipe.renderPathTile(Ljava/lang/Object;[BIIIIII)V @ 38 c2
Event: 10.796 Thread 0x00000165845df2e0 DEOPT PACKING pc=0x0000016524e0c0a8 sp=0x0000002764cfd860
Event: 10.796 Thread 0x00000165845df2e0 DEOPT UNPACKING pc=0x00000165246823a3 sp=0x0000002764cfd820 mode 2
Event: 20.785 Thread 0x00000165845df2e0 Uncommon trap: trap_request=0xffffff6e fr.pc=0x0000016524e30168 relative=0x0000000000000848
Event: 20.785 Thread 0x00000165845df2e0 Uncommon trap: reason=loop_limit_check action=maybe_recompile pc=0x0000016524e30168 method=java.awt.geom.AffineTransform.transform([DI[DII)V @ 516 c2
Event: 20.785 Thread 0x00000165845df2e0 DEOPT PACKING pc=0x0000016524e30168 sp=0x0000002764cfdbc0
Event: 20.786 Thread 0x00000165845df2e0 DEOPT UNPACKING pc=0x00000165246823a3 sp=0x0000002764cfdb10 mode 2
Event: 29.141 Thread 0x00000165845df2e0 DEOPT PACKING pc=0x000001651d562024 sp=0x0000002764cfedc0
Event: 29.142 Thread 0x00000165845df2e0 DEOPT UNPACKING pc=0x0000016524682b43 sp=0x0000002764cfe258 mode 0
Event: 11249.282 Thread 0x00000165845df2e0 Uncommon trap: trap_request=0xffffff6e fr.pc=0x0000016524e5fef0 relative=0x0000000000002310
Event: 11249.282 Thread 0x00000165845df2e0 Uncommon trap: reason=loop_limit_check action=maybe_recompile pc=0x0000016524e5fef0 method=java.awt.EventDispatchThread.filterAndCheckEvent(Ljava/awt/AWTEvent;)Z @ 22 c2
Event: 11249.282 Thread 0x00000165845df2e0 DEOPT PACKING pc=0x0000016524e5fef0 sp=0x0000002764cff290
Event: 11249.282 Thread 0x00000165845df2e0 DEOPT UNPACKING pc=0x00000165246823a3 sp=0x0000002764cff210 mode 2

Classes unloaded (0 events):
No events

Classes redefined (0 events):
No events

Internal exceptions (13 events):
Event: 0.179 Thread 0x00000165140eee20 Exception <a 'java/lang/ClassNotFoundException'{0x0000000623e24c78}: sun/awt/resources/spi/awtProvider> (0x0000000623e24c78) 
thrown [s\open\src\hotspot\share\classfile\systemDictionary.cpp, line 256]
Event: 0.216 Thread 0x00000165140eee20 Exception <a 'java/io/FileNotFoundException'{0x0000000623e7dee8}> (0x0000000623e7dee8) 
thrown [s\open\src\hotspot\share\prims\jni.cpp, line 516]
Event: 0.230 Thread 0x00000165140eee20 Exception <a 'java/io/FileNotFoundException'{0x0000000623eaaf48}> (0x0000000623eaaf48) 
thrown [s\open\src\hotspot\share\prims\jni.cpp, line 516]
Event: 0.284 Thread 0x00000165140eee20 Exception <a 'java/lang/NoSuchMethodError'{0x0000000623eeb0d0}: 'java.lang.Object java.lang.invoke.DirectMethodHandle$Holder.invokeStaticInit(java.lang.Object)'> (0x0000000623eeb0d0) 
thrown [s\open\src\hotspot\share\interpreter\linkResolver.cpp, line 759]
Event: 0.355 Thread 0x00000165140eee20 Exception <a 'java/lang/NoSuchMethodError'{0x0000000623f37bb0}: 'void java.lang.invoke.DirectMethodHandle$Holder.invokeSpecial(java.lang.Object, java.lang.Object, java.lang.Object)'> (0x0000000623f37bb0) 
thrown [s\open\src\hotspot\share\interpreter\linkResolver.cpp, line 759]
Event: 0.367 Thread 0x00000165140eee20 Exception <a 'java/lang/NoSuchMethodError'{0x0000000623fdce28}: 'java.lang.Object java.lang.invoke.DirectMethodHandle$Holder.newInvokeSpecial(java.lang.Object, java.lang.Object, java.lang.Object, java.lang.Object, java.lang.Object)'> (0x0000000623fdce28) 
thrown [s\open\src\hotspot\share\interpreter\linkResolver.cpp, line 759]
Event: 0.371 Thread 0x00000165140eee20 Exception <a 'java/lang/NoSuchMethodError'{0x0000000623fe87f0}: 'java.lang.Object java.lang.invoke.DirectMethodHandle$Holder.invokeStatic(java.lang.Object, int, java.lang.Object, java.lang.Object, java.lang.Object, java.lang.Object)'> (0x0000000623fe87f0) 
thrown [s\open\src\hotspot\share\interpreter\linkResolver.cpp, line 759]
Event: 0.378 Thread 0x00000165140eee20 Exception <a 'java/lang/NoSuchMethodError'{0x000000062380e558}: 'java.lang.Object java.lang.invoke.DirectMethodHandle$Holder.invokeStatic(java.lang.Object, int, java.lang.Object)'> (0x000000062380e558) 
thrown [s\open\src\hotspot\share\interpreter\linkResolver.cpp, line 759]
Event: 0.424 Thread 0x00000165140eee20 Exception <a 'java/lang/ClassNotFoundException'{0x00000006238c5ef8}: com/sun/swing/internal/plaf/metal/resources/spi/metalProvider> (0x00000006238c5ef8) 
thrown [s\open\src\hotspot\share\classfile\systemDictionary.cpp, line 256]
Event: 0.427 Thread 0x00000165140eee20 Exception <a 'java/lang/ClassNotFoundException'{0x00000006238cbb30}: com/sun/swing/internal/plaf/basic/resources/spi/basicProvider> (0x00000006238cbb30) 
thrown [s\open\src\hotspot\share\classfile\systemDictionary.cpp, line 256]
Event: 0.628 Thread 0x00000165843fcbb0 Exception <a 'java/lang/NoSuchMethodError'{0x0000000623f6c408}: 'void java.lang.invoke.DirectMethodHandle$Holder.invokeVirtual(java.lang.Object, java.lang.Object)'> (0x0000000623f6c408) 
thrown [s\open\src\hotspot\share\interpreter\linkResolver.cpp, line 759]
Event: 0.653 Thread 0x00000165140eee20 Exception <a 'java/lang/NoSuchMethodError'{0x0000000623538a30}: 'void java.lang.invoke.DirectMethodHandle$Holder.invokeStaticInit(java.lang.Object)'> (0x0000000623538a30) 
thrown [s\open\src\hotspot\share\interpreter\linkResolver.cpp, line 759]
Event: 2.161 Thread 0x00000165846b72c0 Exception <a 'java/lang/NoSuchMethodError'{0x00000006231f77e8}: 'java.lang.Object java.lang.invoke.DirectMethodHandle$Holder.newInvokeSpecial(java.lang.Object, java.lang.Object, java.lang.Object, int, int, int, int, int)'> (0x00000006231f77e8) 
thrown [s\open\src\hotspot\share\interpreter\linkResolver.cpp, line 759]

VM Operations (20 events):
Event: 32.410 Executing VM operation: Cleanup
Event: 32.410 Executing VM operation: Cleanup done
Event: 33.419 Executing VM operation: Cleanup
Event: 33.419 Executing VM operation: Cleanup done
Event: 34.424 Executing VM operation: Cleanup
Event: 34.424 Executing VM operation: Cleanup done
Event: 36.431 Executing VM operation: Cleanup
Event: 36.431 Executing VM operation: Cleanup done
Event: 60.147 Executing VM operation: HandshakeAllThreads
Event: 60.148 Executing VM operation: HandshakeAllThreads done
Event: 9746.703 Executing VM operation: Cleanup
Event: 9746.703 Executing VM operation: Cleanup done
Event: 11248.794 Executing VM operation: Cleanup
Event: 11248.794 Executing VM operation: Cleanup done
Event: 11250.810 Executing VM operation: Cleanup
Event: 11250.811 Executing VM operation: Cleanup done
Event: 11283.349 Executing VM operation: HandshakeAllThreads
Event: 11283.349 Executing VM operation: HandshakeAllThreads done
Event: 66539.781 Executing VM operation: Cleanup
Event: 66539.781 Executing VM operation: Cleanup done

Events (20 events):
Event: 20.761 Thread 0x0000016589d5e150 Thread added: 0x0000016589d5e150
Event: 20.762 Thread 0x0000016589d5e670 Thread added: 0x0000016589d5e670
Event: 20.762 Thread 0x0000016589d5efa0 Thread added: 0x0000016589d5efa0
Event: 21.558 Thread 0x000001658418a870 Thread added: 0x000001658418a870
Event: 21.737 Thread 0x000001658418a870 Thread exited: 0x000001658418a870
Event: 22.355 Thread 0x0000016589d5efa0 Thread exited: 0x0000016589d5efa0
Event: 22.356 Thread 0x0000016589d5e670 Thread exited: 0x0000016589d5e670
Event: 22.356 Thread 0x0000016589d5e150 Thread exited: 0x0000016589d5e150
Event: 27.060 loading class java/security/DomainCombiner
Event: 27.060 loading class java/security/DomainCombiner done
Event: 98497.638 loading class java/awt/desktop/SystemSleepListener
Event: 98497.638 loading class java/awt/desktop/SystemEventListener
Event: 98497.638 loading class java/awt/desktop/SystemEventListener done
Event: 98497.639 loading class java/awt/desktop/SystemSleepListener done
Event: 102586.771 loading class java/util/WeakHashMap$KeyIterator
Event: 102586.773 loading class java/util/WeakHashMap$HashIterator
Event: 102586.775 loading class java/util/WeakHashMap$HashIterator done
Event: 102586.775 loading class java/util/WeakHashMap$KeyIterator done
Event: 102586.822 loading class javax/swing/RepaintManager$DisplayChangedRunnable
Event: 102586.823 loading class javax/swing/RepaintManager$DisplayChangedRunnable done


Dynamic libraries:
0x00007ff67ba50000 - 0x00007ff67ba60000 	D:\programming\bin\java.exe
0x00007ffc64c50000 - 0x00007ffc64e67000 	C:\Windows\SYSTEM32\ntdll.dll
0x00007ffc63d30000 - 0x00007ffc63df4000 	C:\Windows\System32\KERNEL32.DLL
0x00007ffc621a0000 - 0x00007ffc62557000 	C:\Windows\System32\KERNELBASE.dll
0x00007ffc61fe0000 - 0x00007ffc620f1000 	C:\Windows\System32\ucrtbase.dll
0x00007ffc34700000 - 0x00007ffc34719000 	D:\programming\bin\jli.dll
0x00007ffc34720000 - 0x00007ffc3473b000 	D:\programming\bin\VCRUNTIME140.dll
0x00007ffc642e0000 - 0x00007ffc64392000 	C:\Windows\System32\ADVAPI32.dll
0x00007ffc62e60000 - 0x00007ffc62f07000 	C:\Windows\System32\msvcrt.dll
0x00007ffc62db0000 - 0x00007ffc62e58000 	C:\Windows\System32\sechost.dll
0x00007ffc628e0000 - 0x00007ffc62908000 	C:\Windows\System32\bcrypt.dll
0x00007ffc64130000 - 0x00007ffc64244000 	C:\Windows\System32\RPCRT4.dll
0x00007ffc63e00000 - 0x00007ffc63faf000 	C:\Windows\System32\USER32.dll
0x00007ffc626d0000 - 0x00007ffc626f6000 	C:\Windows\System32\win32u.dll
0x00007ffc62a00000 - 0x00007ffc62a29000 	C:\Windows\System32\GDI32.dll
0x00007ffc460c0000 - 0x00007ffc46353000 	C:\Windows\WinSxS\amd64_microsoft.windows.common-controls_6595b64144ccf1df_6.0.22621.3672_none_2713b9d173822955\COMCTL32.dll
0x00007ffc62700000 - 0x00007ffc62818000 	C:\Windows\System32\gdi32full.dll
0x00007ffc62100000 - 0x00007ffc6219a000 	C:\Windows\System32\msvcp_win.dll
0x00007ffc57360000 - 0x00007ffc5736a000 	C:\Windows\SYSTEM32\VERSION.dll
0x00007ffc63c80000 - 0x00007ffc63cb1000 	C:\Windows\System32\IMM32.DLL
0x00007ffc4e8e0000 - 0x00007ffc4e8ec000 	D:\programming\bin\vcruntime140_1.dll
0x00007ffc1b3e0000 - 0x00007ffc1b46e000 	D:\programming\bin\msvcp140.dll
0x00007ffbcda20000 - 0x00007ffbce600000 	D:\programming\bin\server\jvm.dll
0x00007ffc64500000 - 0x00007ffc64508000 	C:\Windows\System32\PSAPI.DLL
0x00007ffc40800000 - 0x00007ffc40809000 	C:\Windows\SYSTEM32\WSOCK32.dll
0x00007ffc56f40000 - 0x00007ffc56f74000 	C:\Windows\SYSTEM32\WINMM.dll
0x00007ffc640b0000 - 0x00007ffc64121000 	C:\Windows\System32\WS2_32.dll
0x00007ffc61060000 - 0x00007ffc61078000 	C:\Windows\SYSTEM32\kernel.appcore.dll
0x00007ffc4e8c0000 - 0x00007ffc4e8ca000 	D:\programming\bin\jimage.dll
0x00007ffc5f300000 - 0x00007ffc5f532000 	C:\Windows\SYSTEM32\DBGHELP.DLL
0x00007ffc64510000 - 0x00007ffc6489e000 	C:\Windows\System32\combase.dll
0x00007ffc64420000 - 0x00007ffc644f7000 	C:\Windows\System32\OLEAUT32.dll
0x00007ffc56f00000 - 0x00007ffc56f32000 	C:\Windows\SYSTEM32\dbgcore.DLL
0x00007ffc61f60000 - 0x00007ffc61fdb000 	C:\Windows\System32\bcryptPrimitives.dll
0x00007ffc30e50000 - 0x00007ffc30e75000 	D:\programming\bin\java.dll
0x00007ffc1b100000 - 0x00007ffc1b1d7000 	D:\programming\bin\jsvml.dll
0x00007ffc63410000 - 0x00007ffc63c79000 	C:\Windows\System32\SHELL32.dll
0x00007ffc5fe90000 - 0x00007ffc6078f000 	C:\Windows\SYSTEM32\windows.storage.dll
0x00007ffc5fd50000 - 0x00007ffc5fe8f000 	C:\Windows\SYSTEM32\wintypes.dll
0x00007ffc63fb0000 - 0x00007ffc640a9000 	C:\Windows\System32\SHCORE.dll
0x00007ffc62f30000 - 0x00007ffc62f8e000 	C:\Windows\System32\shlwapi.dll
0x00007ffc61e90000 - 0x00007ffc61eb7000 	C:\Windows\SYSTEM32\profapi.dll
0x00007ffbf3ed0000 - 0x00007ffbf4061000 	D:\programming\bin\awt.dll
0x00007ffc5abb0000 - 0x00007ffc5ac47000 	C:\Windows\SYSTEM32\apphelp.dll
0x00007ffc5c510000 - 0x00007ffc5c53b000 	C:\Windows\system32\DWMAPI.DLL
0x00007ffc5c230000 - 0x00007ffc5c2e1000 	C:\Windows\system32\uxtheme.dll
0x00007ffc1d070000 - 0x00007ffc1d170000 	C:\Windows\system32\opengl32.dll
0x00007ffc2e2b0000 - 0x00007ffc2e2dd000 	C:\Windows\SYSTEM32\GLU32.dll
0x00007ffc5f1d0000 - 0x00007ffc5f207000 	C:\Windows\SYSTEM32\dxcore.dll
0x00007ffc64ab0000 - 0x00007ffc64c10000 	C:\Windows\System32\MSCTF.dll
0x00007ffc648a0000 - 0x00007ffc64a45000 	C:\Windows\System32\ole32.dll
0x00007ffc34220000 - 0x00007ffc34238000 	D:\programming\bin\zip.dll
0x00007ffc18210000 - 0x00007ffc18297000 	D:\programming\bin\freetype.dll
0x00007ffc15550000 - 0x00007ffc15631000 	D:\programming\bin\fontmanager.dll
0x00007ffc56520000 - 0x00007ffc56663000 	C:\Windows\SYSTEM32\textinputframework.dll
0x00007ffc62d00000 - 0x00007ffc62db0000 	C:\Windows\System32\clbcatq.dll
0x00007ffc43320000 - 0x00007ffc4336b000 	C:\Windows\system32\ApplicationTargetedFeatureDatabase.dll
0x00007ffc54a60000 - 0x00007ffc54d02000 	C:\Windows\System32\twinapi.appcore.dll
0x00007ffc2c450000 - 0x00007ffc2c469000 	D:\programming\bin\net.dll
0x00007ffc5b470000 - 0x00007ffc5b5a6000 	C:\Windows\SYSTEM32\WINHTTP.dll
0x00007ffc614c0000 - 0x00007ffc61529000 	C:\Windows\system32\mswsock.dll
0x00007ffc2a480000 - 0x00007ffc2a496000 	D:\programming\bin\nio.dll
0x00007ffc5a6a0000 - 0x00007ffc5a7d3000 	C:\Windows\SYSTEM32\CoreMessaging.dll
0x00007ffc57d40000 - 0x00007ffc580ad000 	C:\Windows\SYSTEM32\CoreUIComponents.dll
0x00007ffc616c0000 - 0x00007ffc616cc000 	C:\Windows\SYSTEM32\CRYPTBASE.DLL

dbghelp: loaded successfully - version: 4.0.5 - missing functions: none
symbol engine: initialized successfully - sym options: 0x614 - pdb path: .;D:\programming\bin;C:\Windows\SYSTEM32;C:\Windows\WinSxS\amd64_microsoft.windows.common-controls_6595b64144ccf1df_6.0.22621.3672_none_2713b9d173822955;D:\programming\bin\server

VM Arguments:
jvm_args: -XX:+ShowCodeDetailsInExceptionMessages 
java_command: CBL.gitProject.MainMenu
java_class_path (initial): C:\Users\吴珅美\AppData\Roaming\Code\User\workspaceStorage\5e22b27d16c104cde7463f0815171bc1\redhat.java\jdt_ws\CBL-project_946773c8\bin
Launcher Type: SUN_STANDARD

[Global flags]
     intx CICompilerCount                          = 12                                        {product} {ergonomic}
     uint ConcGCThreads                            = 3                                         {product} {ergonomic}
     uint G1ConcRefinementThreads                  = 13                                        {product} {ergonomic}
   size_t G1HeapRegionSize                         = 4194304                                   {product} {ergonomic}
    uintx GCDrainStackTargetSize                   = 64                                        {product} {ergonomic}
   size_t InitialHeapSize                          = 532676608                                 {product} {ergonomic}
   size_t MarkStackSize                            = 4194304                                   {product} {ergonomic}
   size_t MaxHeapSize                              = 8518631424                                {product} {ergonomic}
   size_t MaxNewSize                               = 5108662272                                {product} {ergonomic}
   size_t MinHeapDeltaBytes                        = 4194304                                   {product} {ergonomic}
   size_t MinHeapSize                              = 8388608                                   {product} {ergonomic}
    uintx NonNMethodCodeHeapSize                   = 7602480                                {pd product} {ergonomic}
    uintx NonProfiledCodeHeapSize                  = 122027880                              {pd product} {ergonomic}
    uintx ProfiledCodeHeapSize                     = 122027880                              {pd product} {ergonomic}
    uintx ReservedCodeCacheSize                    = 251658240                              {pd product} {ergonomic}
     bool SegmentedCodeCache                       = true                                      {product} {ergonomic}
     bool ShowCodeDetailsInExceptionMessages       = true                                   {manageable} {command line}
   size_t SoftMaxHeapSize                          = 8518631424                             {manageable} {ergonomic}
     bool UseCompressedClassPointers               = true                           {product lp64_product} {ergonomic}
     bool UseCompressedOops                        = true                           {product lp64_product} {ergonomic}
     bool UseG1GC                                  = true                                      {product} {ergonomic}
     bool UseLargePagesIndividualAllocation        = false                                  {pd product} {ergonomic}

Logging:
Log output configuration:
 #0: stdout all=warning uptime,level,tags
 #1: stderr all=off uptime,level,tags

Environment Variables:
JAVA_HOME=D:\programming
CLASSPATH=.;D:\programming\lib\dt.jar;D:\programming\lib\tools.jar
PATH=C:\Program Files\PowerShell\7;C:\Program Files\Common Files\Oracle\Java\javapath;C:\Windows\system32;C:\Windows;C:\Windows\System32\Wbem;C:\Windows\System32\WindowsPowerShell\v1.0\;C:\Windows\System32\OpenSSH\;C:\Program Files (x86)\NVIDIA Corporation\PhysX\Common;C:\Program Files\NVIDIA Corporation\NVIDIA NvDLISR;D:\programming\bin;D:\programming\jre\bin;C:\Program Files\PowerShell\7\;D:\programming\Git\cmd;C:\Users\吴珅美\AppData\Local\Microsoft\WindowsApps;C:\Users\吴珅美\AppData\Local\Programs\Microsoft VS Code\bin;C:\Users\吴珅美\AppData\Local\GitHubDesktop\bin
USERNAME=吴珅美
LANG=en_US.UTF-8
OS=Windows_NT
PROCESSOR_IDENTIFIER=Intel64 Family 6 Model 186 Stepping 2, GenuineIntel



---------------  S Y S T E M  ---------------

OS:
 Windows 11 , 64 bit Build 22621 (10.0.22621.3958)
OS uptime: 5 days 2:36 hours
Hyper-V role detected

CPU: total 16 (initial active 16) (8 cores per cpu, 2 threads per core) family 6 model 186 stepping 2 microcode 0x410e, cx8, cmov, fxsr, ht, mmx, 3dnowpref, sse, sse2, sse3, ssse3, sse4.1, sse4.2, popcnt, lzcnt, tsc, tscinvbit, avx, avx2, aes, erms, clmul, bmi1, bmi2, adx, sha, fma, vzeroupper, clflush, clflushopt, clwb, hv

Memory: 4k page, system-wide physical 32491M (8179M free)
TotalPageFile size 58091M (AvailPageFile size 676M)
current process WorkingSet (physical memory assigned to process): 36M, peak: 168M
current process commit charge ("private bytes"): 632M, peak: 654M

vm_info: Java HotSpot(TM) 64-Bit Server VM (17.0.12+8-LTS-286) for windows-amd64 JRE (17.0.12+8-LTS-286), built on Jun  5 2024 06:46:59 by "mach5one" with MS VC++ 17.6 (VS2022)

END.
