#
# There is insufficient memory for the Java Runtime Environment to continue.
# Native memory allocation (mmap) failed to map 532676608 bytes for G1 virtual space
# Possible reasons:
#   The system is out of physical RAM or swap space
#   The process is running with CompressedOops enabled, and the Java Heap may be blocking the growth of the native heap
# Possible solutions:
#   Reduce memory load on the system
#   Increase physical memory or swap space
#   Check if swap backing store is full
#   Decrease Java heap size (-Xmx/-Xms)
#   Decrease number of Java threads
#   Decrease Java thread stack sizes (-Xss)
#   Set larger code cache with -XX:ReservedCodeCacheSize=
#   JVM is running with Zero Based Compressed Oops mode in which the Java heap is
#     placed in the first 32GB address space. The Java Heap base address is the
#     maximum limit for the native heap growth. Please use -XX:HeapBaseMinAddress
#     to set the Java Heap base and to place the Java Heap above 32GB virtual address.
# This output file may be truncated or incomplete.
#
#  Out of Memory Error (os_windows.cpp:3548), pid=8528, tid=19348
#
# JRE version:  (17.0.12+8) (build )
# Java VM: Java HotSpot(TM) 64-Bit Server VM (17.0.12+8-LTS-286, mixed mode, sharing, tiered, compressed oops, compressed class ptrs, g1 gc, windows-amd64)
# No core dump will be written. Minidumps are not enabled by default on client versions of Windows
#

---------------  S U M M A R Y ------------

Command Line: -XX:+ShowCodeDetailsInExceptionMessages CBL.gitProject.MainMenu

Host: 13th Gen Intel(R) Core(TM) i5-13500H, 16 cores, 31G,  Windows 11 , 64 bit Build 22621 (10.0.22621.3958)
Time: Tue Oct 15 00:02:28 2024  Windows 11 , 64 bit Build 22621 (10.0.22621.3958) elapsed time: 0.016610 seconds (0d 0h 0m 0s)

---------------  T H R E A D  ---------------

Current thread (0x0000020c4d2ff8a0):  JavaThread "Unknown thread" [_thread_in_vm, id=19348, stack(0x000000c086400000,0x000000c086500000)]

Stack: [0x000000c086400000,0x000000c086500000]
Native frames: (J=compiled Java code, j=interpreted, Vv=VM code, C=native code)
V  [jvm.dll+0x67a04a]
V  [jvm.dll+0x7da4ed]
V  [jvm.dll+0x7dbe33]
V  [jvm.dll+0x7dc4a3]
V  [jvm.dll+0x24508f]
V  [jvm.dll+0x677089]
V  [jvm.dll+0x66bd32]
V  [jvm.dll+0x301fa6]
V  [jvm.dll+0x309546]
V  [jvm.dll+0x359d2e]
V  [jvm.dll+0x359f5f]
V  [jvm.dll+0x2d9078]
V  [jvm.dll+0x2d9fe4]
V  [jvm.dll+0x7aca21]
V  [jvm.dll+0x367591]
V  [jvm.dll+0x78b999]
V  [jvm.dll+0x3ec83f]
V  [jvm.dll+0x3ee471]
C  [jli.dll+0x5297]
C  [ucrtbase.dll+0x29333]
C  [KERNEL32.DLL+0x1257d]
C  [ntdll.dll+0x5af08]


---------------  P R O C E S S  ---------------

Threads class SMR info:
_java_thread_list=0x00007ffbb0927a18, length=0, elements={
}

Java Threads: ( => current thread )

Other Threads:
  0x0000020c4d3b04a0 GCTaskThread "GC Thread#0" [stack: 0x000000c086500000,0x000000c086600000] [id=21440]
  0x0000020c4d3c10d0 ConcurrentGCThread "G1 Main Marker" [stack: 0x000000c086600000,0x000000c086700000] [id=18820]
  0x0000020c4d3c19f0 ConcurrentGCThread "G1 Conc#0" [stack: 0x000000c086700000,0x000000c086800000] [id=30984]

[error occurred during error reporting (printing all threads), id 0xc0000005, EXCEPTION_ACCESS_VIOLATION (0xc0000005) at pc=0x00007ffbb0159b67]

VM state: not at safepoint (not fully initialized)

VM Mutex/Monitor currently owned by a thread:  ([mutex/lock_event])
[0x0000020c4d2fc760] Heap_lock - owner thread: 0x0000020c4d2ff8a0

Heap address: 0x0000000604400000, size: 8124 MB, Compressed Oops mode: Zero based, Oop shift amount: 3

CDS archive(s) mapped at: [0x0000000000000000-0x0000000000000000-0x0000000000000000), size 0, SharedBaseAddress: 0x0000000800000000, ArchiveRelocationMode: 1.
Narrow klass base: 0x0000000000000000, Narrow klass shift: 0, Narrow klass range: 0x0

GC Precious Log:
<Empty>

Heap:
 garbage-first heap   total 0K, used 0K [0x0000000604400000, 0x0000000800000000)
  region size 4096K, 0 young (0K), 0 survivors (0K)

[error occurred during error reporting (printing heap information), id 0xc0000005, EXCEPTION_ACCESS_VIOLATION (0xc0000005) at pc=0x00007ffbb0543859]

GC Heap History (0 events):
No events

Deoptimization events (0 events):
No events

Classes unloaded (0 events):
No events

Classes redefined (0 events):
No events

Internal exceptions (0 events):
No events

VM Operations (0 events):
No events

Events (1 events):
Event: 0.010 Loaded shared library D:\programming\bin\java.dll


Dynamic libraries:
0x00007ff67ba50000 - 0x00007ff67ba60000 	D:\programming\bin\java.exe
0x00007ffc64c50000 - 0x00007ffc64e67000 	C:\Windows\SYSTEM32\ntdll.dll
0x00007ffc63d30000 - 0x00007ffc63df4000 	C:\Windows\System32\KERNEL32.DLL
0x00007ffc621a0000 - 0x00007ffc62557000 	C:\Windows\System32\KERNELBASE.dll
0x00007ffc61fe0000 - 0x00007ffc620f1000 	C:\Windows\System32\ucrtbase.dll
0x00007ffc5a7e0000 - 0x00007ffc5a7f9000 	D:\programming\bin\jli.dll
0x00007ffc642e0000 - 0x00007ffc64392000 	C:\Windows\System32\ADVAPI32.dll
0x00007ffc62e60000 - 0x00007ffc62f07000 	C:\Windows\System32\msvcrt.dll
0x00007ffc5a570000 - 0x00007ffc5a58b000 	D:\programming\bin\VCRUNTIME140.dll
0x00007ffc62db0000 - 0x00007ffc62e58000 	C:\Windows\System32\sechost.dll
0x00007ffc628e0000 - 0x00007ffc62908000 	C:\Windows\System32\bcrypt.dll
0x00007ffc64130000 - 0x00007ffc64244000 	C:\Windows\System32\RPCRT4.dll
0x00007ffc63e00000 - 0x00007ffc63faf000 	C:\Windows\System32\USER32.dll
0x00007ffc626d0000 - 0x00007ffc626f6000 	C:\Windows\System32\win32u.dll
0x00007ffc62a00000 - 0x00007ffc62a29000 	C:\Windows\System32\GDI32.dll
0x00007ffc460c0000 - 0x00007ffc46353000 	C:\Windows\WinSxS\amd64_microsoft.windows.common-controls_6595b64144ccf1df_6.0.22621.3672_none_2713b9d173822955\COMCTL32.dll
0x00007ffc62700000 - 0x00007ffc62818000 	C:\Windows\System32\gdi32full.dll
0x00007ffc62100000 - 0x00007ffc6219a000 	C:\Windows\System32\msvcp_win.dll
0x00007ffc57360000 - 0x00007ffc5736a000 	C:\Windows\SYSTEM32\VERSION.dll
0x00007ffc63c80000 - 0x00007ffc63cb1000 	C:\Windows\System32\IMM32.DLL
0x00007ffc5a560000 - 0x00007ffc5a56c000 	D:\programming\bin\vcruntime140_1.dll
0x00007ffc5a4d0000 - 0x00007ffc5a55e000 	D:\programming\bin\msvcp140.dll
0x00007ffbafe70000 - 0x00007ffbb0a50000 	D:\programming\bin\server\jvm.dll
0x00007ffc64500000 - 0x00007ffc64508000 	C:\Windows\System32\PSAPI.DLL
0x00007ffc40800000 - 0x00007ffc40809000 	C:\Windows\SYSTEM32\WSOCK32.dll
0x00007ffc56f40000 - 0x00007ffc56f74000 	C:\Windows\SYSTEM32\WINMM.dll
0x00007ffc640b0000 - 0x00007ffc64121000 	C:\Windows\System32\WS2_32.dll
0x00007ffc61060000 - 0x00007ffc61078000 	C:\Windows\SYSTEM32\kernel.appcore.dll
0x00007ffc5a4c0000 - 0x00007ffc5a4ca000 	D:\programming\bin\jimage.dll
0x00007ffc5f300000 - 0x00007ffc5f532000 	C:\Windows\SYSTEM32\DBGHELP.DLL
0x00007ffc64510000 - 0x00007ffc6489e000 	C:\Windows\System32\combase.dll
0x00007ffc64420000 - 0x00007ffc644f7000 	C:\Windows\System32\OLEAUT32.dll
0x00007ffc56f00000 - 0x00007ffc56f32000 	C:\Windows\SYSTEM32\dbgcore.DLL
0x00007ffc61f60000 - 0x00007ffc61fdb000 	C:\Windows\System32\bcryptPrimitives.dll
0x00007ffc5a2e0000 - 0x00007ffc5a305000 	D:\programming\bin\java.dll

dbghelp: loaded successfully - version: 4.0.5 - missing functions: none
symbol engine: initialized successfully - sym options: 0x614 - pdb path: .;D:\programming\bin;C:\Windows\SYSTEM32;C:\Windows\WinSxS\amd64_microsoft.windows.common-controls_6595b64144ccf1df_6.0.22621.3672_none_2713b9d173822955;D:\programming\bin\server

VM Arguments:
jvm_args: -XX:+ShowCodeDetailsInExceptionMessages 
java_command: CBL.gitProject.MainMenu
java_class_path (initial): C:\Users\吴珅美\AppData\Roaming\Code\User\workspaceStorage\5e22b27d16c104cde7463f0815171bc1\redhat.java\jdt_ws\CBL-project_946773c8\bin
Launcher Type: SUN_STANDARD

[Global flags]
     intx CICompilerCount                          = 12                                        {product} {ergonomic}
     uint ConcGCThreads                            = 3                                         {product} {ergonomic}
     uint G1ConcRefinementThreads                  = 13                                        {product} {ergonomic}
   size_t G1HeapRegionSize                         = 4194304                                   {product} {ergonomic}
    uintx GCDrainStackTargetSize                   = 64                                        {product} {ergonomic}
   size_t InitialHeapSize                          = 532676608                                 {product} {ergonomic}
   size_t MarkStackSize                            = 4194304                                   {product} {ergonomic}
   size_t MaxHeapSize                              = 8518631424                                {product} {ergonomic}
   size_t MinHeapDeltaBytes                        = 4194304                                   {product} {ergonomic}
   size_t MinHeapSize                              = 8388608                                   {product} {ergonomic}
    uintx NonNMethodCodeHeapSize                   = 7602480                                {pd product} {ergonomic}
    uintx NonProfiledCodeHeapSize                  = 122027880                              {pd product} {ergonomic}
    uintx ProfiledCodeHeapSize                     = 122027880                              {pd product} {ergonomic}
    uintx ReservedCodeCacheSize                    = 251658240                              {pd product} {ergonomic}
     bool SegmentedCodeCache                       = true                                      {product} {ergonomic}
     bool ShowCodeDetailsInExceptionMessages       = true                                   {manageable} {command line}
   size_t SoftMaxHeapSize                          = 8518631424                             {manageable} {ergonomic}
     bool UseCompressedClassPointers               = true                           {product lp64_product} {ergonomic}
     bool UseCompressedOops                        = true                           {product lp64_product} {ergonomic}
     bool UseG1GC                                  = true                                      {product} {ergonomic}
     bool UseLargePagesIndividualAllocation        = false                                  {pd product} {ergonomic}

Logging:
Log output configuration:
 #0: stdout all=warning uptime,level,tags
 #1: stderr all=off uptime,level,tags

Environment Variables:
JAVA_HOME=D:\programming
CLASSPATH=.;D:\programming\lib\dt.jar;D:\programming\lib\tools.jar
PATH=C:\Program Files\PowerShell\7;C:\Program Files\Common Files\Oracle\Java\javapath;C:\Windows\system32;C:\Windows;C:\Windows\System32\Wbem;C:\Windows\System32\WindowsPowerShell\v1.0\;C:\Windows\System32\OpenSSH\;C:\Program Files (x86)\NVIDIA Corporation\PhysX\Common;C:\Program Files\NVIDIA Corporation\NVIDIA NvDLISR;D:\programming\bin;D:\programming\jre\bin;C:\Program Files\PowerShell\7\;D:\programming\Git\cmd;C:\Users\吴珅美\AppData\Local\Microsoft\WindowsApps;C:\Users\吴珅美\AppData\Local\Programs\Microsoft VS Code\bin;C:\Users\吴珅美\AppData\Local\GitHubDesktop\bin
USERNAME=吴珅美
LANG=en_US.UTF-8
OS=Windows_NT
PROCESSOR_IDENTIFIER=Intel64 Family 6 Model 186 Stepping 2, GenuineIntel



---------------  S Y S T E M  ---------------

OS:
 Windows 11 , 64 bit Build 22621 (10.0.22621.3958)
OS uptime: 3 days 21:35 hours
Hyper-V role detected

CPU: total 16 (initial active 16) (8 cores per cpu, 2 threads per core) family 6 model 186 stepping 2 microcode 0x410e, cx8, cmov, fxsr, ht, mmx, 3dnowpref, sse, sse2, sse3, ssse3, sse4.1, sse4.2, popcnt, lzcnt, tsc, tscinvbit, avx, avx2, aes, erms, clmul, bmi1, bmi2, adx, sha, fma, vzeroupper, clflush, clflushopt, clwb, hv

Memory: 4k page, system-wide physical 32491M (7867M free)
TotalPageFile size 58091M (AvailPageFile size 461M)
current process WorkingSet (physical memory assigned to process): 12M, peak: 12M
current process commit charge ("private bytes"): 71M, peak: 579M

vm_info: Java HotSpot(TM) 64-Bit Server VM (17.0.12+8-LTS-286) for windows-amd64 JRE (17.0.12+8-LTS-286), built on Jun  5 2024 06:46:59 by "mach5one" with MS VC++ 17.6 (VS2022)

END.
